[03-Sep-2014 10:29:32+0100] #826888 System->Cannot find log file [20140917.log]->#0 C:\xampp\htdocs\tpad-panel\app\controllers\logger.php(42): Forge\Log::open('20140917.log')
#1 C:\xampp\htdocs\tpad-panel\app\controllers\logger.php(35): Logger::getLog('2014-09-17')
#2 C:\xampp\htdocs\tpad-panel\app\controllers\logger.php(16): Logger::getData()
#3 [internal function]: Logger::simple()
#4 C:\xampp\htdocs\tpad-panel\app\controllers\logger.php(8): call_user_func('self::simple')
#5 C:\xampp\htdocs\tpad-panel\app\routes.php(9): Logger::displayLogs('simple')
#6 [internal function]: Forge\Core::{closure}(Array)
#7 C:\xampp\htdocs\tpad-panel\forge\router.php(153): call_user_func(Object(Closure), Array)
#8 C:\xampp\htdocs\tpad-panel\forge\router.php(233): Forge\Router::route_page('~^logger/([^/]+...', Array)
#9 C:\xampp\htdocs\tpad-panel\forge\core.php(100): Forge\Router::call()
#10 C:\xampp\htdocs\tpad-panel\engine.php(111): Forge\Core::startup()
#11 C:\xampp\htdocs\tpad-panel\public\index.php(18): require_once('C:\xampp\htdocs...')
#12 {main}

[03-Sep-2014 11:20:42+0100] #766226 System->SQLSTATE[HY000] [2002] No connection could be made because the target machine actively refused it.
->#0 C:\xampp\htdocs\tpad-panel\vendor\illuminate\database\Illuminate\Database\Connectors\Connector.php(47): PDO->__construct('mysql:host=loca...', 'root', '', Array)
#1 C:\xampp\htdocs\tpad-panel\vendor\illuminate\database\Illuminate\Database\Connectors\MySqlConnector.php(20): Illuminate\Database\Connectors\Connector->createConnection('mysql:host=loca...', Array, Array)
#2 C:\xampp\htdocs\tpad-panel\vendor\illuminate\database\Illuminate\Database\Connectors\ConnectionFactory.php(59): Illuminate\Database\Connectors\MySqlConnector->connect(Array)
#3 C:\xampp\htdocs\tpad-panel\vendor\illuminate\database\Illuminate\Database\Connectors\ConnectionFactory.php(47): Illuminate\Database\Connectors\ConnectionFactory->createSingleConnection(Array)
#4 C:\xampp\htdocs\tpad-panel\vendor\illuminate\database\Illuminate\Database\DatabaseManager.php(127): Illuminate\Database\Connectors\ConnectionFactory->make(Array, 'default')
#5 C:\xampp\htdocs\tpad-panel\vendor\illuminate\database\Illuminate\Database\DatabaseManager.php(63): Illuminate\Database\DatabaseManager->makeConnection('default')
#6 C:\xampp\htdocs\tpad-panel\vendor\illuminate\database\Illuminate\Database\Eloquent\Model.php(2810): Illuminate\Database\DatabaseManager->connection(NULL)
#7 C:\xampp\htdocs\tpad-panel\vendor\illuminate\database\Illuminate\Database\Eloquent\Model.php(2776): Illuminate\Database\Eloquent\Model::resolveConnection(NULL)
#8 C:\xampp\htdocs\tpad-panel\vendor\illuminate\database\Illuminate\Database\Eloquent\Model.php(1791): Illuminate\Database\Eloquent\Model->getConnection()
#9 C:\xampp\htdocs\tpad-panel\vendor\illuminate\database\Illuminate\Database\Eloquent\Model.php(1714): Illuminate\Database\Eloquent\Model->newBaseQueryBuilder()
#10 C:\xampp\htdocs\tpad-panel\vendor\illuminate\database\Illuminate\Database\Eloquent\Model.php(2999): Illuminate\Database\Eloquent\Model->newQuery()
#11 [internal function]: Illuminate\Database\Eloquent\Model->__call('where', Array)
#12 [internal function]: Ad\Auth\User->where('username', '=', 'admin')
#13 C:\xampp\htdocs\tpad-panel\vendor\illuminate\database\Illuminate\Database\Eloquent\Model.php(3015): call_user_func_array(Array, Array)
#14 C:\xampp\htdocs\tpad-panel\app\libraries\api\auth.php(61): Illuminate\Database\Eloquent\Model::__callStatic('where', Array)
#15 C:\xampp\htdocs\tpad-panel\app\libraries\api\auth.php(61): Ad\Auth\User::where('username', '=', 'admin')
#16 C:\xampp\htdocs\tpad-panel\forge\auth.php(58): Api\Auth::attempt(Array)
#17 C:\xampp\htdocs\tpad-panel\app\controllers\login.php(12): Forge\Auth::attempt(Array)
#18 C:\xampp\htdocs\tpad-panel\app\controllers\panel.php(22): Login::index()
#19 C:\xampp\htdocs\tpad-panel\app\routes.php(5): Panel::index()
#20 [internal function]: Forge\Core::{closure}(NULL)
#21 C:\xampp\htdocs\tpad-panel\forge\router.php(153): call_user_func(Object(Closure), NULL)
#22 C:\xampp\htdocs\tpad-panel\forge\router.php(204): Forge\Router::route_page()
#23 C:\xampp\htdocs\tpad-panel\forge\core.php(100): Forge\Router::call()
#24 C:\xampp\htdocs\tpad-panel\engine.php(111): Forge\Core::startup()
#25 C:\xampp\htdocs\tpad-panel\public\index.php(18): require_once('C:\xampp\htdocs...')
#26 {main}

[03-Sep-2014 14:39:22+0100] #814831 System->SQLSTATE[HY000] [1045] Access denied for user 'root'@'localhost' (using password: YES)->#0 C:\xampp\htdocs\tpad-panel\vendor\illuminate\database\Illuminate\Database\Connectors\Connector.php(47): PDO->__construct('mysql:host=loca...', 'root', 'sophomore', Array)
#1 C:\xampp\htdocs\tpad-panel\vendor\illuminate\database\Illuminate\Database\Connectors\MySqlConnector.php(20): Illuminate\Database\Connectors\Connector->createConnection('mysql:host=loca...', Array, Array)
#2 C:\xampp\htdocs\tpad-panel\vendor\illuminate\database\Illuminate\Database\Connectors\ConnectionFactory.php(59): Illuminate\Database\Connectors\MySqlConnector->connect(Array)
#3 C:\xampp\htdocs\tpad-panel\vendor\illuminate\database\Illuminate\Database\Connectors\ConnectionFactory.php(47): Illuminate\Database\Connectors\ConnectionFactory->createSingleConnection(Array)
#4 C:\xampp\htdocs\tpad-panel\vendor\illuminate\database\Illuminate\Database\DatabaseManager.php(127): Illuminate\Database\Connectors\ConnectionFactory->make(Array, 'default')
#5 C:\xampp\htdocs\tpad-panel\vendor\illuminate\database\Illuminate\Database\DatabaseManager.php(63): Illuminate\Database\DatabaseManager->makeConnection('default')
#6 C:\xampp\htdocs\tpad-panel\vendor\illuminate\database\Illuminate\Database\Eloquent\Model.php(2810): Illuminate\Database\DatabaseManager->connection(NULL)
#7 C:\xampp\htdocs\tpad-panel\vendor\illuminate\database\Illuminate\Database\Eloquent\Model.php(2776): Illuminate\Database\Eloquent\Model::resolveConnection(NULL)
#8 C:\xampp\htdocs\tpad-panel\vendor\illuminate\database\Illuminate\Database\Eloquent\Model.php(1791): Illuminate\Database\Eloquent\Model->getConnection()
#9 C:\xampp\htdocs\tpad-panel\vendor\illuminate\database\Illuminate\Database\Eloquent\Model.php(1714): Illuminate\Database\Eloquent\Model->newBaseQueryBuilder()
#10 C:\xampp\htdocs\tpad-panel\vendor\illuminate\database\Illuminate\Database\Eloquent\Model.php(2999): Illuminate\Database\Eloquent\Model->newQuery()
#11 [internal function]: Illuminate\Database\Eloquent\Model->__call('where', Array)
#12 [internal function]: Ad\Auth\User->where('username', '=', 'admin')
#13 C:\xampp\htdocs\tpad-panel\vendor\illuminate\database\Illuminate\Database\Eloquent\Model.php(3015): call_user_func_array(Array, Array)
#14 C:\xampp\htdocs\tpad-panel\app\libraries\api\auth.php(61): Illuminate\Database\Eloquent\Model::__callStatic('where', Array)
#15 C:\xampp\htdocs\tpad-panel\app\libraries\api\auth.php(61): Ad\Auth\User::where('username', '=', 'admin')
#16 C:\xampp\htdocs\tpad-panel\forge\auth.php(58): Api\Auth::attempt(Array)
#17 C:\xampp\htdocs\tpad-panel\app\controllers\login.php(12): Forge\Auth::attempt(Array)
#18 C:\xampp\htdocs\tpad-panel\app\controllers\panel.php(22): Login::index()
#19 C:\xampp\htdocs\tpad-panel\app\routes.php(5): Panel::index()
#20 [internal function]: Forge\Core::{closure}(NULL)
#21 C:\xampp\htdocs\tpad-panel\forge\router.php(153): call_user_func(Object(Closure), NULL)
#22 C:\xampp\htdocs\tpad-panel\forge\router.php(204): Forge\Router::route_page()
#23 C:\xampp\htdocs\tpad-panel\forge\core.php(100): Forge\Router::call()
#24 C:\xampp\htdocs\tpad-panel\engine.php(111): Forge\Core::startup()
#25 C:\xampp\htdocs\tpad-panel\public\index.php(18): require_once('C:\xampp\htdocs...')
#26 {main}

[03-Sep-2014 14:40:16+0100] #821701 System->SQLSTATE[HY000] [1045] Access denied for user 'root'@'localhost' (using password: YES)->#0 C:\xampp\htdocs\tpad-panel\vendor\illuminate\database\Illuminate\Database\Connectors\Connector.php(47): PDO->__construct('mysql:host=loca...', 'root', 'sophomore', Array)
#1 C:\xampp\htdocs\tpad-panel\vendor\illuminate\database\Illuminate\Database\Connectors\MySqlConnector.php(20): Illuminate\Database\Connectors\Connector->createConnection('mysql:host=loca...', Array, Array)
#2 C:\xampp\htdocs\tpad-panel\vendor\illuminate\database\Illuminate\Database\Connectors\ConnectionFactory.php(59): Illuminate\Database\Connectors\MySqlConnector->connect(Array)
#3 C:\xampp\htdocs\tpad-panel\vendor\illuminate\database\Illuminate\Database\Connectors\ConnectionFactory.php(47): Illuminate\Database\Connectors\ConnectionFactory->createSingleConnection(Array)
#4 C:\xampp\htdocs\tpad-panel\vendor\illuminate\database\Illuminate\Database\DatabaseManager.php(127): Illuminate\Database\Connectors\ConnectionFactory->make(Array, 'default')
#5 C:\xampp\htdocs\tpad-panel\vendor\illuminate\database\Illuminate\Database\DatabaseManager.php(63): Illuminate\Database\DatabaseManager->makeConnection('default')
#6 C:\xampp\htdocs\tpad-panel\vendor\illuminate\database\Illuminate\Database\Eloquent\Model.php(2810): Illuminate\Database\DatabaseManager->connection(NULL)
#7 C:\xampp\htdocs\tpad-panel\vendor\illuminate\database\Illuminate\Database\Eloquent\Model.php(2776): Illuminate\Database\Eloquent\Model::resolveConnection(NULL)
#8 C:\xampp\htdocs\tpad-panel\vendor\illuminate\database\Illuminate\Database\Eloquent\Model.php(1791): Illuminate\Database\Eloquent\Model->getConnection()
#9 C:\xampp\htdocs\tpad-panel\vendor\illuminate\database\Illuminate\Database\Eloquent\Model.php(1714): Illuminate\Database\Eloquent\Model->newBaseQueryBuilder()
#10 C:\xampp\htdocs\tpad-panel\vendor\illuminate\database\Illuminate\Database\Eloquent\Model.php(2999): Illuminate\Database\Eloquent\Model->newQuery()
#11 [internal function]: Illuminate\Database\Eloquent\Model->__call('where', Array)
#12 [internal function]: Ad\Auth\User->where('username', '=', 'test')
#13 C:\xampp\htdocs\tpad-panel\vendor\illuminate\database\Illuminate\Database\Eloquent\Model.php(3015): call_user_func_array(Array, Array)
#14 C:\xampp\htdocs\tpad-panel\app\libraries\api\auth.php(61): Illuminate\Database\Eloquent\Model::__callStatic('where', Array)
#15 C:\xampp\htdocs\tpad-panel\app\libraries\api\auth.php(61): Ad\Auth\User::where('username', '=', 'test')
#16 C:\xampp\htdocs\tpad-panel\forge\auth.php(58): Api\Auth::attempt(Array)
#17 C:\xampp\htdocs\tpad-panel\app\controllers\login.php(12): Forge\Auth::attempt(Array)
#18 C:\xampp\htdocs\tpad-panel\app\controllers\panel.php(22): Login::index()
#19 C:\xampp\htdocs\tpad-panel\app\routes.php(5): Panel::index()
#20 [internal function]: Forge\Core::{closure}(NULL)
#21 C:\xampp\htdocs\tpad-panel\forge\router.php(153): call_user_func(Object(Closure), NULL)
#22 C:\xampp\htdocs\tpad-panel\forge\router.php(204): Forge\Router::route_page()
#23 C:\xampp\htdocs\tpad-panel\forge\core.php(100): Forge\Router::call()
#24 C:\xampp\htdocs\tpad-panel\engine.php(111): Forge\Core::startup()
#25 C:\xampp\htdocs\tpad-panel\public\index.php(18): require_once('C:\xampp\htdocs...')
#26 {main}

[03-Sep-2014 14:41:24+0100] #806390 System->SQLSTATE[42S02]: Base table or view not found: 1146 Table 'tpadpbx6.users' doesn't exist (SQL: select * from `users` where `username` = test and `password` = 1a87fa4c555b4f737da34034fdadfccc limit 1)->#0 C:\xampp\htdocs\tpad-panel\vendor\illuminate\database\Illuminate\Database\Connection.php(283): Illuminate\Database\Connection->run('select * from `...', Array, Object(Closure))
#1 C:\xampp\htdocs\tpad-panel\vendor\illuminate\database\Illuminate\Database\Query\Builder.php(1291): Illuminate\Database\Connection->select('select * from `...', Array)
#2 C:\xampp\htdocs\tpad-panel\vendor\illuminate\database\Illuminate\Database\Query\Builder.php(1281): Illuminate\Database\Query\Builder->runSelect()
#3 C:\xampp\htdocs\tpad-panel\vendor\illuminate\database\Illuminate\Database\Query\Builder.php(1268): Illuminate\Database\Query\Builder->getFresh(Array)
#4 C:\xampp\htdocs\tpad-panel\vendor\illuminate\database\Illuminate\Database\Eloquent\Builder.php(446): Illuminate\Database\Query\Builder->get(Array)
#5 C:\xampp\htdocs\tpad-panel\vendor\illuminate\database\Illuminate\Database\Eloquent\Builder.php(137): Illuminate\Database\Eloquent\Builder->getModels(Array)
#6 C:\xampp\htdocs\tpad-panel\vendor\illuminate\database\Illuminate\Database\Eloquent\Builder.php(111): Illuminate\Database\Eloquent\Builder->get(Array)
#7 C:\xampp\htdocs\tpad-panel\app\libraries\api\auth.php(61): Illuminate\Database\Eloquent\Builder->first()
#8 C:\xampp\htdocs\tpad-panel\forge\auth.php(58): Api\Auth::attempt(Array)
#9 C:\xampp\htdocs\tpad-panel\app\controllers\login.php(12): Forge\Auth::attempt(Array)
#10 C:\xampp\htdocs\tpad-panel\app\controllers\panel.php(22): Login::index()
#11 C:\xampp\htdocs\tpad-panel\app\routes.php(5): Panel::index()
#12 [internal function]: Forge\Core::{closure}(NULL)
#13 C:\xampp\htdocs\tpad-panel\forge\router.php(153): call_user_func(Object(Closure), NULL)
#14 C:\xampp\htdocs\tpad-panel\forge\router.php(204): Forge\Router::route_page()
#15 C:\xampp\htdocs\tpad-panel\forge\core.php(100): Forge\Router::call()
#16 C:\xampp\htdocs\tpad-panel\engine.php(111): Forge\Core::startup()
#17 C:\xampp\htdocs\tpad-panel\public\index.php(18): require_once('C:\xampp\htdocs...')
#18 {main}

