[22-Sep-2014 09:11:35+0100] #399513 System->call_user_func() expects parameter 1 to be a valid callback, class '\img' not found->#0 [internal function]: {closure}(2, 'call_user_func(...', 'C:\xampp\htdocs...', 14, Array)
#1 C:\xampp\htdocs\forge2_tpad_web\app\controllers\main.php(14): call_user_func('\img::favicon.i...')
#2 C:\xampp\htdocs\forge2_tpad_web\app\controllers\main.php(29): Main::call(Array)
#3 C:\xampp\htdocs\forge2_tpad_web\app\routes.php(5): Main::show(Array)
#4 [internal function]: Forge\Core::{closure}(Array)
#5 C:\xampp\htdocs\forge2_tpad_web\forge\router.php(153): call_user_func(Object(Closure), Array)
#6 C:\xampp\htdocs\forge2_tpad_web\forge\router.php(233): Forge\Router::route_page('~^([^/]+)/([^/]...', Array)
#7 C:\xampp\htdocs\forge2_tpad_web\forge\core.php(100): Forge\Router::call()
#8 C:\xampp\htdocs\forge2_tpad_web\engine.php(111): Forge\Core::startup()
#9 C:\xampp\htdocs\forge2_tpad_web\public\index.php(18): require_once('C:\xampp\htdocs...')
#10 {main}

[22-Sep-2014 09:11:37+0100] #425376 System->call_user_func() expects parameter 1 to be a valid callback, class '\img' not found->#0 [internal function]: {closure}(2, 'call_user_func(...', 'C:\xampp\htdocs...', 14, Array)
#1 C:\xampp\htdocs\forge2_tpad_web\app\controllers\main.php(14): call_user_func('\img::favicon.i...')
#2 C:\xampp\htdocs\forge2_tpad_web\app\controllers\main.php(29): Main::call(Array)
#3 C:\xampp\htdocs\forge2_tpad_web\app\routes.php(5): Main::show(Array)
#4 [internal function]: Forge\Core::{closure}(Array)
#5 C:\xampp\htdocs\forge2_tpad_web\forge\router.php(153): call_user_func(Object(Closure), Array)
#6 C:\xampp\htdocs\forge2_tpad_web\forge\router.php(233): Forge\Router::route_page('~^([^/]+)/([^/]...', Array)
#7 C:\xampp\htdocs\forge2_tpad_web\forge\core.php(100): Forge\Router::call()
#8 C:\xampp\htdocs\forge2_tpad_web\engine.php(111): Forge\Core::startup()
#9 C:\xampp\htdocs\forge2_tpad_web\public\index.php(18): require_once('C:\xampp\htdocs...')
#10 {main}

[22-Sep-2014 09:28:14+0100] #443093 System->call_user_func() expects parameter 1 to be a valid callback, class '\favicon.ico' not found->#0 [internal function]: {closure}(2, 'call_user_func(...', 'C:\xampp\htdocs...', 14, Array)
#1 C:\xampp\htdocs\forge2_tpad_web\app\controllers\main.php(14): call_user_func('\favicon.ico::i...')
#2 C:\xampp\htdocs\forge2_tpad_web\app\controllers\main.php(29): Main::call(Array)
#3 C:\xampp\htdocs\forge2_tpad_web\app\routes.php(5): Main::show(Array)
#4 [internal function]: Forge\Core::{closure}(Array)
#5 C:\xampp\htdocs\forge2_tpad_web\forge\router.php(153): call_user_func(Object(Closure), Array)
#6 C:\xampp\htdocs\forge2_tpad_web\forge\router.php(233): Forge\Router::route_page('~^([^/]+)$~', Array)
#7 C:\xampp\htdocs\forge2_tpad_web\forge\core.php(100): Forge\Router::call()
#8 C:\xampp\htdocs\forge2_tpad_web\engine.php(111): Forge\Core::startup()
#9 C:\xampp\htdocs\forge2_tpad_web\public\index.php(18): require_once('C:\xampp\htdocs...')
#10 {main}

[22-Sep-2014 09:28:30+0100] #410558 System->call_user_func() expects parameter 1 to be a valid callback, class '\favicon.ico' not found->#0 [internal function]: {closure}(2, 'call_user_func(...', 'C:\xampp\htdocs...', 14, Array)
#1 C:\xampp\htdocs\forge2_tpad_web\app\controllers\main.php(14): call_user_func('\favicon.ico::i...')
#2 C:\xampp\htdocs\forge2_tpad_web\app\controllers\main.php(29): Main::call(Array)
#3 C:\xampp\htdocs\forge2_tpad_web\app\routes.php(5): Main::show(Array)
#4 [internal function]: Forge\Core::{closure}(Array)
#5 C:\xampp\htdocs\forge2_tpad_web\forge\router.php(153): call_user_func(Object(Closure), Array)
#6 C:\xampp\htdocs\forge2_tpad_web\forge\router.php(233): Forge\Router::route_page('~^([^/]+)$~', Array)
#7 C:\xampp\htdocs\forge2_tpad_web\forge\core.php(100): Forge\Router::call()
#8 C:\xampp\htdocs\forge2_tpad_web\engine.php(111): Forge\Core::startup()
#9 C:\xampp\htdocs\forge2_tpad_web\public\index.php(18): require_once('C:\xampp\htdocs...')
#10 {main}

[22-Sep-2014 09:29:06+0100] #400320 System->call_user_func() expects parameter 1 to be a valid callback, class '\favicon.ico' not found->#0 [internal function]: {closure}(2, 'call_user_func(...', 'C:\xampp\htdocs...', 14, Array)
#1 C:\xampp\htdocs\forge2_tpad_web\app\controllers\main.php(14): call_user_func('\favicon.ico::i...')
#2 C:\xampp\htdocs\forge2_tpad_web\app\controllers\main.php(29): Main::call(Array)
#3 C:\xampp\htdocs\forge2_tpad_web\app\routes.php(5): Main::show(Array)
#4 [internal function]: Forge\Core::{closure}(Array)
#5 C:\xampp\htdocs\forge2_tpad_web\forge\router.php(153): call_user_func(Object(Closure), Array)
#6 C:\xampp\htdocs\forge2_tpad_web\forge\router.php(233): Forge\Router::route_page('~^([^/]+)$~', Array)
#7 C:\xampp\htdocs\forge2_tpad_web\forge\core.php(100): Forge\Router::call()
#8 C:\xampp\htdocs\forge2_tpad_web\engine.php(111): Forge\Core::startup()
#9 C:\xampp\htdocs\forge2_tpad_web\public\index.php(18): require_once('C:\xampp\htdocs...')
#10 {main}

[22-Sep-2014 09:54:23+0100] #438436 System->call_user_func() expects parameter 1 to be a valid callback, class '\img' not found->#0 [internal function]: {closure}(2, 'call_user_func(...', 'C:\xampp\htdocs...', 14, Array)
#1 C:\xampp\htdocs\forge2_tpad_web\app\controllers\main.php(14): call_user_func('\img::favicon.i...')
#2 C:\xampp\htdocs\forge2_tpad_web\app\controllers\main.php(29): Main::call(Array)
#3 C:\xampp\htdocs\forge2_tpad_web\app\routes.php(5): Main::show(Array)
#4 [internal function]: Forge\Core::{closure}(Array)
#5 C:\xampp\htdocs\forge2_tpad_web\forge\router.php(153): call_user_func(Object(Closure), Array)
#6 C:\xampp\htdocs\forge2_tpad_web\forge\router.php(233): Forge\Router::route_page('~^([^/]+)/([^/]...', Array)
#7 C:\xampp\htdocs\forge2_tpad_web\forge\core.php(100): Forge\Router::call()
#8 C:\xampp\htdocs\forge2_tpad_web\engine.php(111): Forge\Core::startup()
#9 C:\xampp\htdocs\forge2_tpad_web\public\index.php(18): require_once('C:\xampp\htdocs...')
#10 {main}

[22-Sep-2014 09:54:25+0100] #391683 System->call_user_func() expects parameter 1 to be a valid callback, class '\img' not found->#0 [internal function]: {closure}(2, 'call_user_func(...', 'C:\xampp\htdocs...', 14, Array)
#1 C:\xampp\htdocs\forge2_tpad_web\app\controllers\main.php(14): call_user_func('\img::favicon.i...')
#2 C:\xampp\htdocs\forge2_tpad_web\app\controllers\main.php(29): Main::call(Array)
#3 C:\xampp\htdocs\forge2_tpad_web\app\routes.php(5): Main::show(Array)
#4 [internal function]: Forge\Core::{closure}(Array)
#5 C:\xampp\htdocs\forge2_tpad_web\forge\router.php(153): call_user_func(Object(Closure), Array)
#6 C:\xampp\htdocs\forge2_tpad_web\forge\router.php(233): Forge\Router::route_page('~^([^/]+)/([^/]...', Array)
#7 C:\xampp\htdocs\forge2_tpad_web\forge\core.php(100): Forge\Router::call()
#8 C:\xampp\htdocs\forge2_tpad_web\engine.php(111): Forge\Core::startup()
#9 C:\xampp\htdocs\forge2_tpad_web\public\index.php(18): require_once('C:\xampp\htdocs...')
#10 {main}

[22-Sep-2014 09:54:26+0100] #474154 System->call_user_func() expects parameter 1 to be a valid callback, class '\img' not found->#0 [internal function]: {closure}(2, 'call_user_func(...', 'C:\xampp\htdocs...', 14, Array)
#1 C:\xampp\htdocs\forge2_tpad_web\app\controllers\main.php(14): call_user_func('\img::favicon.i...')
#2 C:\xampp\htdocs\forge2_tpad_web\app\controllers\main.php(29): Main::call(Array)
#3 C:\xampp\htdocs\forge2_tpad_web\app\routes.php(5): Main::show(Array)
#4 [internal function]: Forge\Core::{closure}(Array)
#5 C:\xampp\htdocs\forge2_tpad_web\forge\router.php(153): call_user_func(Object(Closure), Array)
#6 C:\xampp\htdocs\forge2_tpad_web\forge\router.php(233): Forge\Router::route_page('~^([^/]+)/([^/]...', Array)
#7 C:\xampp\htdocs\forge2_tpad_web\forge\core.php(100): Forge\Router::call()
#8 C:\xampp\htdocs\forge2_tpad_web\engine.php(111): Forge\Core::startup()
#9 C:\xampp\htdocs\forge2_tpad_web\public\index.php(18): require_once('C:\xampp\htdocs...')
#10 {main}

[22-Sep-2014 09:54:40+0100] #407561 System->call_user_func() expects parameter 1 to be a valid callback, class '\favicon.ico' not found->#0 [internal function]: {closure}(2, 'call_user_func(...', 'C:\xampp\htdocs...', 14, Array)
#1 C:\xampp\htdocs\forge2_tpad_web\app\controllers\main.php(14): call_user_func('\favicon.ico::i...')
#2 C:\xampp\htdocs\forge2_tpad_web\app\controllers\main.php(29): Main::call(Array)
#3 C:\xampp\htdocs\forge2_tpad_web\app\routes.php(5): Main::show(Array)
#4 [internal function]: Forge\Core::{closure}(Array)
#5 C:\xampp\htdocs\forge2_tpad_web\forge\router.php(153): call_user_func(Object(Closure), Array)
#6 C:\xampp\htdocs\forge2_tpad_web\forge\router.php(233): Forge\Router::route_page('~^([^/]+)$~', Array)
#7 C:\xampp\htdocs\forge2_tpad_web\forge\core.php(100): Forge\Router::call()
#8 C:\xampp\htdocs\forge2_tpad_web\engine.php(111): Forge\Core::startup()
#9 C:\xampp\htdocs\forge2_tpad_web\public\index.php(18): require_once('C:\xampp\htdocs...')
#10 {main}

[22-Sep-2014 09:54:46+0100] #474689 System->call_user_func() expects parameter 1 to be a valid callback, class '\img' not found->#0 [internal function]: {closure}(2, 'call_user_func(...', 'C:\xampp\htdocs...', 14, Array)
#1 C:\xampp\htdocs\forge2_tpad_web\app\controllers\main.php(14): call_user_func('\img::favicon.i...')
#2 C:\xampp\htdocs\forge2_tpad_web\app\controllers\main.php(29): Main::call(Array)
#3 C:\xampp\htdocs\forge2_tpad_web\app\routes.php(5): Main::show(Array)
#4 [internal function]: Forge\Core::{closure}(Array)
#5 C:\xampp\htdocs\forge2_tpad_web\forge\router.php(153): call_user_func(Object(Closure), Array)
#6 C:\xampp\htdocs\forge2_tpad_web\forge\router.php(233): Forge\Router::route_page('~^([^/]+)/([^/]...', Array)
#7 C:\xampp\htdocs\forge2_tpad_web\forge\core.php(100): Forge\Router::call()
#8 C:\xampp\htdocs\forge2_tpad_web\engine.php(111): Forge\Core::startup()
#9 C:\xampp\htdocs\forge2_tpad_web\public\index.php(18): require_once('C:\xampp\htdocs...')
#10 {main}

[22-Sep-2014 09:54:52+0100] #465908 System->call_user_func() expects parameter 1 to be a valid callback, class '\img' not found->#0 [internal function]: {closure}(2, 'call_user_func(...', 'C:\xampp\htdocs...', 14, Array)
#1 C:\xampp\htdocs\forge2_tpad_web\app\controllers\main.php(14): call_user_func('\img::favicon.i...')
#2 C:\xampp\htdocs\forge2_tpad_web\app\controllers\main.php(29): Main::call(Array)
#3 C:\xampp\htdocs\forge2_tpad_web\app\routes.php(5): Main::show(Array)
#4 [internal function]: Forge\Core::{closure}(Array)
#5 C:\xampp\htdocs\forge2_tpad_web\forge\router.php(153): call_user_func(Object(Closure), Array)
#6 C:\xampp\htdocs\forge2_tpad_web\forge\router.php(233): Forge\Router::route_page('~^([^/]+)/([^/]...', Array)
#7 C:\xampp\htdocs\forge2_tpad_web\forge\core.php(100): Forge\Router::call()
#8 C:\xampp\htdocs\forge2_tpad_web\engine.php(111): Forge\Core::startup()
#9 C:\xampp\htdocs\forge2_tpad_web\public\index.php(18): require_once('C:\xampp\htdocs...')
#10 {main}

[22-Sep-2014 09:55:22+0100] #427581 System->call_user_func() expects parameter 1 to be a valid callback, class '\img' not found->#0 [internal function]: {closure}(2, 'call_user_func(...', 'C:\xampp\htdocs...', 14, Array)
#1 C:\xampp\htdocs\forge2_tpad_web\app\controllers\main.php(14): call_user_func('\img::favicon.i...')
#2 C:\xampp\htdocs\forge2_tpad_web\app\controllers\main.php(29): Main::call(Array)
#3 C:\xampp\htdocs\forge2_tpad_web\app\routes.php(5): Main::show(Array)
#4 [internal function]: Forge\Core::{closure}(Array)
#5 C:\xampp\htdocs\forge2_tpad_web\forge\router.php(153): call_user_func(Object(Closure), Array)
#6 C:\xampp\htdocs\forge2_tpad_web\forge\router.php(233): Forge\Router::route_page('~^([^/]+)/([^/]...', Array)
#7 C:\xampp\htdocs\forge2_tpad_web\forge\core.php(100): Forge\Router::call()
#8 C:\xampp\htdocs\forge2_tpad_web\engine.php(111): Forge\Core::startup()
#9 C:\xampp\htdocs\forge2_tpad_web\public\index.php(18): require_once('C:\xampp\htdocs...')
#10 {main}

[22-Sep-2014 09:55:36+0100] #389117 System->call_user_func() expects parameter 1 to be a valid callback, class '\img' not found->#0 [internal function]: {closure}(2, 'call_user_func(...', 'C:\xampp\htdocs...', 14, Array)
#1 C:\xampp\htdocs\forge2_tpad_web\app\controllers\main.php(14): call_user_func('\img::favicon.i...')
#2 C:\xampp\htdocs\forge2_tpad_web\app\controllers\main.php(29): Main::call(Array)
#3 C:\xampp\htdocs\forge2_tpad_web\app\routes.php(5): Main::show(Array)
#4 [internal function]: Forge\Core::{closure}(Array)
#5 C:\xampp\htdocs\forge2_tpad_web\forge\router.php(153): call_user_func(Object(Closure), Array)
#6 C:\xampp\htdocs\forge2_tpad_web\forge\router.php(233): Forge\Router::route_page('~^([^/]+)/([^/]...', Array)
#7 C:\xampp\htdocs\forge2_tpad_web\forge\core.php(100): Forge\Router::call()
#8 C:\xampp\htdocs\forge2_tpad_web\engine.php(111): Forge\Core::startup()
#9 C:\xampp\htdocs\forge2_tpad_web\public\index.php(18): require_once('C:\xampp\htdocs...')
#10 {main}

[22-Sep-2014 09:55:47+0100] #469110 System->call_user_func() expects parameter 1 to be a valid callback, class '\img' not found->#0 [internal function]: {closure}(2, 'call_user_func(...', 'C:\xampp\htdocs...', 14, Array)
#1 C:\xampp\htdocs\forge2_tpad_web\app\controllers\main.php(14): call_user_func('\img::favicon.i...')
#2 C:\xampp\htdocs\forge2_tpad_web\app\controllers\main.php(29): Main::call(Array)
#3 C:\xampp\htdocs\forge2_tpad_web\app\routes.php(5): Main::show(Array)
#4 [internal function]: Forge\Core::{closure}(Array)
#5 C:\xampp\htdocs\forge2_tpad_web\forge\router.php(153): call_user_func(Object(Closure), Array)
#6 C:\xampp\htdocs\forge2_tpad_web\forge\router.php(233): Forge\Router::route_page('~^([^/]+)/([^/]...', Array)
#7 C:\xampp\htdocs\forge2_tpad_web\forge\core.php(100): Forge\Router::call()
#8 C:\xampp\htdocs\forge2_tpad_web\engine.php(111): Forge\Core::startup()
#9 C:\xampp\htdocs\forge2_tpad_web\public\index.php(18): require_once('C:\xampp\htdocs...')
#10 {main}

[22-Sep-2014 09:55:52+0100] #454102 System->call_user_func() expects parameter 1 to be a valid callback, class '\img' not found->#0 [internal function]: {closure}(2, 'call_user_func(...', 'C:\xampp\htdocs...', 14, Array)
#1 C:\xampp\htdocs\forge2_tpad_web\app\controllers\main.php(14): call_user_func('\img::favicon.i...')
#2 C:\xampp\htdocs\forge2_tpad_web\app\controllers\main.php(29): Main::call(Array)
#3 C:\xampp\htdocs\forge2_tpad_web\app\routes.php(5): Main::show(Array)
#4 [internal function]: Forge\Core::{closure}(Array)
#5 C:\xampp\htdocs\forge2_tpad_web\forge\router.php(153): call_user_func(Object(Closure), Array)
#6 C:\xampp\htdocs\forge2_tpad_web\forge\router.php(233): Forge\Router::route_page('~^([^/]+)/([^/]...', Array)
#7 C:\xampp\htdocs\forge2_tpad_web\forge\core.php(100): Forge\Router::call()
#8 C:\xampp\htdocs\forge2_tpad_web\engine.php(111): Forge\Core::startup()
#9 C:\xampp\htdocs\forge2_tpad_web\public\index.php(18): require_once('C:\xampp\htdocs...')
#10 {main}

[22-Sep-2014 09:55:57+0100] #444054 System->call_user_func() expects parameter 1 to be a valid callback, class '\img' not found->#0 [internal function]: {closure}(2, 'call_user_func(...', 'C:\xampp\htdocs...', 14, Array)
#1 C:\xampp\htdocs\forge2_tpad_web\app\controllers\main.php(14): call_user_func('\img::favicon.i...')
#2 C:\xampp\htdocs\forge2_tpad_web\app\controllers\main.php(29): Main::call(Array)
#3 C:\xampp\htdocs\forge2_tpad_web\app\routes.php(5): Main::show(Array)
#4 [internal function]: Forge\Core::{closure}(Array)
#5 C:\xampp\htdocs\forge2_tpad_web\forge\router.php(153): call_user_func(Object(Closure), Array)
#6 C:\xampp\htdocs\forge2_tpad_web\forge\router.php(233): Forge\Router::route_page('~^([^/]+)/([^/]...', Array)
#7 C:\xampp\htdocs\forge2_tpad_web\forge\core.php(100): Forge\Router::call()
#8 C:\xampp\htdocs\forge2_tpad_web\engine.php(111): Forge\Core::startup()
#9 C:\xampp\htdocs\forge2_tpad_web\public\index.php(18): require_once('C:\xampp\htdocs...')
#10 {main}

[22-Sep-2014 09:56:11+0100] #454582 System->call_user_func() expects parameter 1 to be a valid callback, class '\img' not found->#0 [internal function]: {closure}(2, 'call_user_func(...', 'C:\xampp\htdocs...', 14, Array)
#1 C:\xampp\htdocs\forge2_tpad_web\app\controllers\main.php(14): call_user_func('\img::favicon.i...')
#2 C:\xampp\htdocs\forge2_tpad_web\app\controllers\main.php(29): Main::call(Array)
#3 C:\xampp\htdocs\forge2_tpad_web\app\routes.php(5): Main::show(Array)
#4 [internal function]: Forge\Core::{closure}(Array)
#5 C:\xampp\htdocs\forge2_tpad_web\forge\router.php(153): call_user_func(Object(Closure), Array)
#6 C:\xampp\htdocs\forge2_tpad_web\forge\router.php(233): Forge\Router::route_page('~^([^/]+)/([^/]...', Array)
#7 C:\xampp\htdocs\forge2_tpad_web\forge\core.php(100): Forge\Router::call()
#8 C:\xampp\htdocs\forge2_tpad_web\engine.php(111): Forge\Core::startup()
#9 C:\xampp\htdocs\forge2_tpad_web\public\index.php(18): require_once('C:\xampp\htdocs...')
#10 {main}

[22-Sep-2014 09:56:13+0100] #397347 System->call_user_func() expects parameter 1 to be a valid callback, class '\img' not found->#0 [internal function]: {closure}(2, 'call_user_func(...', 'C:\xampp\htdocs...', 14, Array)
#1 C:\xampp\htdocs\forge2_tpad_web\app\controllers\main.php(14): call_user_func('\img::favicon.i...')
#2 C:\xampp\htdocs\forge2_tpad_web\app\controllers\main.php(29): Main::call(Array)
#3 C:\xampp\htdocs\forge2_tpad_web\app\routes.php(5): Main::show(Array)
#4 [internal function]: Forge\Core::{closure}(Array)
#5 C:\xampp\htdocs\forge2_tpad_web\forge\router.php(153): call_user_func(Object(Closure), Array)
#6 C:\xampp\htdocs\forge2_tpad_web\forge\router.php(233): Forge\Router::route_page('~^([^/]+)/([^/]...', Array)
#7 C:\xampp\htdocs\forge2_tpad_web\forge\core.php(100): Forge\Router::call()
#8 C:\xampp\htdocs\forge2_tpad_web\engine.php(111): Forge\Core::startup()
#9 C:\xampp\htdocs\forge2_tpad_web\public\index.php(18): require_once('C:\xampp\htdocs...')
#10 {main}

[22-Sep-2014 09:56:13+0100] #459396 System->call_user_func() expects parameter 1 to be a valid callback, class '\img' not found->#0 [internal function]: {closure}(2, 'call_user_func(...', 'C:\xampp\htdocs...', 14, Array)
#1 C:\xampp\htdocs\forge2_tpad_web\app\controllers\main.php(14): call_user_func('\img::favicon.i...')
#2 C:\xampp\htdocs\forge2_tpad_web\app\controllers\main.php(29): Main::call(Array)
#3 C:\xampp\htdocs\forge2_tpad_web\app\routes.php(5): Main::show(Array)
#4 [internal function]: Forge\Core::{closure}(Array)
#5 C:\xampp\htdocs\forge2_tpad_web\forge\router.php(153): call_user_func(Object(Closure), Array)
#6 C:\xampp\htdocs\forge2_tpad_web\forge\router.php(233): Forge\Router::route_page('~^([^/]+)/([^/]...', Array)
#7 C:\xampp\htdocs\forge2_tpad_web\forge\core.php(100): Forge\Router::call()
#8 C:\xampp\htdocs\forge2_tpad_web\engine.php(111): Forge\Core::startup()
#9 C:\xampp\htdocs\forge2_tpad_web\public\index.php(18): require_once('C:\xampp\htdocs...')
#10 {main}

[22-Sep-2014 09:56:14+0100] #434667 System->call_user_func() expects parameter 1 to be a valid callback, class '\img' not found->#0 [internal function]: {closure}(2, 'call_user_func(...', 'C:\xampp\htdocs...', 14, Array)
#1 C:\xampp\htdocs\forge2_tpad_web\app\controllers\main.php(14): call_user_func('\img::favicon.i...')
#2 C:\xampp\htdocs\forge2_tpad_web\app\controllers\main.php(29): Main::call(Array)
#3 C:\xampp\htdocs\forge2_tpad_web\app\routes.php(5): Main::show(Array)
#4 [internal function]: Forge\Core::{closure}(Array)
#5 C:\xampp\htdocs\forge2_tpad_web\forge\router.php(153): call_user_func(Object(Closure), Array)
#6 C:\xampp\htdocs\forge2_tpad_web\forge\router.php(233): Forge\Router::route_page('~^([^/]+)/([^/]...', Array)
#7 C:\xampp\htdocs\forge2_tpad_web\forge\core.php(100): Forge\Router::call()
#8 C:\xampp\htdocs\forge2_tpad_web\engine.php(111): Forge\Core::startup()
#9 C:\xampp\htdocs\forge2_tpad_web\public\index.php(18): require_once('C:\xampp\htdocs...')
#10 {main}

[22-Sep-2014 09:56:15+0100] #419790 System->call_user_func() expects parameter 1 to be a valid callback, class '\link' not found->#0 [internal function]: {closure}(2, 'call_user_func(...', 'C:\xampp\htdocs...', 14, Array)
#1 C:\xampp\htdocs\forge2_tpad_web\app\controllers\main.php(14): call_user_func('\link::index')
#2 C:\xampp\htdocs\forge2_tpad_web\app\controllers\main.php(29): Main::call(Array)
#3 C:\xampp\htdocs\forge2_tpad_web\app\routes.php(5): Main::show(Array)
#4 [internal function]: Forge\Core::{closure}(Array)
#5 C:\xampp\htdocs\forge2_tpad_web\forge\router.php(153): call_user_func(Object(Closure), Array)
#6 C:\xampp\htdocs\forge2_tpad_web\forge\router.php(233): Forge\Router::route_page('~^([^/]+)$~', Array)
#7 C:\xampp\htdocs\forge2_tpad_web\forge\core.php(100): Forge\Router::call()
#8 C:\xampp\htdocs\forge2_tpad_web\engine.php(111): Forge\Core::startup()
#9 C:\xampp\htdocs\forge2_tpad_web\public\index.php(18): require_once('C:\xampp\htdocs...')
#10 {main}

[22-Sep-2014 09:56:15+0100] #449534 System->call_user_func() expects parameter 1 to be a valid callback, class '\favicon.ico' not found->#0 [internal function]: {closure}(2, 'call_user_func(...', 'C:\xampp\htdocs...', 14, Array)
#1 C:\xampp\htdocs\forge2_tpad_web\app\controllers\main.php(14): call_user_func('\favicon.ico::i...')
#2 C:\xampp\htdocs\forge2_tpad_web\app\controllers\main.php(29): Main::call(Array)
#3 C:\xampp\htdocs\forge2_tpad_web\app\routes.php(5): Main::show(Array)
#4 [internal function]: Forge\Core::{closure}(Array)
#5 C:\xampp\htdocs\forge2_tpad_web\forge\router.php(153): call_user_func(Object(Closure), Array)
#6 C:\xampp\htdocs\forge2_tpad_web\forge\router.php(233): Forge\Router::route_page('~^([^/]+)$~', Array)
#7 C:\xampp\htdocs\forge2_tpad_web\forge\core.php(100): Forge\Router::call()
#8 C:\xampp\htdocs\forge2_tpad_web\engine.php(111): Forge\Core::startup()
#9 C:\xampp\htdocs\forge2_tpad_web\public\index.php(18): require_once('C:\xampp\htdocs...')
#10 {main}

[22-Sep-2014 09:56:17+0100] #409239 System->call_user_func() expects parameter 1 to be a valid callback, class '\img' not found->#0 [internal function]: {closure}(2, 'call_user_func(...', 'C:\xampp\htdocs...', 14, Array)
#1 C:\xampp\htdocs\forge2_tpad_web\app\controllers\main.php(14): call_user_func('\img::favicon.i...')
#2 C:\xampp\htdocs\forge2_tpad_web\app\controllers\main.php(29): Main::call(Array)
#3 C:\xampp\htdocs\forge2_tpad_web\app\routes.php(5): Main::show(Array)
#4 [internal function]: Forge\Core::{closure}(Array)
#5 C:\xampp\htdocs\forge2_tpad_web\forge\router.php(153): call_user_func(Object(Closure), Array)
#6 C:\xampp\htdocs\forge2_tpad_web\forge\router.php(233): Forge\Router::route_page('~^([^/]+)/([^/]...', Array)
#7 C:\xampp\htdocs\forge2_tpad_web\forge\core.php(100): Forge\Router::call()
#8 C:\xampp\htdocs\forge2_tpad_web\engine.php(111): Forge\Core::startup()
#9 C:\xampp\htdocs\forge2_tpad_web\public\index.php(18): require_once('C:\xampp\htdocs...')
#10 {main}

[22-Sep-2014 09:56:18+0100] #422032 System->call_user_func() expects parameter 1 to be a valid callback, class '\link' not found->#0 [internal function]: {closure}(2, 'call_user_func(...', 'C:\xampp\htdocs...', 14, Array)
#1 C:\xampp\htdocs\forge2_tpad_web\app\controllers\main.php(14): call_user_func('\link::index')
#2 C:\xampp\htdocs\forge2_tpad_web\app\controllers\main.php(29): Main::call(Array)
#3 C:\xampp\htdocs\forge2_tpad_web\app\routes.php(5): Main::show(Array)
#4 [internal function]: Forge\Core::{closure}(Array)
#5 C:\xampp\htdocs\forge2_tpad_web\forge\router.php(153): call_user_func(Object(Closure), Array)
#6 C:\xampp\htdocs\forge2_tpad_web\forge\router.php(233): Forge\Router::route_page('~^([^/]+)$~', Array)
#7 C:\xampp\htdocs\forge2_tpad_web\forge\core.php(100): Forge\Router::call()
#8 C:\xampp\htdocs\forge2_tpad_web\engine.php(111): Forge\Core::startup()
#9 C:\xampp\htdocs\forge2_tpad_web\public\index.php(18): require_once('C:\xampp\htdocs...')
#10 {main}

[22-Sep-2014 09:56:18+0100] #444993 System->call_user_func() expects parameter 1 to be a valid callback, class '\favicon.ico' not found->#0 [internal function]: {closure}(2, 'call_user_func(...', 'C:\xampp\htdocs...', 14, Array)
#1 C:\xampp\htdocs\forge2_tpad_web\app\controllers\main.php(14): call_user_func('\favicon.ico::i...')
#2 C:\xampp\htdocs\forge2_tpad_web\app\controllers\main.php(29): Main::call(Array)
#3 C:\xampp\htdocs\forge2_tpad_web\app\routes.php(5): Main::show(Array)
#4 [internal function]: Forge\Core::{closure}(Array)
#5 C:\xampp\htdocs\forge2_tpad_web\forge\router.php(153): call_user_func(Object(Closure), Array)
#6 C:\xampp\htdocs\forge2_tpad_web\forge\router.php(233): Forge\Router::route_page('~^([^/]+)$~', Array)
#7 C:\xampp\htdocs\forge2_tpad_web\forge\core.php(100): Forge\Router::call()
#8 C:\xampp\htdocs\forge2_tpad_web\engine.php(111): Forge\Core::startup()
#9 C:\xampp\htdocs\forge2_tpad_web\public\index.php(18): require_once('C:\xampp\htdocs...')
#10 {main}

[22-Sep-2014 09:56:19+0100] #434887 System->call_user_func() expects parameter 1 to be a valid callback, class '\img' not found->#0 [internal function]: {closure}(2, 'call_user_func(...', 'C:\xampp\htdocs...', 14, Array)
#1 C:\xampp\htdocs\forge2_tpad_web\app\controllers\main.php(14): call_user_func('\img::favicon.i...')
#2 C:\xampp\htdocs\forge2_tpad_web\app\controllers\main.php(29): Main::call(Array)
#3 C:\xampp\htdocs\forge2_tpad_web\app\routes.php(5): Main::show(Array)
#4 [internal function]: Forge\Core::{closure}(Array)
#5 C:\xampp\htdocs\forge2_tpad_web\forge\router.php(153): call_user_func(Object(Closure), Array)
#6 C:\xampp\htdocs\forge2_tpad_web\forge\router.php(233): Forge\Router::route_page('~^([^/]+)/([^/]...', Array)
#7 C:\xampp\htdocs\forge2_tpad_web\forge\core.php(100): Forge\Router::call()
#8 C:\xampp\htdocs\forge2_tpad_web\engine.php(111): Forge\Core::startup()
#9 C:\xampp\htdocs\forge2_tpad_web\public\index.php(18): require_once('C:\xampp\htdocs...')
#10 {main}

[22-Sep-2014 09:56:20+0100] #388846 System->call_user_func() expects parameter 1 to be a valid callback, class '\link' not found->#0 [internal function]: {closure}(2, 'call_user_func(...', 'C:\xampp\htdocs...', 14, Array)
#1 C:\xampp\htdocs\forge2_tpad_web\app\controllers\main.php(14): call_user_func('\link::index')
#2 C:\xampp\htdocs\forge2_tpad_web\app\controllers\main.php(29): Main::call(Array)
#3 C:\xampp\htdocs\forge2_tpad_web\app\routes.php(5): Main::show(Array)
#4 [internal function]: Forge\Core::{closure}(Array)
#5 C:\xampp\htdocs\forge2_tpad_web\forge\router.php(153): call_user_func(Object(Closure), Array)
#6 C:\xampp\htdocs\forge2_tpad_web\forge\router.php(233): Forge\Router::route_page('~^([^/]+)$~', Array)
#7 C:\xampp\htdocs\forge2_tpad_web\forge\core.php(100): Forge\Router::call()
#8 C:\xampp\htdocs\forge2_tpad_web\engine.php(111): Forge\Core::startup()
#9 C:\xampp\htdocs\forge2_tpad_web\public\index.php(18): require_once('C:\xampp\htdocs...')
#10 {main}

[22-Sep-2014 09:56:20+0100] #412425 System->call_user_func() expects parameter 1 to be a valid callback, class '\favicon.ico' not found->#0 [internal function]: {closure}(2, 'call_user_func(...', 'C:\xampp\htdocs...', 14, Array)
#1 C:\xampp\htdocs\forge2_tpad_web\app\controllers\main.php(14): call_user_func('\favicon.ico::i...')
#2 C:\xampp\htdocs\forge2_tpad_web\app\controllers\main.php(29): Main::call(Array)
#3 C:\xampp\htdocs\forge2_tpad_web\app\routes.php(5): Main::show(Array)
#4 [internal function]: Forge\Core::{closure}(Array)
#5 C:\xampp\htdocs\forge2_tpad_web\forge\router.php(153): call_user_func(Object(Closure), Array)
#6 C:\xampp\htdocs\forge2_tpad_web\forge\router.php(233): Forge\Router::route_page('~^([^/]+)$~', Array)
#7 C:\xampp\htdocs\forge2_tpad_web\forge\core.php(100): Forge\Router::call()
#8 C:\xampp\htdocs\forge2_tpad_web\engine.php(111): Forge\Core::startup()
#9 C:\xampp\htdocs\forge2_tpad_web\public\index.php(18): require_once('C:\xampp\htdocs...')
#10 {main}

[22-Sep-2014 09:56:21+0100] #432025 System->call_user_func() expects parameter 1 to be a valid callback, class '\img' not found->#0 [internal function]: {closure}(2, 'call_user_func(...', 'C:\xampp\htdocs...', 14, Array)
#1 C:\xampp\htdocs\forge2_tpad_web\app\controllers\main.php(14): call_user_func('\img::favicon.i...')
#2 C:\xampp\htdocs\forge2_tpad_web\app\controllers\main.php(29): Main::call(Array)
#3 C:\xampp\htdocs\forge2_tpad_web\app\routes.php(5): Main::show(Array)
#4 [internal function]: Forge\Core::{closure}(Array)
#5 C:\xampp\htdocs\forge2_tpad_web\forge\router.php(153): call_user_func(Object(Closure), Array)
#6 C:\xampp\htdocs\forge2_tpad_web\forge\router.php(233): Forge\Router::route_page('~^([^/]+)/([^/]...', Array)
#7 C:\xampp\htdocs\forge2_tpad_web\forge\core.php(100): Forge\Router::call()
#8 C:\xampp\htdocs\forge2_tpad_web\engine.php(111): Forge\Core::startup()
#9 C:\xampp\htdocs\forge2_tpad_web\public\index.php(18): require_once('C:\xampp\htdocs...')
#10 {main}

[22-Sep-2014 13:23:58+0100] #430971 System->call_user_func() expects parameter 1 to be a valid callback, class '\favicon.ico' not found->#0 [internal function]: {closure}(2, 'call_user_func(...', 'C:\xampp\htdocs...', 14, Array)
#1 C:\xampp\htdocs\forge2_tpad_web\app\controllers\main.php(14): call_user_func('\favicon.ico::i...')
#2 C:\xampp\htdocs\forge2_tpad_web\app\controllers\main.php(29): Main::call(Array)
#3 C:\xampp\htdocs\forge2_tpad_web\app\routes.php(5): Main::show(Array)
#4 [internal function]: Forge\Core::{closure}(Array)
#5 C:\xampp\htdocs\forge2_tpad_web\forge\router.php(153): call_user_func(Object(Closure), Array)
#6 C:\xampp\htdocs\forge2_tpad_web\forge\router.php(233): Forge\Router::route_page('~^([^/]+)$~', Array)
#7 C:\xampp\htdocs\forge2_tpad_web\forge\core.php(100): Forge\Router::call()
#8 C:\xampp\htdocs\forge2_tpad_web\engine.php(111): Forge\Core::startup()
#9 C:\xampp\htdocs\forge2_tpad_web\public\index.php(18): require_once('C:\xampp\htdocs...')
#10 {main}

