[12-Oct-2014 13:18:39+0100] #125050 System->Undefined index: code->#0 C:\wamp\www\tapd\app\models\callgroupmodel.php(42): {closure}(8, 'Undefined index...', 'C:\\wamp\\www\\tap...', 42, Array)
#1 C:\wamp\www\tapd\app\controllers\pbxmanagement.php(72): CallgroupModel->update(Array)
#2 [internal function]: Pbxmanagement::save_callgroup()
#3 C:\wamp\www\tapd\app\controllers\main.php(14): call_user_func('\\pbxmanagement:...')
#4 C:\wamp\www\tapd\app\controllers\main.php(29): Main::call(Array)
#5 C:\wamp\www\tapd\app\routes.php(5): Main::show(Array)
#6 [internal function]: Forge\Core::{closure}(Array)
#7 C:\wamp\www\tapd\forge\router.php(153): call_user_func(Object(Closure), Array)
#8 C:\wamp\www\tapd\forge\router.php(233): Forge\Router::route_page('~^([^/]+)/([^/]...', Array)
#9 C:\wamp\www\tapd\forge\core.php(100): Forge\Router::call()
#10 C:\wamp\www\tapd\engine.php(111): Forge\Core::startup()
#11 C:\wamp\www\tapd\public\index.php(18): require_once('C:\\wamp\\www\\tap...')
#12 {main}

[12-Oct-2014 13:19:14+0100] #118085 System->Declaration of AD\Pbx\CallgroupAd::update() should be compatible with Illuminate\Database\Eloquent\Model::update(array $attributes = Array)->#0 C:\wamp\www\tapd\forge\autoload.php(58): {closure}(2048, 'Declaration of ...', 'C:\\wamp\\www\\tap...', 143, Array)
#1 C:\wamp\www\tapd\forge\autoload.php(58): Forge\Autoload::load()
#2 [internal function]: Forge\Autoload::load('AD\\Pbx\\Callgrou...')
#3 C:\wamp\www\tapd\app\models\callgroupmodel.php(48): spl_autoload_call('AD\\Pbx\\Callgrou...')
#4 C:\wamp\www\tapd\app\controllers\pbxmanagement.php(72): CallgroupModel->update(Array)
#5 [internal function]: Pbxmanagement::save_callgroup()
#6 C:\wamp\www\tapd\app\controllers\main.php(14): call_user_func('\\pbxmanagement:...')
#7 C:\wamp\www\tapd\app\controllers\main.php(29): Main::call(Array)
#8 C:\wamp\www\tapd\app\routes.php(5): Main::show(Array)
#9 [internal function]: Forge\Core::{closure}(Array)
#10 C:\wamp\www\tapd\forge\router.php(153): call_user_func(Object(Closure), Array)
#11 C:\wamp\www\tapd\forge\router.php(233): Forge\Router::route_page('~^([^/]+)/([^/]...', Array)
#12 C:\wamp\www\tapd\forge\core.php(100): Forge\Router::call()
#13 C:\wamp\www\tapd\engine.php(111): Forge\Core::startup()
#14 C:\wamp\www\tapd\public\index.php(18): require_once('C:\\wamp\\www\\tap...')
#15 {main}

[12-Oct-2014 13:20:18+0100] #170418 System->Declaration of AD\Pbx\CallgroupAd::update() should be compatible with Illuminate\Database\Eloquent\Model::update(array $attributes = Array)->#0 C:\wamp\www\tapd\forge\autoload.php(58): {closure}(2048, 'Declaration of ...', 'C:\\wamp\\www\\tap...', 143, Array)
#1 C:\wamp\www\tapd\forge\autoload.php(58): Forge\Autoload::load()
#2 [internal function]: Forge\Autoload::load('AD\\Pbx\\Callgrou...')
#3 C:\wamp\www\tapd\app\models\callgroupmodel.php(48): spl_autoload_call('AD\\Pbx\\Callgrou...')
#4 C:\wamp\www\tapd\app\controllers\pbxmanagement.php(72): CallgroupModel->updateCallgroup(Array)
#5 [internal function]: Pbxmanagement::save_callgroup()
#6 C:\wamp\www\tapd\app\controllers\main.php(14): call_user_func('\\pbxmanagement:...')
#7 C:\wamp\www\tapd\app\controllers\main.php(29): Main::call(Array)
#8 C:\wamp\www\tapd\app\routes.php(5): Main::show(Array)
#9 [internal function]: Forge\Core::{closure}(Array)
#10 C:\wamp\www\tapd\forge\router.php(153): call_user_func(Object(Closure), Array)
#11 C:\wamp\www\tapd\forge\router.php(233): Forge\Router::route_page('~^([^/]+)/([^/]...', Array)
#12 C:\wamp\www\tapd\forge\core.php(100): Forge\Router::call()
#13 C:\wamp\www\tapd\engine.php(111): Forge\Core::startup()
#14 C:\wamp\www\tapd\public\index.php(18): require_once('C:\\wamp\\www\\tap...')
#15 {main}

[12-Oct-2014 13:20:45+0100] #209101 System->Declaration of AD\Pbx\CallgroupAd::update() should be compatible with Illuminate\Database\Eloquent\Model::update(array $attributes = Array)->#0 C:\wamp\www\tapd\forge\autoload.php(58): {closure}(2048, 'Declaration of ...', 'C:\\wamp\\www\\tap...', 143, Array)
#1 C:\wamp\www\tapd\forge\autoload.php(58): Forge\Autoload::load()
#2 [internal function]: Forge\Autoload::load('AD\\Pbx\\Callgrou...')
#3 C:\wamp\www\tapd\app\models\callgroupmodel.php(48): spl_autoload_call('AD\\Pbx\\Callgrou...')
#4 C:\wamp\www\tapd\app\controllers\pbxmanagement.php(72): CallgroupModel->updateCallgroup(Array)
#5 [internal function]: Pbxmanagement::save_callgroup()
#6 C:\wamp\www\tapd\app\controllers\main.php(14): call_user_func('\\pbxmanagement:...')
#7 C:\wamp\www\tapd\app\controllers\main.php(29): Main::call(Array)
#8 C:\wamp\www\tapd\app\routes.php(5): Main::show(Array)
#9 [internal function]: Forge\Core::{closure}(Array)
#10 C:\wamp\www\tapd\forge\router.php(153): call_user_func(Object(Closure), Array)
#11 C:\wamp\www\tapd\forge\router.php(233): Forge\Router::route_page('~^([^/]+)/([^/]...', Array)
#12 C:\wamp\www\tapd\forge\core.php(100): Forge\Router::call()
#13 C:\wamp\www\tapd\engine.php(111): Forge\Core::startup()
#14 C:\wamp\www\tapd\public\index.php(18): require_once('C:\\wamp\\www\\tap...')
#15 {main}

[12-Oct-2014 13:21:41+0100] #197977 System->Undefined index: code->#0 C:\wamp\www\tapd\app\models\callgroupmodel.php(42): {closure}(8, 'Undefined index...', 'C:\\wamp\\www\\tap...', 42, Array)
#1 C:\wamp\www\tapd\app\controllers\pbxmanagement.php(72): CallgroupModel->updateCallgroup(Array)
#2 [internal function]: Pbxmanagement::save_callgroup()
#3 C:\wamp\www\tapd\app\controllers\main.php(14): call_user_func('\\pbxmanagement:...')
#4 C:\wamp\www\tapd\app\controllers\main.php(29): Main::call(Array)
#5 C:\wamp\www\tapd\app\routes.php(5): Main::show(Array)
#6 [internal function]: Forge\Core::{closure}(Array)
#7 C:\wamp\www\tapd\forge\router.php(153): call_user_func(Object(Closure), Array)
#8 C:\wamp\www\tapd\forge\router.php(233): Forge\Router::route_page('~^([^/]+)/([^/]...', Array)
#9 C:\wamp\www\tapd\forge\core.php(100): Forge\Router::call()
#10 C:\wamp\www\tapd\engine.php(111): Forge\Core::startup()
#11 C:\wamp\www\tapd\public\index.php(18): require_once('C:\\wamp\\www\\tap...')
#12 {main}

[12-Oct-2014 13:22:06+0100] #212346 System->Undefined variable: ids->#0 C:\wamp\www\tapd\app\ad\pbx\managerad.php(34): {closure}(8, 'Undefined varia...', 'C:\\wamp\\www\\tap...', 34, Array)
#1 C:\wamp\www\tapd\app\models\callgroupmodel.php(57): AD\Pbx\ManagerAd::deleteAsteriskExtension(5, 15)
#2 C:\wamp\www\tapd\app\controllers\pbxmanagement.php(72): CallgroupModel->updateCallgroup(Array)
#3 [internal function]: Pbxmanagement::save_callgroup()
#4 C:\wamp\www\tapd\app\controllers\main.php(14): call_user_func('\\pbxmanagement:...')
#5 C:\wamp\www\tapd\app\controllers\main.php(29): Main::call(Array)
#6 C:\wamp\www\tapd\app\routes.php(5): Main::show(Array)
#7 [internal function]: Forge\Core::{closure}(Array)
#8 C:\wamp\www\tapd\forge\router.php(153): call_user_func(Object(Closure), Array)
#9 C:\wamp\www\tapd\forge\router.php(233): Forge\Router::route_page('~^([^/]+)/([^/]...', Array)
#10 C:\wamp\www\tapd\forge\core.php(100): Forge\Router::call()
#11 C:\wamp\www\tapd\engine.php(111): Forge\Core::startup()
#12 C:\wamp\www\tapd\public\index.php(18): require_once('C:\\wamp\\www\\tap...')
#13 {main}

[12-Oct-2014 13:22:53+0100] #151658 System->Use of undefined constant extenm - assumed 'extenm'->#0 C:\wamp\www\tapd\app\ad\pbx\managerad.php(35): {closure}(8, 'Use of undefine...', 'C:\\wamp\\www\\tap...', 35, Array)
#1 C:\wamp\www\tapd\app\models\callgroupmodel.php(57): AD\Pbx\ManagerAd::deleteAsteriskExtension(5, 15)
#2 C:\wamp\www\tapd\app\controllers\pbxmanagement.php(72): CallgroupModel->updateCallgroup(Array)
#3 [internal function]: Pbxmanagement::save_callgroup()
#4 C:\wamp\www\tapd\app\controllers\main.php(14): call_user_func('\\pbxmanagement:...')
#5 C:\wamp\www\tapd\app\controllers\main.php(29): Main::call(Array)
#6 C:\wamp\www\tapd\app\routes.php(5): Main::show(Array)
#7 [internal function]: Forge\Core::{closure}(Array)
#8 C:\wamp\www\tapd\forge\router.php(153): call_user_func(Object(Closure), Array)
#9 C:\wamp\www\tapd\forge\router.php(233): Forge\Router::route_page('~^([^/]+)/([^/]...', Array)
#10 C:\wamp\www\tapd\forge\core.php(100): Forge\Router::call()
#11 C:\wamp\www\tapd\engine.php(111): Forge\Core::startup()
#12 C:\wamp\www\tapd\public\index.php(18): require_once('C:\\wamp\\www\\tap...')
#13 {main}

[12-Oct-2014 13:24:13+0100] #180097 System->Non-static method Illuminate\Database\Eloquent\Model::update() should not be called statically, assuming $this from incompatible context->#0 C:\wamp\www\tapd\app\models\callgroupmodel.php(59): {closure}(2048, 'Non-static meth...', 'C:\\wamp\\www\\tap...', 59, Array)
#1 C:\wamp\www\tapd\app\controllers\pbxmanagement.php(72): CallgroupModel->updateCallgroup(Array)
#2 [internal function]: Pbxmanagement::save_callgroup()
#3 C:\wamp\www\tapd\app\controllers\main.php(14): call_user_func('\\pbxmanagement:...')
#4 C:\wamp\www\tapd\app\controllers\main.php(29): Main::call(Array)
#5 C:\wamp\www\tapd\app\routes.php(5): Main::show(Array)
#6 [internal function]: Forge\Core::{closure}(Array)
#7 C:\wamp\www\tapd\forge\router.php(153): call_user_func(Object(Closure), Array)
#8 C:\wamp\www\tapd\forge\router.php(233): Forge\Router::route_page('~^([^/]+)/([^/]...', Array)
#9 C:\wamp\www\tapd\forge\core.php(100): Forge\Router::call()
#10 C:\wamp\www\tapd\engine.php(111): Forge\Core::startup()
#11 C:\wamp\www\tapd\public\index.php(18): require_once('C:\\wamp\\www\\tap...')
#12 {main}

[12-Oct-2014 13:26:32+0100] #192732 System->Non-static method AD\Pbx\CallgroupAd::updateCallgroup() should not be called statically, assuming $this from incompatible context->#0 C:\wamp\www\tapd\app\models\callgroupmodel.php(59): {closure}(2048, 'Non-static meth...', 'C:\\wamp\\www\\tap...', 59, Array)
#1 C:\wamp\www\tapd\app\controllers\pbxmanagement.php(72): CallgroupModel->update(Array)
#2 [internal function]: Pbxmanagement::save_callgroup()
#3 C:\wamp\www\tapd\app\controllers\main.php(14): call_user_func('\\pbxmanagement:...')
#4 C:\wamp\www\tapd\app\controllers\main.php(29): Main::call(Array)
#5 C:\wamp\www\tapd\app\routes.php(5): Main::show(Array)
#6 [internal function]: Forge\Core::{closure}(Array)
#7 C:\wamp\www\tapd\forge\router.php(153): call_user_func(Object(Closure), Array)
#8 C:\wamp\www\tapd\forge\router.php(233): Forge\Router::route_page('~^([^/]+)/([^/]...', Array)
#9 C:\wamp\www\tapd\forge\core.php(100): Forge\Router::call()
#10 C:\wamp\www\tapd\engine.php(111): Forge\Core::startup()
#11 C:\wamp\www\tapd\public\index.php(18): require_once('C:\\wamp\\www\\tap...')
#12 {main}

[12-Oct-2014 13:29:25+0100] #214296 System->Call to undefined method Illuminate\Database\Query\Builder::create_asterisk_extension()->#0 [internal function]: Illuminate\Database\Query\Builder->__call('create_asterisk...', Array)
#1 [internal function]: Illuminate\Database\Query\Builder->create_asterisk_extension(5, '*33', 'AGI', 'agi.php')
#2 C:\wamp\www\tapd\vendor\illuminate\database\Illuminate\Database\Eloquent\Builder.php(919): call_user_func_array(Array, Array)
#3 [internal function]: Illuminate\Database\Eloquent\Builder->__call('create_asterisk...', Array)
#4 [internal function]: Illuminate\Database\Eloquent\Builder->create_asterisk_extension(5, '*33', 'AGI', 'agi.php')
#5 C:\wamp\www\tapd\vendor\illuminate\database\Illuminate\Database\Eloquent\Model.php(3001): call_user_func_array(Array, Array)
#6 [internal function]: Illuminate\Database\Eloquent\Model->__call('create_asterisk...', Array)
#7 [internal function]: AD\Pbx\ManagerAd->create_asterisk_extension(5, '*33', 'AGI', 'agi.php')
#8 C:\wamp\www\tapd\vendor\illuminate\database\Illuminate\Database\Eloquent\Model.php(3015): call_user_func_array(Array, Array)
#9 C:\wamp\www\tapd\app\models\callgroupmodel.php(61): Illuminate\Database\Eloquent\Model::__callStatic('create_asterisk...', Array)
#10 C:\wamp\www\tapd\app\models\callgroupmodel.php(61): AD\Pbx\ManagerAd::create_asterisk_extension(5, '*33', 'AGI', 'agi.php')
#11 C:\wamp\www\tapd\app\controllers\pbxmanagement.php(72): CallgroupModel->update(Array)
#12 [internal function]: Pbxmanagement::save_callgroup()
#13 C:\wamp\www\tapd\app\controllers\main.php(14): call_user_func('\\pbxmanagement:...')
#14 C:\wamp\www\tapd\app\controllers\main.php(29): Main::call(Array)
#15 C:\wamp\www\tapd\app\routes.php(5): Main::show(Array)
#16 [internal function]: Forge\Core::{closure}(Array)
#17 C:\wamp\www\tapd\forge\router.php(153): call_user_func(Object(Closure), Array)
#18 C:\wamp\www\tapd\forge\router.php(233): Forge\Router::route_page('~^([^/]+)/([^/]...', Array)
#19 C:\wamp\www\tapd\forge\core.php(100): Forge\Router::call()
#20 C:\wamp\www\tapd\engine.php(111): Forge\Core::startup()
#21 C:\wamp\www\tapd\public\index.php(18): require_once('C:\\wamp\\www\\tap...')
#22 {main}

[12-Oct-2014 14:09:31+0100] #148560 System->Undefined index: code->#0 C:\wamp\www\tapd\app\models\callgroupmodel.php(42): {closure}(8, 'Undefined index...', 'C:\\wamp\\www\\tap...', 42, Array)
#1 C:\wamp\www\tapd\app\controllers\pbxmanagement.php(72): CallgroupModel->update(Array)
#2 [internal function]: Pbxmanagement::save_callgroup()
#3 C:\wamp\www\tapd\app\controllers\main.php(14): call_user_func('\\pbxmanagement:...')
#4 C:\wamp\www\tapd\app\controllers\main.php(29): Main::call(Array)
#5 C:\wamp\www\tapd\app\routes.php(5): Main::show(Array)
#6 [internal function]: Forge\Core::{closure}(Array)
#7 C:\wamp\www\tapd\forge\router.php(153): call_user_func(Object(Closure), Array)
#8 C:\wamp\www\tapd\forge\router.php(233): Forge\Router::route_page('~^([^/]+)/([^/]...', Array)
#9 C:\wamp\www\tapd\forge\core.php(100): Forge\Router::call()
#10 C:\wamp\www\tapd\engine.php(111): Forge\Core::startup()
#11 C:\wamp\www\tapd\public\index.php(18): require_once('C:\\wamp\\www\\tap...')
#12 {main}

[12-Oct-2014 17:02:26+0100] #148029 System->call_user_func() expects parameter 1 to be a valid callback, class '\favicon.ico' not found->#0 [internal function]: {closure}(2, 'call_user_func(...', 'C:\\wamp\\www\\tpa...', 14, Array)
#1 C:\wamp\www\tpad\app\controllers\main.php(14): call_user_func('\\favicon.ico::i...')
#2 C:\wamp\www\tpad\app\controllers\main.php(30): Main::call(Array)
#3 C:\wamp\www\tpad\app\routes.php(5): Main::show(Array)
#4 [internal function]: Forge\Core::{closure}(Array)
#5 C:\wamp\www\tpad\forge\router.php(153): call_user_func(Object(Closure), Array)
#6 C:\wamp\www\tpad\forge\router.php(233): Forge\Router::route_page('~^([^/]+)$~', Array)
#7 C:\wamp\www\tpad\forge\core.php(100): Forge\Router::call()
#8 C:\wamp\www\tpad\engine.php(111): Forge\Core::startup()
#9 C:\wamp\www\tpad\public\index.php(18): require_once('C:\\wamp\\www\\tpa...')
#10 {main}

[12-Oct-2014 17:02:26+0100] #160430 System->call_user_func() expects parameter 1 to be a valid callback, class '\favicon.ico' not found->#0 [internal function]: {closure}(2, 'call_user_func(...', 'C:\\wamp\\www\\tpa...', 14, Array)
#1 C:\wamp\www\tpad\app\controllers\main.php(14): call_user_func('\\favicon.ico::i...')
#2 C:\wamp\www\tpad\app\controllers\main.php(30): Main::call(Array)
#3 C:\wamp\www\tpad\app\routes.php(5): Main::show(Array)
#4 [internal function]: Forge\Core::{closure}(Array)
#5 C:\wamp\www\tpad\forge\router.php(153): call_user_func(Object(Closure), Array)
#6 C:\wamp\www\tpad\forge\router.php(233): Forge\Router::route_page('~^([^/]+)$~', Array)
#7 C:\wamp\www\tpad\forge\core.php(100): Forge\Router::call()
#8 C:\wamp\www\tpad\engine.php(111): Forge\Core::startup()
#9 C:\wamp\www\tpad\public\index.php(18): require_once('C:\\wamp\\www\\tpa...')
#10 {main}

[12-Oct-2014 18:40:12+0100] #150846 System->Undefined variable: data->#0 C:\wamp\www\tpad\app\models\callgroupmodel.php(78): {closure}(8, 'Undefined varia...', 'C:\\wamp\\www\\tpa...', 78, Array)
#1 C:\wamp\www\tpad\app\controllers\pbxmanagement.php(82): CallgroupModel->create(Array)
#2 [internal function]: Pbxmanagement::save_callgroup()
#3 C:\wamp\www\tpad\app\controllers\main.php(14): call_user_func('\\pbxmanagement:...')
#4 C:\wamp\www\tpad\app\controllers\main.php(30): Main::call(Array)
#5 C:\wamp\www\tpad\app\routes.php(5): Main::show(Array)
#6 [internal function]: Forge\Core::{closure}(Array)
#7 C:\wamp\www\tpad\forge\router.php(153): call_user_func(Object(Closure), Array)
#8 C:\wamp\www\tpad\forge\router.php(233): Forge\Router::route_page('~^([^/]+)/([^/]...', Array)
#9 C:\wamp\www\tpad\forge\core.php(100): Forge\Router::call()
#10 C:\wamp\www\tpad\engine.php(111): Forge\Core::startup()
#11 C:\wamp\www\tpad\public\index.php(18): require_once('C:\\wamp\\www\\tpa...')
#12 {main}

[12-Oct-2014 18:40:28+0100] #183456 System->Undefined variable: data->#0 C:\wamp\www\tpad\app\models\callgroupmodel.php(78): {closure}(8, 'Undefined varia...', 'C:\\wamp\\www\\tpa...', 78, Array)
#1 C:\wamp\www\tpad\app\controllers\pbxmanagement.php(82): CallgroupModel->create(Array)
#2 [internal function]: Pbxmanagement::save_callgroup()
#3 C:\wamp\www\tpad\app\controllers\main.php(14): call_user_func('\\pbxmanagement:...')
#4 C:\wamp\www\tpad\app\controllers\main.php(30): Main::call(Array)
#5 C:\wamp\www\tpad\app\routes.php(5): Main::show(Array)
#6 [internal function]: Forge\Core::{closure}(Array)
#7 C:\wamp\www\tpad\forge\router.php(153): call_user_func(Object(Closure), Array)
#8 C:\wamp\www\tpad\forge\router.php(233): Forge\Router::route_page('~^([^/]+)/([^/]...', Array)
#9 C:\wamp\www\tpad\forge\core.php(100): Forge\Router::call()
#10 C:\wamp\www\tpad\engine.php(111): Forge\Core::startup()
#11 C:\wamp\www\tpad\public\index.php(18): require_once('C:\\wamp\\www\\tpa...')
#12 {main}

