[13-Sep-2014 09:32:37+0100] #665699 System->call_user_func() expects parameter 1 to be a valid callback, class '\img' not found->#0 [internal function]: {closure}(2, 'call_user_func(...', 'C:\xampp\htdocs...', 14, Array)
#1 C:\xampp\htdocs\forge2_tpad_web\app\controllers\main.php(14): call_user_func('\img::favicon.i...')
#2 C:\xampp\htdocs\forge2_tpad_web\app\controllers\main.php(29): Main::call(Array)
#3 C:\xampp\htdocs\forge2_tpad_web\app\routes.php(5): Main::show(Array)
#4 [internal function]: Forge\Core::{closure}(Array)
#5 C:\xampp\htdocs\forge2_tpad_web\forge\router.php(153): call_user_func(Object(Closure), Array)
#6 C:\xampp\htdocs\forge2_tpad_web\forge\router.php(233): Forge\Router::route_page('~^([^/]+)/([^/]...', Array)
#7 C:\xampp\htdocs\forge2_tpad_web\forge\core.php(100): Forge\Router::call()
#8 C:\xampp\htdocs\forge2_tpad_web\engine.php(111): Forge\Core::startup()
#9 C:\xampp\htdocs\forge2_tpad_web\public\index.php(18): require_once('C:\xampp\htdocs...')
#10 {main}

[13-Sep-2014 09:32:47+0100] #599081 System->call_user_func() expects parameter 1 to be a valid callback, class '\img' not found->#0 [internal function]: {closure}(2, 'call_user_func(...', 'C:\xampp\htdocs...', 14, Array)
#1 C:\xampp\htdocs\forge2_tpad_web\app\controllers\main.php(14): call_user_func('\img::favicon.i...')
#2 C:\xampp\htdocs\forge2_tpad_web\app\controllers\main.php(29): Main::call(Array)
#3 C:\xampp\htdocs\forge2_tpad_web\app\routes.php(5): Main::show(Array)
#4 [internal function]: Forge\Core::{closure}(Array)
#5 C:\xampp\htdocs\forge2_tpad_web\forge\router.php(153): call_user_func(Object(Closure), Array)
#6 C:\xampp\htdocs\forge2_tpad_web\forge\router.php(233): Forge\Router::route_page('~^([^/]+)/([^/]...', Array)
#7 C:\xampp\htdocs\forge2_tpad_web\forge\core.php(100): Forge\Router::call()
#8 C:\xampp\htdocs\forge2_tpad_web\engine.php(111): Forge\Core::startup()
#9 C:\xampp\htdocs\forge2_tpad_web\public\index.php(18): require_once('C:\xampp\htdocs...')
#10 {main}

[13-Sep-2014 09:32:50+0100] #687146 System->call_user_func() expects parameter 1 to be a valid callback, class '\img' not found->#0 [internal function]: {closure}(2, 'call_user_func(...', 'C:\xampp\htdocs...', 14, Array)
#1 C:\xampp\htdocs\forge2_tpad_web\app\controllers\main.php(14): call_user_func('\img::favicon.i...')
#2 C:\xampp\htdocs\forge2_tpad_web\app\controllers\main.php(29): Main::call(Array)
#3 C:\xampp\htdocs\forge2_tpad_web\app\routes.php(5): Main::show(Array)
#4 [internal function]: Forge\Core::{closure}(Array)
#5 C:\xampp\htdocs\forge2_tpad_web\forge\router.php(153): call_user_func(Object(Closure), Array)
#6 C:\xampp\htdocs\forge2_tpad_web\forge\router.php(233): Forge\Router::route_page('~^([^/]+)/([^/]...', Array)
#7 C:\xampp\htdocs\forge2_tpad_web\forge\core.php(100): Forge\Router::call()
#8 C:\xampp\htdocs\forge2_tpad_web\engine.php(111): Forge\Core::startup()
#9 C:\xampp\htdocs\forge2_tpad_web\public\index.php(18): require_once('C:\xampp\htdocs...')
#10 {main}

[13-Sep-2014 09:32:53+0100] #635167 System->call_user_func() expects parameter 1 to be a valid callback, class '\favicon.ico' not found->#0 [internal function]: {closure}(2, 'call_user_func(...', 'C:\xampp\htdocs...', 14, Array)
#1 C:\xampp\htdocs\forge2_tpad_web\app\controllers\main.php(14): call_user_func('\favicon.ico::i...')
#2 C:\xampp\htdocs\forge2_tpad_web\app\controllers\main.php(29): Main::call(Array)
#3 C:\xampp\htdocs\forge2_tpad_web\app\routes.php(5): Main::show(Array)
#4 [internal function]: Forge\Core::{closure}(Array)
#5 C:\xampp\htdocs\forge2_tpad_web\forge\router.php(153): call_user_func(Object(Closure), Array)
#6 C:\xampp\htdocs\forge2_tpad_web\forge\router.php(233): Forge\Router::route_page('~^([^/]+)$~', Array)
#7 C:\xampp\htdocs\forge2_tpad_web\forge\core.php(100): Forge\Router::call()
#8 C:\xampp\htdocs\forge2_tpad_web\engine.php(111): Forge\Core::startup()
#9 C:\xampp\htdocs\forge2_tpad_web\public\index.php(18): require_once('C:\xampp\htdocs...')
#10 {main}

[13-Sep-2014 09:32:54+0100] #662894 System->call_user_func() expects parameter 1 to be a valid callback, class '\img' not found->#0 [internal function]: {closure}(2, 'call_user_func(...', 'C:\xampp\htdocs...', 14, Array)
#1 C:\xampp\htdocs\forge2_tpad_web\app\controllers\main.php(14): call_user_func('\img::favicon.i...')
#2 C:\xampp\htdocs\forge2_tpad_web\app\controllers\main.php(29): Main::call(Array)
#3 C:\xampp\htdocs\forge2_tpad_web\app\routes.php(5): Main::show(Array)
#4 [internal function]: Forge\Core::{closure}(Array)
#5 C:\xampp\htdocs\forge2_tpad_web\forge\router.php(153): call_user_func(Object(Closure), Array)
#6 C:\xampp\htdocs\forge2_tpad_web\forge\router.php(233): Forge\Router::route_page('~^([^/]+)/([^/]...', Array)
#7 C:\xampp\htdocs\forge2_tpad_web\forge\core.php(100): Forge\Router::call()
#8 C:\xampp\htdocs\forge2_tpad_web\engine.php(111): Forge\Core::startup()
#9 C:\xampp\htdocs\forge2_tpad_web\public\index.php(18): require_once('C:\xampp\htdocs...')
#10 {main}

[13-Sep-2014 14:20:05+0100] #638370 System->call_user_func() expects parameter 1 to be a valid callback, class '\img' not found->#0 [internal function]: {closure}(2, 'call_user_func(...', 'C:\xampp\htdocs...', 14, Array)
#1 C:\xampp\htdocs\forge2_tpad_web\app\controllers\main.php(14): call_user_func('\img::favicon.i...')
#2 C:\xampp\htdocs\forge2_tpad_web\app\controllers\main.php(29): Main::call(Array)
#3 C:\xampp\htdocs\forge2_tpad_web\app\routes.php(5): Main::show(Array)
#4 [internal function]: Forge\Core::{closure}(Array)
#5 C:\xampp\htdocs\forge2_tpad_web\forge\router.php(153): call_user_func(Object(Closure), Array)
#6 C:\xampp\htdocs\forge2_tpad_web\forge\router.php(233): Forge\Router::route_page('~^([^/]+)/([^/]...', Array)
#7 C:\xampp\htdocs\forge2_tpad_web\forge\core.php(100): Forge\Router::call()
#8 C:\xampp\htdocs\forge2_tpad_web\engine.php(111): Forge\Core::startup()
#9 C:\xampp\htdocs\forge2_tpad_web\public\index.php(18): require_once('C:\xampp\htdocs...')
#10 {main}

[13-Sep-2014 14:20:11+0100] #697629 System->call_user_func() expects parameter 1 to be a valid callback, class '\img' not found->#0 [internal function]: {closure}(2, 'call_user_func(...', 'C:\xampp\htdocs...', 14, Array)
#1 C:\xampp\htdocs\forge2_tpad_web\app\controllers\main.php(14): call_user_func('\img::favicon.i...')
#2 C:\xampp\htdocs\forge2_tpad_web\app\controllers\main.php(29): Main::call(Array)
#3 C:\xampp\htdocs\forge2_tpad_web\app\routes.php(5): Main::show(Array)
#4 [internal function]: Forge\Core::{closure}(Array)
#5 C:\xampp\htdocs\forge2_tpad_web\forge\router.php(153): call_user_func(Object(Closure), Array)
#6 C:\xampp\htdocs\forge2_tpad_web\forge\router.php(233): Forge\Router::route_page('~^([^/]+)/([^/]...', Array)
#7 C:\xampp\htdocs\forge2_tpad_web\forge\core.php(100): Forge\Router::call()
#8 C:\xampp\htdocs\forge2_tpad_web\engine.php(111): Forge\Core::startup()
#9 C:\xampp\htdocs\forge2_tpad_web\public\index.php(18): require_once('C:\xampp\htdocs...')
#10 {main}

