[28-Sep-2014 07:12:22+0100] #983741 System->call_user_func() expects parameter 1 to be a valid callback, class '\img' not found->#0 [internal function]: {closure}(2, 'call_user_func(...', 'C:\xampp\htdocs...', 14, Array)
#1 C:\xampp\htdocs\forge2_tpad_web\app\controllers\main.php(14): call_user_func('\img::favicon.i...')
#2 C:\xampp\htdocs\forge2_tpad_web\app\controllers\main.php(29): Main::call(Array)
#3 C:\xampp\htdocs\forge2_tpad_web\app\routes.php(5): Main::show(Array)
#4 [internal function]: Forge\Core::{closure}(Array)
#5 C:\xampp\htdocs\forge2_tpad_web\forge\router.php(153): call_user_func(Object(Closure), Array)
#6 C:\xampp\htdocs\forge2_tpad_web\forge\router.php(233): Forge\Router::route_page('~^([^/]+)/([^/]...', Array)
#7 C:\xampp\htdocs\forge2_tpad_web\forge\core.php(100): Forge\Router::call()
#8 C:\xampp\htdocs\forge2_tpad_web\engine.php(111): Forge\Core::startup()
#9 C:\xampp\htdocs\forge2_tpad_web\public\index.php(18): require_once('C:\xampp\htdocs...')
#10 {main}

[28-Sep-2014 07:12:26+0100] #978631 System->call_user_func() expects parameter 1 to be a valid callback, class '\img' not found->#0 [internal function]: {closure}(2, 'call_user_func(...', 'C:\xampp\htdocs...', 14, Array)
#1 C:\xampp\htdocs\forge2_tpad_web\app\controllers\main.php(14): call_user_func('\img::favicon.i...')
#2 C:\xampp\htdocs\forge2_tpad_web\app\controllers\main.php(29): Main::call(Array)
#3 C:\xampp\htdocs\forge2_tpad_web\app\routes.php(5): Main::show(Array)
#4 [internal function]: Forge\Core::{closure}(Array)
#5 C:\xampp\htdocs\forge2_tpad_web\forge\router.php(153): call_user_func(Object(Closure), Array)
#6 C:\xampp\htdocs\forge2_tpad_web\forge\router.php(233): Forge\Router::route_page('~^([^/]+)/([^/]...', Array)
#7 C:\xampp\htdocs\forge2_tpad_web\forge\core.php(100): Forge\Router::call()
#8 C:\xampp\htdocs\forge2_tpad_web\engine.php(111): Forge\Core::startup()
#9 C:\xampp\htdocs\forge2_tpad_web\public\index.php(18): require_once('C:\xampp\htdocs...')
#10 {main}

[28-Sep-2014 07:12:27+0100] #983742 System->call_user_func() expects parameter 1 to be a valid callback, class '\img' not found->#0 [internal function]: {closure}(2, 'call_user_func(...', 'C:\xampp\htdocs...', 14, Array)
#1 C:\xampp\htdocs\forge2_tpad_web\app\controllers\main.php(14): call_user_func('\img::favicon.i...')
#2 C:\xampp\htdocs\forge2_tpad_web\app\controllers\main.php(29): Main::call(Array)
#3 C:\xampp\htdocs\forge2_tpad_web\app\routes.php(5): Main::show(Array)
#4 [internal function]: Forge\Core::{closure}(Array)
#5 C:\xampp\htdocs\forge2_tpad_web\forge\router.php(153): call_user_func(Object(Closure), Array)
#6 C:\xampp\htdocs\forge2_tpad_web\forge\router.php(233): Forge\Router::route_page('~^([^/]+)/([^/]...', Array)
#7 C:\xampp\htdocs\forge2_tpad_web\forge\core.php(100): Forge\Router::call()
#8 C:\xampp\htdocs\forge2_tpad_web\engine.php(111): Forge\Core::startup()
#9 C:\xampp\htdocs\forge2_tpad_web\public\index.php(18): require_once('C:\xampp\htdocs...')
#10 {main}

[28-Sep-2014 07:12:30+0100] #925242 System->call_user_func() expects parameter 1 to be a valid callback, class '\img' not found->#0 [internal function]: {closure}(2, 'call_user_func(...', 'C:\xampp\htdocs...', 14, Array)
#1 C:\xampp\htdocs\forge2_tpad_web\app\controllers\main.php(14): call_user_func('\img::favicon.i...')
#2 C:\xampp\htdocs\forge2_tpad_web\app\controllers\main.php(29): Main::call(Array)
#3 C:\xampp\htdocs\forge2_tpad_web\app\routes.php(5): Main::show(Array)
#4 [internal function]: Forge\Core::{closure}(Array)
#5 C:\xampp\htdocs\forge2_tpad_web\forge\router.php(153): call_user_func(Object(Closure), Array)
#6 C:\xampp\htdocs\forge2_tpad_web\forge\router.php(233): Forge\Router::route_page('~^([^/]+)/([^/]...', Array)
#7 C:\xampp\htdocs\forge2_tpad_web\forge\core.php(100): Forge\Router::call()
#8 C:\xampp\htdocs\forge2_tpad_web\engine.php(111): Forge\Core::startup()
#9 C:\xampp\htdocs\forge2_tpad_web\public\index.php(18): require_once('C:\xampp\htdocs...')
#10 {main}

[28-Sep-2014 07:12:31+0100] #920956 System->call_user_func() expects parameter 1 to be a valid callback, class '\link' not found->#0 [internal function]: {closure}(2, 'call_user_func(...', 'C:\xampp\htdocs...', 14, Array)
#1 C:\xampp\htdocs\forge2_tpad_web\app\controllers\main.php(14): call_user_func('\link::index')
#2 C:\xampp\htdocs\forge2_tpad_web\app\controllers\main.php(29): Main::call(Array)
#3 C:\xampp\htdocs\forge2_tpad_web\app\routes.php(5): Main::show(Array)
#4 [internal function]: Forge\Core::{closure}(Array)
#5 C:\xampp\htdocs\forge2_tpad_web\forge\router.php(153): call_user_func(Object(Closure), Array)
#6 C:\xampp\htdocs\forge2_tpad_web\forge\router.php(233): Forge\Router::route_page('~^([^/]+)$~', Array)
#7 C:\xampp\htdocs\forge2_tpad_web\forge\core.php(100): Forge\Router::call()
#8 C:\xampp\htdocs\forge2_tpad_web\engine.php(111): Forge\Core::startup()
#9 C:\xampp\htdocs\forge2_tpad_web\public\index.php(18): require_once('C:\xampp\htdocs...')
#10 {main}

[28-Sep-2014 07:12:31+0100] #957675 System->call_user_func() expects parameter 1 to be a valid callback, class '\favicon.ico' not found->#0 [internal function]: {closure}(2, 'call_user_func(...', 'C:\xampp\htdocs...', 14, Array)
#1 C:\xampp\htdocs\forge2_tpad_web\app\controllers\main.php(14): call_user_func('\favicon.ico::i...')
#2 C:\xampp\htdocs\forge2_tpad_web\app\controllers\main.php(29): Main::call(Array)
#3 C:\xampp\htdocs\forge2_tpad_web\app\routes.php(5): Main::show(Array)
#4 [internal function]: Forge\Core::{closure}(Array)
#5 C:\xampp\htdocs\forge2_tpad_web\forge\router.php(153): call_user_func(Object(Closure), Array)
#6 C:\xampp\htdocs\forge2_tpad_web\forge\router.php(233): Forge\Router::route_page('~^([^/]+)$~', Array)
#7 C:\xampp\htdocs\forge2_tpad_web\forge\core.php(100): Forge\Router::call()
#8 C:\xampp\htdocs\forge2_tpad_web\engine.php(111): Forge\Core::startup()
#9 C:\xampp\htdocs\forge2_tpad_web\public\index.php(18): require_once('C:\xampp\htdocs...')
#10 {main}

[28-Sep-2014 07:12:33+0100] #903428 System->call_user_func() expects parameter 1 to be a valid callback, class '\img' not found->#0 [internal function]: {closure}(2, 'call_user_func(...', 'C:\xampp\htdocs...', 14, Array)
#1 C:\xampp\htdocs\forge2_tpad_web\app\controllers\main.php(14): call_user_func('\img::favicon.i...')
#2 C:\xampp\htdocs\forge2_tpad_web\app\controllers\main.php(29): Main::call(Array)
#3 C:\xampp\htdocs\forge2_tpad_web\app\routes.php(5): Main::show(Array)
#4 [internal function]: Forge\Core::{closure}(Array)
#5 C:\xampp\htdocs\forge2_tpad_web\forge\router.php(153): call_user_func(Object(Closure), Array)
#6 C:\xampp\htdocs\forge2_tpad_web\forge\router.php(233): Forge\Router::route_page('~^([^/]+)/([^/]...', Array)
#7 C:\xampp\htdocs\forge2_tpad_web\forge\core.php(100): Forge\Router::call()
#8 C:\xampp\htdocs\forge2_tpad_web\engine.php(111): Forge\Core::startup()
#9 C:\xampp\htdocs\forge2_tpad_web\public\index.php(18): require_once('C:\xampp\htdocs...')
#10 {main}

[28-Sep-2014 07:13:12+0100] #974188 System->call_user_func() expects parameter 1 to be a valid callback, class '\img' not found->#0 [internal function]: {closure}(2, 'call_user_func(...', 'C:\xampp\htdocs...', 14, Array)
#1 C:\xampp\htdocs\forge2_tpad_web\app\controllers\main.php(14): call_user_func('\img::favicon.i...')
#2 C:\xampp\htdocs\forge2_tpad_web\app\controllers\main.php(29): Main::call(Array)
#3 C:\xampp\htdocs\forge2_tpad_web\app\routes.php(5): Main::show(Array)
#4 [internal function]: Forge\Core::{closure}(Array)
#5 C:\xampp\htdocs\forge2_tpad_web\forge\router.php(153): call_user_func(Object(Closure), Array)
#6 C:\xampp\htdocs\forge2_tpad_web\forge\router.php(233): Forge\Router::route_page('~^([^/]+)/([^/]...', Array)
#7 C:\xampp\htdocs\forge2_tpad_web\forge\core.php(100): Forge\Router::call()
#8 C:\xampp\htdocs\forge2_tpad_web\engine.php(111): Forge\Core::startup()
#9 C:\xampp\htdocs\forge2_tpad_web\public\index.php(18): require_once('C:\xampp\htdocs...')
#10 {main}

[28-Sep-2014 07:14:42+0100] #958013 System->call_user_func() expects parameter 1 to be a valid callback, class '\img' not found->#0 [internal function]: {closure}(2, 'call_user_func(...', 'C:\xampp\htdocs...', 14, Array)
#1 C:\xampp\htdocs\forge2_tpad_web\app\controllers\main.php(14): call_user_func('\img::favicon.i...')
#2 C:\xampp\htdocs\forge2_tpad_web\app\controllers\main.php(29): Main::call(Array)
#3 C:\xampp\htdocs\forge2_tpad_web\app\routes.php(5): Main::show(Array)
#4 [internal function]: Forge\Core::{closure}(Array)
#5 C:\xampp\htdocs\forge2_tpad_web\forge\router.php(153): call_user_func(Object(Closure), Array)
#6 C:\xampp\htdocs\forge2_tpad_web\forge\router.php(233): Forge\Router::route_page('~^([^/]+)/([^/]...', Array)
#7 C:\xampp\htdocs\forge2_tpad_web\forge\core.php(100): Forge\Router::call()
#8 C:\xampp\htdocs\forge2_tpad_web\engine.php(111): Forge\Core::startup()
#9 C:\xampp\htdocs\forge2_tpad_web\public\index.php(18): require_once('C:\xampp\htdocs...')
#10 {main}

[28-Sep-2014 07:14:44+0100] #981480 System->call_user_func() expects parameter 1 to be a valid callback, class '\img' not found->#0 [internal function]: {closure}(2, 'call_user_func(...', 'C:\xampp\htdocs...', 14, Array)
#1 C:\xampp\htdocs\forge2_tpad_web\app\controllers\main.php(14): call_user_func('\img::favicon.i...')
#2 C:\xampp\htdocs\forge2_tpad_web\app\controllers\main.php(29): Main::call(Array)
#3 C:\xampp\htdocs\forge2_tpad_web\app\routes.php(5): Main::show(Array)
#4 [internal function]: Forge\Core::{closure}(Array)
#5 C:\xampp\htdocs\forge2_tpad_web\forge\router.php(153): call_user_func(Object(Closure), Array)
#6 C:\xampp\htdocs\forge2_tpad_web\forge\router.php(233): Forge\Router::route_page('~^([^/]+)/([^/]...', Array)
#7 C:\xampp\htdocs\forge2_tpad_web\forge\core.php(100): Forge\Router::call()
#8 C:\xampp\htdocs\forge2_tpad_web\engine.php(111): Forge\Core::startup()
#9 C:\xampp\htdocs\forge2_tpad_web\public\index.php(18): require_once('C:\xampp\htdocs...')
#10 {main}

[28-Sep-2014 07:15:25+0100] #940707 System->call_user_func() expects parameter 1 to be a valid callback, class '\img' not found->#0 [internal function]: {closure}(2, 'call_user_func(...', 'C:\xampp\htdocs...', 14, Array)
#1 C:\xampp\htdocs\forge2_tpad_web\app\controllers\main.php(14): call_user_func('\img::favicon.i...')
#2 C:\xampp\htdocs\forge2_tpad_web\app\controllers\main.php(29): Main::call(Array)
#3 C:\xampp\htdocs\forge2_tpad_web\app\routes.php(5): Main::show(Array)
#4 [internal function]: Forge\Core::{closure}(Array)
#5 C:\xampp\htdocs\forge2_tpad_web\forge\router.php(153): call_user_func(Object(Closure), Array)
#6 C:\xampp\htdocs\forge2_tpad_web\forge\router.php(233): Forge\Router::route_page('~^([^/]+)/([^/]...', Array)
#7 C:\xampp\htdocs\forge2_tpad_web\forge\core.php(100): Forge\Router::call()
#8 C:\xampp\htdocs\forge2_tpad_web\engine.php(111): Forge\Core::startup()
#9 C:\xampp\htdocs\forge2_tpad_web\public\index.php(18): require_once('C:\xampp\htdocs...')
#10 {main}

[28-Sep-2014 07:15:32+0100] #962864 System->call_user_func() expects parameter 1 to be a valid callback, class '\favicon.ico' not found->#0 [internal function]: {closure}(2, 'call_user_func(...', 'C:\xampp\htdocs...', 14, Array)
#1 C:\xampp\htdocs\forge2_tpad_web\app\controllers\main.php(14): call_user_func('\favicon.ico::i...')
#2 C:\xampp\htdocs\forge2_tpad_web\app\controllers\main.php(29): Main::call(Array)
#3 C:\xampp\htdocs\forge2_tpad_web\app\routes.php(5): Main::show(Array)
#4 [internal function]: Forge\Core::{closure}(Array)
#5 C:\xampp\htdocs\forge2_tpad_web\forge\router.php(153): call_user_func(Object(Closure), Array)
#6 C:\xampp\htdocs\forge2_tpad_web\forge\router.php(233): Forge\Router::route_page('~^([^/]+)$~', Array)
#7 C:\xampp\htdocs\forge2_tpad_web\forge\core.php(100): Forge\Router::call()
#8 C:\xampp\htdocs\forge2_tpad_web\engine.php(111): Forge\Core::startup()
#9 C:\xampp\htdocs\forge2_tpad_web\public\index.php(18): require_once('C:\xampp\htdocs...')
#10 {main}

[28-Sep-2014 07:15:34+0100] #911470 System->call_user_func() expects parameter 1 to be a valid callback, class '\img' not found->#0 [internal function]: {closure}(2, 'call_user_func(...', 'C:\xampp\htdocs...', 14, Array)
#1 C:\xampp\htdocs\forge2_tpad_web\app\controllers\main.php(14): call_user_func('\img::favicon.i...')
#2 C:\xampp\htdocs\forge2_tpad_web\app\controllers\main.php(29): Main::call(Array)
#3 C:\xampp\htdocs\forge2_tpad_web\app\routes.php(5): Main::show(Array)
#4 [internal function]: Forge\Core::{closure}(Array)
#5 C:\xampp\htdocs\forge2_tpad_web\forge\router.php(153): call_user_func(Object(Closure), Array)
#6 C:\xampp\htdocs\forge2_tpad_web\forge\router.php(233): Forge\Router::route_page('~^([^/]+)/([^/]...', Array)
#7 C:\xampp\htdocs\forge2_tpad_web\forge\core.php(100): Forge\Router::call()
#8 C:\xampp\htdocs\forge2_tpad_web\engine.php(111): Forge\Core::startup()
#9 C:\xampp\htdocs\forge2_tpad_web\public\index.php(18): require_once('C:\xampp\htdocs...')
#10 {main}

[28-Sep-2014 07:15:41+0100] #895058 System->call_user_func() expects parameter 1 to be a valid callback, class '\img' not found->#0 [internal function]: {closure}(2, 'call_user_func(...', 'C:\xampp\htdocs...', 14, Array)
#1 C:\xampp\htdocs\forge2_tpad_web\app\controllers\main.php(14): call_user_func('\img::favicon.i...')
#2 C:\xampp\htdocs\forge2_tpad_web\app\controllers\main.php(29): Main::call(Array)
#3 C:\xampp\htdocs\forge2_tpad_web\app\routes.php(5): Main::show(Array)
#4 [internal function]: Forge\Core::{closure}(Array)
#5 C:\xampp\htdocs\forge2_tpad_web\forge\router.php(153): call_user_func(Object(Closure), Array)
#6 C:\xampp\htdocs\forge2_tpad_web\forge\router.php(233): Forge\Router::route_page('~^([^/]+)/([^/]...', Array)
#7 C:\xampp\htdocs\forge2_tpad_web\forge\core.php(100): Forge\Router::call()
#8 C:\xampp\htdocs\forge2_tpad_web\engine.php(111): Forge\Core::startup()
#9 C:\xampp\htdocs\forge2_tpad_web\public\index.php(18): require_once('C:\xampp\htdocs...')
#10 {main}

[28-Sep-2014 07:15:45+0100] #938507 System->call_user_func() expects parameter 1 to be a valid callback, class '\img' not found->#0 [internal function]: {closure}(2, 'call_user_func(...', 'C:\xampp\htdocs...', 14, Array)
#1 C:\xampp\htdocs\forge2_tpad_web\app\controllers\main.php(14): call_user_func('\img::favicon.i...')
#2 C:\xampp\htdocs\forge2_tpad_web\app\controllers\main.php(29): Main::call(Array)
#3 C:\xampp\htdocs\forge2_tpad_web\app\routes.php(5): Main::show(Array)
#4 [internal function]: Forge\Core::{closure}(Array)
#5 C:\xampp\htdocs\forge2_tpad_web\forge\router.php(153): call_user_func(Object(Closure), Array)
#6 C:\xampp\htdocs\forge2_tpad_web\forge\router.php(233): Forge\Router::route_page('~^([^/]+)/([^/]...', Array)
#7 C:\xampp\htdocs\forge2_tpad_web\forge\core.php(100): Forge\Router::call()
#8 C:\xampp\htdocs\forge2_tpad_web\engine.php(111): Forge\Core::startup()
#9 C:\xampp\htdocs\forge2_tpad_web\public\index.php(18): require_once('C:\xampp\htdocs...')
#10 {main}

[28-Sep-2014 07:15:52+0100] #891962 System->call_user_func() expects parameter 1 to be a valid callback, class '\img' not found->#0 [internal function]: {closure}(2, 'call_user_func(...', 'C:\xampp\htdocs...', 14, Array)
#1 C:\xampp\htdocs\forge2_tpad_web\app\controllers\main.php(14): call_user_func('\img::favicon.i...')
#2 C:\xampp\htdocs\forge2_tpad_web\app\controllers\main.php(29): Main::call(Array)
#3 C:\xampp\htdocs\forge2_tpad_web\app\routes.php(5): Main::show(Array)
#4 [internal function]: Forge\Core::{closure}(Array)
#5 C:\xampp\htdocs\forge2_tpad_web\forge\router.php(153): call_user_func(Object(Closure), Array)
#6 C:\xampp\htdocs\forge2_tpad_web\forge\router.php(233): Forge\Router::route_page('~^([^/]+)/([^/]...', Array)
#7 C:\xampp\htdocs\forge2_tpad_web\forge\core.php(100): Forge\Router::call()
#8 C:\xampp\htdocs\forge2_tpad_web\engine.php(111): Forge\Core::startup()
#9 C:\xampp\htdocs\forge2_tpad_web\public\index.php(18): require_once('C:\xampp\htdocs...')
#10 {main}

[28-Sep-2014 07:16:27+0100] #944022 System->call_user_func() expects parameter 1 to be a valid callback, class '\img' not found->#0 [internal function]: {closure}(2, 'call_user_func(...', 'C:\xampp\htdocs...', 14, Array)
#1 C:\xampp\htdocs\forge2_tpad_web\app\controllers\main.php(14): call_user_func('\img::favicon.i...')
#2 C:\xampp\htdocs\forge2_tpad_web\app\controllers\main.php(29): Main::call(Array)
#3 C:\xampp\htdocs\forge2_tpad_web\app\routes.php(5): Main::show(Array)
#4 [internal function]: Forge\Core::{closure}(Array)
#5 C:\xampp\htdocs\forge2_tpad_web\forge\router.php(153): call_user_func(Object(Closure), Array)
#6 C:\xampp\htdocs\forge2_tpad_web\forge\router.php(233): Forge\Router::route_page('~^([^/]+)/([^/]...', Array)
#7 C:\xampp\htdocs\forge2_tpad_web\forge\core.php(100): Forge\Router::call()
#8 C:\xampp\htdocs\forge2_tpad_web\engine.php(111): Forge\Core::startup()
#9 C:\xampp\htdocs\forge2_tpad_web\public\index.php(18): require_once('C:\xampp\htdocs...')
#10 {main}

[28-Sep-2014 07:16:47+0100] #911304 System->call_user_func() expects parameter 1 to be a valid callback, class '\favicon.ico' not found->#0 [internal function]: {closure}(2, 'call_user_func(...', 'C:\xampp\htdocs...', 14, Array)
#1 C:\xampp\htdocs\forge2_tpad_web\app\controllers\main.php(14): call_user_func('\favicon.ico::i...')
#2 C:\xampp\htdocs\forge2_tpad_web\app\controllers\main.php(29): Main::call(Array)
#3 C:\xampp\htdocs\forge2_tpad_web\app\routes.php(5): Main::show(Array)
#4 [internal function]: Forge\Core::{closure}(Array)
#5 C:\xampp\htdocs\forge2_tpad_web\forge\router.php(153): call_user_func(Object(Closure), Array)
#6 C:\xampp\htdocs\forge2_tpad_web\forge\router.php(233): Forge\Router::route_page('~^([^/]+)$~', Array)
#7 C:\xampp\htdocs\forge2_tpad_web\forge\core.php(100): Forge\Router::call()
#8 C:\xampp\htdocs\forge2_tpad_web\engine.php(111): Forge\Core::startup()
#9 C:\xampp\htdocs\forge2_tpad_web\public\index.php(18): require_once('C:\xampp\htdocs...')
#10 {main}

[28-Sep-2014 07:23:37+0100] #951235 System->call_user_func() expects parameter 1 to be a valid callback, class '\img' not found->#0 [internal function]: {closure}(2, 'call_user_func(...', 'C:\xampp\htdocs...', 14, Array)
#1 C:\xampp\htdocs\forge2_tpad_web\app\controllers\main.php(14): call_user_func('\img::favicon.i...')
#2 C:\xampp\htdocs\forge2_tpad_web\app\controllers\main.php(29): Main::call(Array)
#3 C:\xampp\htdocs\forge2_tpad_web\app\routes.php(5): Main::show(Array)
#4 [internal function]: Forge\Core::{closure}(Array)
#5 C:\xampp\htdocs\forge2_tpad_web\forge\router.php(153): call_user_func(Object(Closure), Array)
#6 C:\xampp\htdocs\forge2_tpad_web\forge\router.php(233): Forge\Router::route_page('~^([^/]+)/([^/]...', Array)
#7 C:\xampp\htdocs\forge2_tpad_web\forge\core.php(100): Forge\Router::call()
#8 C:\xampp\htdocs\forge2_tpad_web\engine.php(111): Forge\Core::startup()
#9 C:\xampp\htdocs\forge2_tpad_web\public\index.php(18): require_once('C:\xampp\htdocs...')
#10 {main}

[28-Sep-2014 07:24:18+0100] #909438 System->call_user_func() expects parameter 1 to be a valid callback, class '\Reports_AgentCalls' not found->#0 [internal function]: {closure}(2, 'call_user_func(...', 'C:\xampp\htdocs...', 14, Array)
#1 C:\xampp\htdocs\forge2_tpad_web\app\controllers\main.php(14): call_user_func('\Reports_AgentC...')
#2 C:\xampp\htdocs\forge2_tpad_web\app\controllers\main.php(29): Main::call(Array)
#3 C:\xampp\htdocs\forge2_tpad_web\app\routes.php(5): Main::show(Array)
#4 [internal function]: Forge\Core::{closure}(Array)
#5 C:\xampp\htdocs\forge2_tpad_web\forge\router.php(153): call_user_func(Object(Closure), Array)
#6 C:\xampp\htdocs\forge2_tpad_web\forge\router.php(233): Forge\Router::route_page('~^([^/]+)/([^/]...', Array)
#7 C:\xampp\htdocs\forge2_tpad_web\forge\core.php(100): Forge\Router::call()
#8 C:\xampp\htdocs\forge2_tpad_web\engine.php(111): Forge\Core::startup()
#9 C:\xampp\htdocs\forge2_tpad_web\public\index.php(18): require_once('C:\xampp\htdocs...')
#10 {main}

[28-Sep-2014 07:24:34+0100] #961285 System->call_user_func() expects parameter 1 to be a valid callback, class '\Reports_AgentCalls' not found->#0 [internal function]: {closure}(2, 'call_user_func(...', 'C:\xampp\htdocs...', 14, Array)
#1 C:\xampp\htdocs\forge2_tpad_web\app\controllers\main.php(14): call_user_func('\Reports_AgentC...')
#2 C:\xampp\htdocs\forge2_tpad_web\app\controllers\main.php(29): Main::call(Array)
#3 C:\xampp\htdocs\forge2_tpad_web\app\routes.php(5): Main::show(Array)
#4 [internal function]: Forge\Core::{closure}(Array)
#5 C:\xampp\htdocs\forge2_tpad_web\forge\router.php(153): call_user_func(Object(Closure), Array)
#6 C:\xampp\htdocs\forge2_tpad_web\forge\router.php(233): Forge\Router::route_page('~^([^/]+)/([^/]...', Array)
#7 C:\xampp\htdocs\forge2_tpad_web\forge\core.php(100): Forge\Router::call()
#8 C:\xampp\htdocs\forge2_tpad_web\engine.php(111): Forge\Core::startup()
#9 C:\xampp\htdocs\forge2_tpad_web\public\index.php(18): require_once('C:\xampp\htdocs...')
#10 {main}

[28-Sep-2014 07:24:35+0100] #891967 System->call_user_func() expects parameter 1 to be a valid callback, class '\favicon.ico' not found->#0 [internal function]: {closure}(2, 'call_user_func(...', 'C:\xampp\htdocs...', 14, Array)
#1 C:\xampp\htdocs\forge2_tpad_web\app\controllers\main.php(14): call_user_func('\favicon.ico::i...')
#2 C:\xampp\htdocs\forge2_tpad_web\app\controllers\main.php(29): Main::call(Array)
#3 C:\xampp\htdocs\forge2_tpad_web\app\routes.php(5): Main::show(Array)
#4 [internal function]: Forge\Core::{closure}(Array)
#5 C:\xampp\htdocs\forge2_tpad_web\forge\router.php(153): call_user_func(Object(Closure), Array)
#6 C:\xampp\htdocs\forge2_tpad_web\forge\router.php(233): Forge\Router::route_page('~^([^/]+)$~', Array)
#7 C:\xampp\htdocs\forge2_tpad_web\forge\core.php(100): Forge\Router::call()
#8 C:\xampp\htdocs\forge2_tpad_web\engine.php(111): Forge\Core::startup()
#9 C:\xampp\htdocs\forge2_tpad_web\public\index.php(18): require_once('C:\xampp\htdocs...')
#10 {main}

[28-Sep-2014 07:24:47+0100] #931421 System->call_user_func() expects parameter 1 to be a valid callback, class '\reports_agentcalls' not found->#0 [internal function]: {closure}(2, 'call_user_func(...', 'C:\xampp\htdocs...', 14, Array)
#1 C:\xampp\htdocs\forge2_tpad_web\app\controllers\main.php(14): call_user_func('\reports_agentc...')
#2 C:\xampp\htdocs\forge2_tpad_web\app\controllers\main.php(29): Main::call(Array)
#3 C:\xampp\htdocs\forge2_tpad_web\app\routes.php(5): Main::show(Array)
#4 [internal function]: Forge\Core::{closure}(Array)
#5 C:\xampp\htdocs\forge2_tpad_web\forge\router.php(153): call_user_func(Object(Closure), Array)
#6 C:\xampp\htdocs\forge2_tpad_web\forge\router.php(233): Forge\Router::route_page('~^([^/]+)/([^/]...', Array)
#7 C:\xampp\htdocs\forge2_tpad_web\forge\core.php(100): Forge\Router::call()
#8 C:\xampp\htdocs\forge2_tpad_web\engine.php(111): Forge\Core::startup()
#9 C:\xampp\htdocs\forge2_tpad_web\public\index.php(18): require_once('C:\xampp\htdocs...')
#10 {main}

[28-Sep-2014 07:46:43+0100] #977179 System->call_user_func() expects parameter 1 to be a valid callback, class '\favicon.ico' not found->#0 [internal function]: {closure}(2, 'call_user_func(...', 'C:\xampp\htdocs...', 14, Array)
#1 C:\xampp\htdocs\forge2_tpad_web\app\controllers\main.php(14): call_user_func('\favicon.ico::i...')
#2 C:\xampp\htdocs\forge2_tpad_web\app\controllers\main.php(29): Main::call(Array)
#3 C:\xampp\htdocs\forge2_tpad_web\app\routes.php(5): Main::show(Array)
#4 [internal function]: Forge\Core::{closure}(Array)
#5 C:\xampp\htdocs\forge2_tpad_web\forge\router.php(153): call_user_func(Object(Closure), Array)
#6 C:\xampp\htdocs\forge2_tpad_web\forge\router.php(233): Forge\Router::route_page('~^([^/]+)$~', Array)
#7 C:\xampp\htdocs\forge2_tpad_web\forge\core.php(100): Forge\Router::call()
#8 C:\xampp\htdocs\forge2_tpad_web\engine.php(111): Forge\Core::startup()
#9 C:\xampp\htdocs\forge2_tpad_web\public\index.php(18): require_once('C:\xampp\htdocs...')
#10 {main}

[28-Sep-2014 07:46:57+0100] #943075 System->call_user_func() expects parameter 1 to be a valid callback, class '\favicon.ico' not found->#0 [internal function]: {closure}(2, 'call_user_func(...', 'C:\xampp\htdocs...', 14, Array)
#1 C:\xampp\htdocs\forge2_tpad_web\app\controllers\main.php(14): call_user_func('\favicon.ico::i...')
#2 C:\xampp\htdocs\forge2_tpad_web\app\controllers\main.php(29): Main::call(Array)
#3 C:\xampp\htdocs\forge2_tpad_web\app\routes.php(5): Main::show(Array)
#4 [internal function]: Forge\Core::{closure}(Array)
#5 C:\xampp\htdocs\forge2_tpad_web\forge\router.php(153): call_user_func(Object(Closure), Array)
#6 C:\xampp\htdocs\forge2_tpad_web\forge\router.php(233): Forge\Router::route_page('~^([^/]+)$~', Array)
#7 C:\xampp\htdocs\forge2_tpad_web\forge\core.php(100): Forge\Router::call()
#8 C:\xampp\htdocs\forge2_tpad_web\engine.php(111): Forge\Core::startup()
#9 C:\xampp\htdocs\forge2_tpad_web\public\index.php(18): require_once('C:\xampp\htdocs...')
#10 {main}

[28-Sep-2014 07:47:03+0100] #894470 System->call_user_func() expects parameter 1 to be a valid callback, class '\favicon.ico' not found->#0 [internal function]: {closure}(2, 'call_user_func(...', 'C:\xampp\htdocs...', 14, Array)
#1 C:\xampp\htdocs\forge2_tpad_web\app\controllers\main.php(14): call_user_func('\favicon.ico::i...')
#2 C:\xampp\htdocs\forge2_tpad_web\app\controllers\main.php(29): Main::call(Array)
#3 C:\xampp\htdocs\forge2_tpad_web\app\routes.php(5): Main::show(Array)
#4 [internal function]: Forge\Core::{closure}(Array)
#5 C:\xampp\htdocs\forge2_tpad_web\forge\router.php(153): call_user_func(Object(Closure), Array)
#6 C:\xampp\htdocs\forge2_tpad_web\forge\router.php(233): Forge\Router::route_page('~^([^/]+)$~', Array)
#7 C:\xampp\htdocs\forge2_tpad_web\forge\core.php(100): Forge\Router::call()
#8 C:\xampp\htdocs\forge2_tpad_web\engine.php(111): Forge\Core::startup()
#9 C:\xampp\htdocs\forge2_tpad_web\public\index.php(18): require_once('C:\xampp\htdocs...')
#10 {main}

[28-Sep-2014 07:47:58+0100] #889423 System->call_user_func() expects parameter 1 to be a valid callback, class '\favicon.ico' not found->#0 [internal function]: {closure}(2, 'call_user_func(...', 'C:\xampp\htdocs...', 14, Array)
#1 C:\xampp\htdocs\forge2_tpad_web\app\controllers\main.php(14): call_user_func('\favicon.ico::i...')
#2 C:\xampp\htdocs\forge2_tpad_web\app\controllers\main.php(29): Main::call(Array)
#3 C:\xampp\htdocs\forge2_tpad_web\app\routes.php(5): Main::show(Array)
#4 [internal function]: Forge\Core::{closure}(Array)
#5 C:\xampp\htdocs\forge2_tpad_web\forge\router.php(153): call_user_func(Object(Closure), Array)
#6 C:\xampp\htdocs\forge2_tpad_web\forge\router.php(233): Forge\Router::route_page('~^([^/]+)$~', Array)
#7 C:\xampp\htdocs\forge2_tpad_web\forge\core.php(100): Forge\Router::call()
#8 C:\xampp\htdocs\forge2_tpad_web\engine.php(111): Forge\Core::startup()
#9 C:\xampp\htdocs\forge2_tpad_web\public\index.php(18): require_once('C:\xampp\htdocs...')
#10 {main}

[28-Sep-2014 07:48:17+0100] #983369 System->call_user_func() expects parameter 1 to be a valid callback, class '\favicon.ico' not found->#0 [internal function]: {closure}(2, 'call_user_func(...', 'C:\xampp\htdocs...', 14, Array)
#1 C:\xampp\htdocs\forge2_tpad_web\app\controllers\main.php(14): call_user_func('\favicon.ico::i...')
#2 C:\xampp\htdocs\forge2_tpad_web\app\controllers\main.php(29): Main::call(Array)
#3 C:\xampp\htdocs\forge2_tpad_web\app\routes.php(5): Main::show(Array)
#4 [internal function]: Forge\Core::{closure}(Array)
#5 C:\xampp\htdocs\forge2_tpad_web\forge\router.php(153): call_user_func(Object(Closure), Array)
#6 C:\xampp\htdocs\forge2_tpad_web\forge\router.php(233): Forge\Router::route_page('~^([^/]+)$~', Array)
#7 C:\xampp\htdocs\forge2_tpad_web\forge\core.php(100): Forge\Router::call()
#8 C:\xampp\htdocs\forge2_tpad_web\engine.php(111): Forge\Core::startup()
#9 C:\xampp\htdocs\forge2_tpad_web\public\index.php(18): require_once('C:\xampp\htdocs...')
#10 {main}

[28-Sep-2014 07:48:21+0100] #908571 System->call_user_func() expects parameter 1 to be a valid callback, class '\favicon.ico' not found->#0 [internal function]: {closure}(2, 'call_user_func(...', 'C:\xampp\htdocs...', 14, Array)
#1 C:\xampp\htdocs\forge2_tpad_web\app\controllers\main.php(14): call_user_func('\favicon.ico::i...')
#2 C:\xampp\htdocs\forge2_tpad_web\app\controllers\main.php(29): Main::call(Array)
#3 C:\xampp\htdocs\forge2_tpad_web\app\routes.php(5): Main::show(Array)
#4 [internal function]: Forge\Core::{closure}(Array)
#5 C:\xampp\htdocs\forge2_tpad_web\forge\router.php(153): call_user_func(Object(Closure), Array)
#6 C:\xampp\htdocs\forge2_tpad_web\forge\router.php(233): Forge\Router::route_page('~^([^/]+)$~', Array)
#7 C:\xampp\htdocs\forge2_tpad_web\forge\core.php(100): Forge\Router::call()
#8 C:\xampp\htdocs\forge2_tpad_web\engine.php(111): Forge\Core::startup()
#9 C:\xampp\htdocs\forge2_tpad_web\public\index.php(18): require_once('C:\xampp\htdocs...')
#10 {main}

[28-Sep-2014 07:48:22+0100] #921776 System->call_user_func() expects parameter 1 to be a valid callback, class '\favicon.ico' not found->#0 [internal function]: {closure}(2, 'call_user_func(...', 'C:\xampp\htdocs...', 14, Array)
#1 C:\xampp\htdocs\forge2_tpad_web\app\controllers\main.php(14): call_user_func('\favicon.ico::i...')
#2 C:\xampp\htdocs\forge2_tpad_web\app\controllers\main.php(29): Main::call(Array)
#3 C:\xampp\htdocs\forge2_tpad_web\app\routes.php(5): Main::show(Array)
#4 [internal function]: Forge\Core::{closure}(Array)
#5 C:\xampp\htdocs\forge2_tpad_web\forge\router.php(153): call_user_func(Object(Closure), Array)
#6 C:\xampp\htdocs\forge2_tpad_web\forge\router.php(233): Forge\Router::route_page('~^([^/]+)$~', Array)
#7 C:\xampp\htdocs\forge2_tpad_web\forge\core.php(100): Forge\Router::call()
#8 C:\xampp\htdocs\forge2_tpad_web\engine.php(111): Forge\Core::startup()
#9 C:\xampp\htdocs\forge2_tpad_web\public\index.php(18): require_once('C:\xampp\htdocs...')
#10 {main}

[28-Sep-2014 07:48:23+0100] #955568 System->call_user_func() expects parameter 1 to be a valid callback, class '\favicon.ico' not found->#0 [internal function]: {closure}(2, 'call_user_func(...', 'C:\xampp\htdocs...', 14, Array)
#1 C:\xampp\htdocs\forge2_tpad_web\app\controllers\main.php(14): call_user_func('\favicon.ico::i...')
#2 C:\xampp\htdocs\forge2_tpad_web\app\controllers\main.php(29): Main::call(Array)
#3 C:\xampp\htdocs\forge2_tpad_web\app\routes.php(5): Main::show(Array)
#4 [internal function]: Forge\Core::{closure}(Array)
#5 C:\xampp\htdocs\forge2_tpad_web\forge\router.php(153): call_user_func(Object(Closure), Array)
#6 C:\xampp\htdocs\forge2_tpad_web\forge\router.php(233): Forge\Router::route_page('~^([^/]+)$~', Array)
#7 C:\xampp\htdocs\forge2_tpad_web\forge\core.php(100): Forge\Router::call()
#8 C:\xampp\htdocs\forge2_tpad_web\engine.php(111): Forge\Core::startup()
#9 C:\xampp\htdocs\forge2_tpad_web\public\index.php(18): require_once('C:\xampp\htdocs...')
#10 {main}

[28-Sep-2014 07:48:24+0100] #911653 System->call_user_func() expects parameter 1 to be a valid callback, class '\favicon.ico' not found->#0 [internal function]: {closure}(2, 'call_user_func(...', 'C:\xampp\htdocs...', 14, Array)
#1 C:\xampp\htdocs\forge2_tpad_web\app\controllers\main.php(14): call_user_func('\favicon.ico::i...')
#2 C:\xampp\htdocs\forge2_tpad_web\app\controllers\main.php(29): Main::call(Array)
#3 C:\xampp\htdocs\forge2_tpad_web\app\routes.php(5): Main::show(Array)
#4 [internal function]: Forge\Core::{closure}(Array)
#5 C:\xampp\htdocs\forge2_tpad_web\forge\router.php(153): call_user_func(Object(Closure), Array)
#6 C:\xampp\htdocs\forge2_tpad_web\forge\router.php(233): Forge\Router::route_page('~^([^/]+)$~', Array)
#7 C:\xampp\htdocs\forge2_tpad_web\forge\core.php(100): Forge\Router::call()
#8 C:\xampp\htdocs\forge2_tpad_web\engine.php(111): Forge\Core::startup()
#9 C:\xampp\htdocs\forge2_tpad_web\public\index.php(18): require_once('C:\xampp\htdocs...')
#10 {main}

[28-Sep-2014 07:48:43+0100] #978065 System->call_user_func() expects parameter 1 to be a valid callback, class '\favicon.ico' not found->#0 [internal function]: {closure}(2, 'call_user_func(...', 'C:\xampp\htdocs...', 14, Array)
#1 C:\xampp\htdocs\forge2_tpad_web\app\controllers\main.php(14): call_user_func('\favicon.ico::i...')
#2 C:\xampp\htdocs\forge2_tpad_web\app\controllers\main.php(29): Main::call(Array)
#3 C:\xampp\htdocs\forge2_tpad_web\app\routes.php(5): Main::show(Array)
#4 [internal function]: Forge\Core::{closure}(Array)
#5 C:\xampp\htdocs\forge2_tpad_web\forge\router.php(153): call_user_func(Object(Closure), Array)
#6 C:\xampp\htdocs\forge2_tpad_web\forge\router.php(233): Forge\Router::route_page('~^([^/]+)$~', Array)
#7 C:\xampp\htdocs\forge2_tpad_web\forge\core.php(100): Forge\Router::call()
#8 C:\xampp\htdocs\forge2_tpad_web\engine.php(111): Forge\Core::startup()
#9 C:\xampp\htdocs\forge2_tpad_web\public\index.php(18): require_once('C:\xampp\htdocs...')
#10 {main}

[28-Sep-2014 07:49:07+0100] #976173 System->call_user_func() expects parameter 1 to be a valid callback, class '\favicon.ico' not found->#0 [internal function]: {closure}(2, 'call_user_func(...', 'C:\xampp\htdocs...', 14, Array)
#1 C:\xampp\htdocs\forge2_tpad_web\app\controllers\main.php(14): call_user_func('\favicon.ico::i...')
#2 C:\xampp\htdocs\forge2_tpad_web\app\controllers\main.php(29): Main::call(Array)
#3 C:\xampp\htdocs\forge2_tpad_web\app\routes.php(5): Main::show(Array)
#4 [internal function]: Forge\Core::{closure}(Array)
#5 C:\xampp\htdocs\forge2_tpad_web\forge\router.php(153): call_user_func(Object(Closure), Array)
#6 C:\xampp\htdocs\forge2_tpad_web\forge\router.php(233): Forge\Router::route_page('~^([^/]+)$~', Array)
#7 C:\xampp\htdocs\forge2_tpad_web\forge\core.php(100): Forge\Router::call()
#8 C:\xampp\htdocs\forge2_tpad_web\engine.php(111): Forge\Core::startup()
#9 C:\xampp\htdocs\forge2_tpad_web\public\index.php(18): require_once('C:\xampp\htdocs...')
#10 {main}

[28-Sep-2014 07:50:08+0100] #963920 System->call_user_func() expects parameter 1 to be a valid callback, class '\favicon.ico' not found->#0 [internal function]: {closure}(2, 'call_user_func(...', 'C:\xampp\htdocs...', 14, Array)
#1 C:\xampp\htdocs\forge2_tpad_web\app\controllers\main.php(14): call_user_func('\favicon.ico::i...')
#2 C:\xampp\htdocs\forge2_tpad_web\app\controllers\main.php(29): Main::call(Array)
#3 C:\xampp\htdocs\forge2_tpad_web\app\routes.php(5): Main::show(Array)
#4 [internal function]: Forge\Core::{closure}(Array)
#5 C:\xampp\htdocs\forge2_tpad_web\forge\router.php(153): call_user_func(Object(Closure), Array)
#6 C:\xampp\htdocs\forge2_tpad_web\forge\router.php(233): Forge\Router::route_page('~^([^/]+)$~', Array)
#7 C:\xampp\htdocs\forge2_tpad_web\forge\core.php(100): Forge\Router::call()
#8 C:\xampp\htdocs\forge2_tpad_web\engine.php(111): Forge\Core::startup()
#9 C:\xampp\htdocs\forge2_tpad_web\public\index.php(18): require_once('C:\xampp\htdocs...')
#10 {main}

[28-Sep-2014 07:51:04+0100] #926283 System->call_user_func() expects parameter 1 to be a valid callback, class '\favicon.ico' not found->#0 [internal function]: {closure}(2, 'call_user_func(...', 'C:\xampp\htdocs...', 14, Array)
#1 C:\xampp\htdocs\forge2_tpad_web\app\controllers\main.php(14): call_user_func('\favicon.ico::i...')
#2 C:\xampp\htdocs\forge2_tpad_web\app\controllers\main.php(29): Main::call(Array)
#3 C:\xampp\htdocs\forge2_tpad_web\app\routes.php(5): Main::show(Array)
#4 [internal function]: Forge\Core::{closure}(Array)
#5 C:\xampp\htdocs\forge2_tpad_web\forge\router.php(153): call_user_func(Object(Closure), Array)
#6 C:\xampp\htdocs\forge2_tpad_web\forge\router.php(233): Forge\Router::route_page('~^([^/]+)$~', Array)
#7 C:\xampp\htdocs\forge2_tpad_web\forge\core.php(100): Forge\Router::call()
#8 C:\xampp\htdocs\forge2_tpad_web\engine.php(111): Forge\Core::startup()
#9 C:\xampp\htdocs\forge2_tpad_web\public\index.php(18): require_once('C:\xampp\htdocs...')
#10 {main}

[28-Sep-2014 10:25:24+0100] #910926 System->call_user_func() expects parameter 1 to be a valid callback, class '\img' not found->#0 [internal function]: {closure}(2, 'call_user_func(...', 'C:\\wamp\\www\\tap...', 14, Array)
#1 C:\wamp\www\tapd\app\controllers\main.php(14): call_user_func('\\img::favicon.i...')
#2 C:\wamp\www\tapd\app\controllers\main.php(29): Main::call(Array)
#3 C:\wamp\www\tapd\app\routes.php(5): Main::show(Array)
#4 [internal function]: Forge\Core::{closure}(Array)
#5 C:\wamp\www\tapd\forge\router.php(153): call_user_func(Object(Closure), Array)
#6 C:\wamp\www\tapd\forge\router.php(233): Forge\Router::route_page('~^([^/]+)/([^/]...', Array)
#7 C:\wamp\www\tapd\forge\core.php(100): Forge\Router::call()
#8 C:\wamp\www\tapd\engine.php(111): Forge\Core::startup()
#9 C:\wamp\www\tapd\public\index.php(18): require_once('C:\\wamp\\www\\tap...')
#10 {main}

[28-Sep-2014 10:25:24+0100] #917726 System->call_user_func() expects parameter 1 to be a valid callback, class '\img' not found->#0 [internal function]: {closure}(2, 'call_user_func(...', 'C:\\wamp\\www\\tap...', 14, Array)
#1 C:\wamp\www\tapd\app\controllers\main.php(14): call_user_func('\\img::favicon.i...')
#2 C:\wamp\www\tapd\app\controllers\main.php(29): Main::call(Array)
#3 C:\wamp\www\tapd\app\routes.php(5): Main::show(Array)
#4 [internal function]: Forge\Core::{closure}(Array)
#5 C:\wamp\www\tapd\forge\router.php(153): call_user_func(Object(Closure), Array)
#6 C:\wamp\www\tapd\forge\router.php(233): Forge\Router::route_page('~^([^/]+)/([^/]...', Array)
#7 C:\wamp\www\tapd\forge\core.php(100): Forge\Router::call()
#8 C:\wamp\www\tapd\engine.php(111): Forge\Core::startup()
#9 C:\wamp\www\tapd\public\index.php(18): require_once('C:\\wamp\\www\\tap...')
#10 {main}

[28-Sep-2014 10:48:34+0100] #977759 System->call_user_func() expects parameter 1 to be a valid callback, class '\link' not found->#0 [internal function]: {closure}(2, 'call_user_func(...', 'C:\\wamp\\www\\tap...', 14, Array)
#1 C:\wamp\www\tapd\app\controllers\main.php(14): call_user_func('\\link::index')
#2 C:\wamp\www\tapd\app\controllers\main.php(29): Main::call(Array)
#3 C:\wamp\www\tapd\app\routes.php(5): Main::show(Array)
#4 [internal function]: Forge\Core::{closure}(Array)
#5 C:\wamp\www\tapd\forge\router.php(153): call_user_func(Object(Closure), Array)
#6 C:\wamp\www\tapd\forge\router.php(233): Forge\Router::route_page('~^([^/]+)$~', Array)
#7 C:\wamp\www\tapd\forge\core.php(100): Forge\Router::call()
#8 C:\wamp\www\tapd\engine.php(111): Forge\Core::startup()
#9 C:\wamp\www\tapd\public\index.php(18): require_once('C:\\wamp\\www\\tap...')
#10 {main}

[28-Sep-2014 10:49:06+0100] #996475 System->call_user_func() expects parameter 1 to be a valid callback, class '\link' not found->#0 [internal function]: {closure}(2, 'call_user_func(...', 'C:\\wamp\\www\\tap...', 14, Array)
#1 C:\wamp\www\tapd\app\controllers\main.php(14): call_user_func('\\link::index')
#2 C:\wamp\www\tapd\app\controllers\main.php(29): Main::call(Array)
#3 C:\wamp\www\tapd\app\routes.php(5): Main::show(Array)
#4 [internal function]: Forge\Core::{closure}(Array)
#5 C:\wamp\www\tapd\forge\router.php(153): call_user_func(Object(Closure), Array)
#6 C:\wamp\www\tapd\forge\router.php(233): Forge\Router::route_page('~^([^/]+)$~', Array)
#7 C:\wamp\www\tapd\forge\core.php(100): Forge\Router::call()
#8 C:\wamp\www\tapd\engine.php(111): Forge\Core::startup()
#9 C:\wamp\www\tapd\public\index.php(18): require_once('C:\\wamp\\www\\tap...')
#10 {main}

[28-Sep-2014 11:49:14+0100] #902214 System->call_user_func() expects parameter 1 to be a valid callback, class '\img' not found->#0 [internal function]: {closure}(2, 'call_user_func(...', 'C:\\wamp\\www\\tap...', 14, Array)
#1 C:\wamp\www\tapd\app\controllers\main.php(14): call_user_func('\\img::favicon.i...')
#2 C:\wamp\www\tapd\app\controllers\main.php(29): Main::call(Array)
#3 C:\wamp\www\tapd\app\routes.php(5): Main::show(Array)
#4 [internal function]: Forge\Core::{closure}(Array)
#5 C:\wamp\www\tapd\forge\router.php(153): call_user_func(Object(Closure), Array)
#6 C:\wamp\www\tapd\forge\router.php(233): Forge\Router::route_page('~^([^/]+)/([^/]...', Array)
#7 C:\wamp\www\tapd\forge\core.php(100): Forge\Router::call()
#8 C:\wamp\www\tapd\engine.php(111): Forge\Core::startup()
#9 C:\wamp\www\tapd\public\index.php(18): require_once('C:\\wamp\\www\\tap...')
#10 {main}

[28-Sep-2014 11:49:34+0100] #972352 System->call_user_func() expects parameter 1 to be a valid callback, class '\favicon.ico' not found->#0 [internal function]: {closure}(2, 'call_user_func(...', 'C:\\wamp\\www\\tap...', 14, Array)
#1 C:\wamp\www\tapd\app\controllers\main.php(14): call_user_func('\\favicon.ico::i...')
#2 C:\wamp\www\tapd\app\controllers\main.php(29): Main::call(Array)
#3 C:\wamp\www\tapd\app\routes.php(5): Main::show(Array)
#4 [internal function]: Forge\Core::{closure}(Array)
#5 C:\wamp\www\tapd\forge\router.php(153): call_user_func(Object(Closure), Array)
#6 C:\wamp\www\tapd\forge\router.php(233): Forge\Router::route_page('~^([^/]+)$~', Array)
#7 C:\wamp\www\tapd\forge\core.php(100): Forge\Router::call()
#8 C:\wamp\www\tapd\engine.php(111): Forge\Core::startup()
#9 C:\wamp\www\tapd\public\index.php(18): require_once('C:\\wamp\\www\\tap...')
#10 {main}

[28-Sep-2014 15:24:40+0100] #961439 System->call_user_func() expects parameter 1 to be a valid callback, class '\link' not found->#0 [internal function]: {closure}(2, 'call_user_func(...', 'C:\\wamp\\www\\tap...', 14, Array)
#1 C:\wamp\www\tapd\app\controllers\main.php(14): call_user_func('\\link::index')
#2 C:\wamp\www\tapd\app\controllers\main.php(29): Main::call(Array)
#3 C:\wamp\www\tapd\app\routes.php(5): Main::show(Array)
#4 [internal function]: Forge\Core::{closure}(Array)
#5 C:\wamp\www\tapd\forge\router.php(153): call_user_func(Object(Closure), Array)
#6 C:\wamp\www\tapd\forge\router.php(233): Forge\Router::route_page('~^([^/]+)$~', Array)
#7 C:\wamp\www\tapd\forge\core.php(100): Forge\Router::call()
#8 C:\wamp\www\tapd\engine.php(111): Forge\Core::startup()
#9 C:\wamp\www\tapd\public\index.php(18): require_once('C:\\wamp\\www\\tap...')
#10 {main}

