[28-Aug-2014 09:29:09+0100] #278001 System->Method Illuminate\View\View::__toString() must return a string value->#0 C:\xampp\htdocs\tpad-panel\forge\response.php(36): {closure}(4096, 'Method Illumina...', 'C:\xampp\htdocs...', 36, Array)
#1 C:\xampp\htdocs\tpad-panel\forge\router.php(157): Forge\Response::make(Object(Illuminate\View\View))
#2 C:\xampp\htdocs\tpad-panel\forge\router.php(204): Forge\Router::route_page()
#3 C:\xampp\htdocs\tpad-panel\forge\core.php(100): Forge\Router::call()
#4 C:\xampp\htdocs\tpad-panel\engine.php(111): Forge\Core::startup()
#5 C:\xampp\htdocs\tpad-panel\public\index.php(18): require_once('C:\xampp\htdocs...')
#6 {main}

[28-Aug-2014 10:10:40+0100] #291669 System->Method Illuminate\View\View::__toString() must return a string value->#0 C:\xampp\htdocs\tpad-panel\forge\response.php(36): {closure}(4096, 'Method Illumina...', 'C:\xampp\htdocs...', 36, Array)
#1 C:\xampp\htdocs\tpad-panel\forge\router.php(157): Forge\Response::make(Object(Illuminate\View\View))
#2 C:\xampp\htdocs\tpad-panel\forge\router.php(233): Forge\Router::route_page('~^dbtest$~', Array)
#3 C:\xampp\htdocs\tpad-panel\forge\core.php(100): Forge\Router::call()
#4 C:\xampp\htdocs\tpad-panel\engine.php(111): Forge\Core::startup()
#5 C:\xampp\htdocs\tpad-panel\public\index.php(18): require_once('C:\xampp\htdocs...')
#6 {main}

[28-Aug-2014 10:13:06+0100] #306086 System->SQLSTATE[42S02]: Base table or view not found: 1146 Table 'tpad_panel.forge_test_ads' doesn't exist (SQL: select * from `forge_test_ads` limit 1)->#0 C:\xampp\htdocs\tpad-panel\vendor\illuminate\database\Illuminate\Database\Connection.php(283): Illuminate\Database\Connection->run('select * from `...', Array, Object(Closure))
#1 C:\xampp\htdocs\tpad-panel\vendor\illuminate\database\Illuminate\Database\Query\Builder.php(1291): Illuminate\Database\Connection->select('select * from `...', Array)
#2 C:\xampp\htdocs\tpad-panel\vendor\illuminate\database\Illuminate\Database\Query\Builder.php(1281): Illuminate\Database\Query\Builder->runSelect()
#3 C:\xampp\htdocs\tpad-panel\vendor\illuminate\database\Illuminate\Database\Query\Builder.php(1268): Illuminate\Database\Query\Builder->getFresh(Array)
#4 C:\xampp\htdocs\tpad-panel\vendor\illuminate\database\Illuminate\Database\Eloquent\Builder.php(446): Illuminate\Database\Query\Builder->get(Array)
#5 C:\xampp\htdocs\tpad-panel\vendor\illuminate\database\Illuminate\Database\Eloquent\Builder.php(137): Illuminate\Database\Eloquent\Builder->getModels(Array)
#6 C:\xampp\htdocs\tpad-panel\vendor\illuminate\database\Illuminate\Database\Eloquent\Builder.php(111): Illuminate\Database\Eloquent\Builder->get(Array)
#7 [internal function]: Illuminate\Database\Eloquent\Builder->first()
#8 C:\xampp\htdocs\tpad-panel\vendor\illuminate\database\Illuminate\Database\Eloquent\Model.php(3001): call_user_func_array(Array, Array)
#9 [internal function]: Illuminate\Database\Eloquent\Model->__call('first', Array)
#10 [internal function]: AD\Test\ForgeTestAd->first()
#11 C:\xampp\htdocs\tpad-panel\vendor\illuminate\database\Illuminate\Database\Eloquent\Model.php(3015): call_user_func_array(Array, Array)
#12 C:\xampp\htdocs\tpad-panel\app\models\dbtestmodel.php(7): Illuminate\Database\Eloquent\Model::__callStatic('first', Array)
#13 C:\xampp\htdocs\tpad-panel\app\models\dbtestmodel.php(7): AD\Test\ForgeTestAd::first()
#14 C:\xampp\htdocs\tpad-panel\app\controllers\dbtester.php(8): DbTestModel->getFirstRecord()
#15 C:\xampp\htdocs\tpad-panel\app\routes.php(13): Dbtester::testDb()
#16 [internal function]: Forge\Core::{closure}(Array)
#17 C:\xampp\htdocs\tpad-panel\forge\router.php(153): call_user_func(Object(Closure), Array)
#18 C:\xampp\htdocs\tpad-panel\forge\router.php(233): Forge\Router::route_page('~^dbtest$~', Array)
#19 C:\xampp\htdocs\tpad-panel\forge\core.php(100): Forge\Router::call()
#20 C:\xampp\htdocs\tpad-panel\engine.php(111): Forge\Core::startup()
#21 C:\xampp\htdocs\tpad-panel\public\index.php(18): require_once('C:\xampp\htdocs...')
#22 {main}

