[15-Oct-2014 10:21:34+0100] #428015 System->call_user_func() expects parameter 1 to be a valid callback, class '\img' not found->#0 [internal function]: {closure}(2, 'call_user_func(...', 'C:\\wamp\\www\\tpa...', 14, Array)
#1 C:\wamp\www\tpad\app\controllers\main.php(14): call_user_func('\\img::favicon.i...')
#2 C:\wamp\www\tpad\app\controllers\main.php(30): Main::call(Array)
#3 C:\wamp\www\tpad\app\routes.php(5): Main::show(Array)
#4 [internal function]: Forge\Core::{closure}(Array)
#5 C:\wamp\www\tpad\forge\router.php(153): call_user_func(Object(Closure), Array)
#6 C:\wamp\www\tpad\forge\router.php(233): Forge\Router::route_page('~^([^/]+)/([^/]...', Array)
#7 C:\wamp\www\tpad\forge\core.php(100): Forge\Router::call()
#8 C:\wamp\www\tpad\engine.php(111): Forge\Core::startup()
#9 C:\wamp\www\tpad\public\index.php(18): require_once('C:\\wamp\\www\\tpa...')
#10 {main}

[15-Oct-2014 10:21:34+0100] #432815 System->call_user_func() expects parameter 1 to be a valid callback, class '\img' not found->#0 [internal function]: {closure}(2, 'call_user_func(...', 'C:\\wamp\\www\\tpa...', 14, Array)
#1 C:\wamp\www\tpad\app\controllers\main.php(14): call_user_func('\\img::favicon.i...')
#2 C:\wamp\www\tpad\app\controllers\main.php(30): Main::call(Array)
#3 C:\wamp\www\tpad\app\routes.php(5): Main::show(Array)
#4 [internal function]: Forge\Core::{closure}(Array)
#5 C:\wamp\www\tpad\forge\router.php(153): call_user_func(Object(Closure), Array)
#6 C:\wamp\www\tpad\forge\router.php(233): Forge\Router::route_page('~^([^/]+)/([^/]...', Array)
#7 C:\wamp\www\tpad\forge\core.php(100): Forge\Router::call()
#8 C:\wamp\www\tpad\engine.php(111): Forge\Core::startup()
#9 C:\wamp\www\tpad\public\index.php(18): require_once('C:\\wamp\\www\\tpa...')
#10 {main}

[15-Oct-2014 10:23:22+0100] #392139 System->call_user_func() expects parameter 1 to be a valid callback, class '\img' not found->#0 [internal function]: {closure}(2, 'call_user_func(...', 'C:\\wamp\\www\\tpa...', 14, Array)
#1 C:\wamp\www\tpad\app\controllers\main.php(14): call_user_func('\\img::favicon.i...')
#2 C:\wamp\www\tpad\app\controllers\main.php(30): Main::call(Array)
#3 C:\wamp\www\tpad\app\routes.php(5): Main::show(Array)
#4 [internal function]: Forge\Core::{closure}(Array)
#5 C:\wamp\www\tpad\forge\router.php(153): call_user_func(Object(Closure), Array)
#6 C:\wamp\www\tpad\forge\router.php(233): Forge\Router::route_page('~^([^/]+)/([^/]...', Array)
#7 C:\wamp\www\tpad\forge\core.php(100): Forge\Router::call()
#8 C:\wamp\www\tpad\engine.php(111): Forge\Core::startup()
#9 C:\wamp\www\tpad\public\index.php(18): require_once('C:\\wamp\\www\\tpa...')
#10 {main}

[15-Oct-2014 14:34:23+0100] #391443 System->call_user_func() expects parameter 1 to be a valid callback, class '\favicon.ico' not found->#0 [internal function]: {closure}(2, 'call_user_func(...', 'C:\\wamp\\www\\tpa...', 14, Array)
#1 C:\wamp\www\tpad\app\controllers\main.php(14): call_user_func('\\favicon.ico::i...')
#2 C:\wamp\www\tpad\app\controllers\main.php(30): Main::call(Array)
#3 C:\wamp\www\tpad\app\routes.php(5): Main::show(Array)
#4 [internal function]: Forge\Core::{closure}(Array)
#5 C:\wamp\www\tpad\forge\router.php(153): call_user_func(Object(Closure), Array)
#6 C:\wamp\www\tpad\forge\router.php(233): Forge\Router::route_page('~^([^/]+)$~', Array)
#7 C:\wamp\www\tpad\forge\core.php(100): Forge\Router::call()
#8 C:\wamp\www\tpad\engine.php(111): Forge\Core::startup()
#9 C:\wamp\www\tpad\public\index.php(18): require_once('C:\\wamp\\www\\tpa...')
#10 {main}

[15-Oct-2014 14:34:23+0100] #401243 System->call_user_func() expects parameter 1 to be a valid callback, class '\favicon.ico' not found->#0 [internal function]: {closure}(2, 'call_user_func(...', 'C:\\wamp\\www\\tpa...', 14, Array)
#1 C:\wamp\www\tpad\app\controllers\main.php(14): call_user_func('\\favicon.ico::i...')
#2 C:\wamp\www\tpad\app\controllers\main.php(30): Main::call(Array)
#3 C:\wamp\www\tpad\app\routes.php(5): Main::show(Array)
#4 [internal function]: Forge\Core::{closure}(Array)
#5 C:\wamp\www\tpad\forge\router.php(153): call_user_func(Object(Closure), Array)
#6 C:\wamp\www\tpad\forge\router.php(233): Forge\Router::route_page('~^([^/]+)$~', Array)
#7 C:\wamp\www\tpad\forge\core.php(100): Forge\Router::call()
#8 C:\wamp\www\tpad\engine.php(111): Forge\Core::startup()
#9 C:\wamp\www\tpad\public\index.php(18): require_once('C:\\wamp\\www\\tpa...')
#10 {main}

[15-Oct-2014 14:36:31+0100] #387003 System->Undefined variable: data->#0 C:\wamp\www\tpad\app\ad\pbx\managerad.php(207): {closure}(8, 'Undefined varia...', 'C:\\wamp\\www\\tpa...', 207, Array)
#1 C:\wamp\www\tpad\app\models\managermodel.php(5): AD\Pbx\ManagerAd::listCallforward(5, '842')
#2 C:\wamp\www\tpad\app\controllers\pbxmanagement.php(37): ManagerModel->listCallforward(5, '842')
#3 [internal function]: Pbxmanagement::ajax_get_account()
#4 C:\wamp\www\tpad\app\controllers\main.php(14): call_user_func('\\pbxmanagement:...')
#5 C:\wamp\www\tpad\app\controllers\main.php(30): Main::call(Array)
#6 C:\wamp\www\tpad\app\routes.php(5): Main::show(Array)
#7 [internal function]: Forge\Core::{closure}(Array)
#8 C:\wamp\www\tpad\forge\router.php(153): call_user_func(Object(Closure), Array)
#9 C:\wamp\www\tpad\forge\router.php(233): Forge\Router::route_page('~^([^/]+)/([^/]...', Array)
#10 C:\wamp\www\tpad\forge\core.php(100): Forge\Router::call()
#11 C:\wamp\www\tpad\engine.php(111): Forge\Core::startup()
#12 C:\wamp\www\tpad\public\index.php(18): require_once('C:\\wamp\\www\\tpa...')
#13 {main}

[15-Oct-2014 14:36:40+0100] #409964 System->Undefined variable: data->#0 C:\wamp\www\tpad\app\ad\pbx\managerad.php(207): {closure}(8, 'Undefined varia...', 'C:\\wamp\\www\\tpa...', 207, Array)
#1 C:\wamp\www\tpad\app\models\managermodel.php(5): AD\Pbx\ManagerAd::listCallforward(5, '842')
#2 C:\wamp\www\tpad\app\controllers\pbxmanagement.php(37): ManagerModel->listCallforward(5, '842')
#3 [internal function]: Pbxmanagement::ajax_get_account()
#4 C:\wamp\www\tpad\app\controllers\main.php(14): call_user_func('\\pbxmanagement:...')
#5 C:\wamp\www\tpad\app\controllers\main.php(30): Main::call(Array)
#6 C:\wamp\www\tpad\app\routes.php(5): Main::show(Array)
#7 [internal function]: Forge\Core::{closure}(Array)
#8 C:\wamp\www\tpad\forge\router.php(153): call_user_func(Object(Closure), Array)
#9 C:\wamp\www\tpad\forge\router.php(233): Forge\Router::route_page('~^([^/]+)/([^/]...', Array)
#10 C:\wamp\www\tpad\forge\core.php(100): Forge\Router::call()
#11 C:\wamp\www\tpad\engine.php(111): Forge\Core::startup()
#12 C:\wamp\www\tpad\public\index.php(18): require_once('C:\\wamp\\www\\tpa...')
#13 {main}

[15-Oct-2014 14:37:28+0100] #391586 System->PDOException was thrown when trying get call forward : SQLSTATE[HY093]: Invalid parameter number: parameter was not defined->#0 C:\wamp\www\tpad\app\models\managermodel.php(5): AD\Pbx\ManagerAd::listCallforward(5, '842')
#1 C:\wamp\www\tpad\app\controllers\pbxmanagement.php(37): ManagerModel->listCallforward(5, '842')
#2 [internal function]: Pbxmanagement::ajax_get_account()
#3 C:\wamp\www\tpad\app\controllers\main.php(14): call_user_func('\\pbxmanagement:...')
#4 C:\wamp\www\tpad\app\controllers\main.php(30): Main::call(Array)
#5 C:\wamp\www\tpad\app\routes.php(5): Main::show(Array)
#6 [internal function]: Forge\Core::{closure}(Array)
#7 C:\wamp\www\tpad\forge\router.php(153): call_user_func(Object(Closure), Array)
#8 C:\wamp\www\tpad\forge\router.php(233): Forge\Router::route_page('~^([^/]+)/([^/]...', Array)
#9 C:\wamp\www\tpad\forge\core.php(100): Forge\Router::call()
#10 C:\wamp\www\tpad\engine.php(111): Forge\Core::startup()
#11 C:\wamp\www\tpad\public\index.php(18): require_once('C:\\wamp\\www\\tpa...')
#12 {main}

[15-Oct-2014 14:37:33+0100] #389319 System->PDOException was thrown when trying get call forward : SQLSTATE[HY093]: Invalid parameter number: parameter was not defined->#0 C:\wamp\www\tpad\app\models\managermodel.php(5): AD\Pbx\ManagerAd::listCallforward(5, '842')
#1 C:\wamp\www\tpad\app\controllers\pbxmanagement.php(37): ManagerModel->listCallforward(5, '842')
#2 [internal function]: Pbxmanagement::ajax_get_account()
#3 C:\wamp\www\tpad\app\controllers\main.php(14): call_user_func('\\pbxmanagement:...')
#4 C:\wamp\www\tpad\app\controllers\main.php(30): Main::call(Array)
#5 C:\wamp\www\tpad\app\routes.php(5): Main::show(Array)
#6 [internal function]: Forge\Core::{closure}(Array)
#7 C:\wamp\www\tpad\forge\router.php(153): call_user_func(Object(Closure), Array)
#8 C:\wamp\www\tpad\forge\router.php(233): Forge\Router::route_page('~^([^/]+)/([^/]...', Array)
#9 C:\wamp\www\tpad\forge\core.php(100): Forge\Router::call()
#10 C:\wamp\www\tpad\engine.php(111): Forge\Core::startup()
#11 C:\wamp\www\tpad\public\index.php(18): require_once('C:\\wamp\\www\\tpa...')
#12 {main}

[15-Oct-2014 14:39:00+0100] #416906 System->Array to string conversion->#0 C:\wamp\www\tpad\forge\response.php(36): {closure}(8, 'Array to string...', 'C:\\wamp\\www\\tpa...', 36, Array)
#1 C:\wamp\www\tpad\forge\router.php(157): Forge\Response::make(Array)
#2 C:\wamp\www\tpad\forge\router.php(233): Forge\Router::route_page('~^([^/]+)/([^/]...', Array)
#3 C:\wamp\www\tpad\forge\core.php(100): Forge\Router::call()
#4 C:\wamp\www\tpad\engine.php(111): Forge\Core::startup()
#5 C:\wamp\www\tpad\public\index.php(18): require_once('C:\\wamp\\www\\tpa...')
#6 {main}

[15-Oct-2014 14:43:33+0100] #450942 System->Array to string conversion->#0 C:\wamp\www\tpad\forge\response.php(36): {closure}(8, 'Array to string...', 'C:\\wamp\\www\\tpa...', 36, Array)
#1 C:\wamp\www\tpad\forge\router.php(157): Forge\Response::make(Array)
#2 C:\wamp\www\tpad\forge\router.php(233): Forge\Router::route_page('~^([^/]+)/([^/]...', Array)
#3 C:\wamp\www\tpad\forge\core.php(100): Forge\Router::call()
#4 C:\wamp\www\tpad\engine.php(111): Forge\Core::startup()
#5 C:\wamp\www\tpad\public\index.php(18): require_once('C:\\wamp\\www\\tpa...')
#6 {main}

[15-Oct-2014 17:05:49+0100] #442400 System->Undefined variable: ObjExtensionModel->#0 C:\wamp\www\tpad\app\controllers\pbxmanagement.php(16): {closure}(8, 'Undefined varia...', 'C:\\wamp\\www\\tpa...', 16, Array)
#1 [internal function]: Pbxmanagement::extensions()
#2 C:\wamp\www\tpad\app\controllers\main.php(14): call_user_func('\\pbxmanagement:...')
#3 C:\wamp\www\tpad\app\controllers\main.php(30): Main::call(Array)
#4 C:\wamp\www\tpad\app\routes.php(5): Main::show(Array)
#5 [internal function]: Forge\Core::{closure}(Array)
#6 C:\wamp\www\tpad\forge\router.php(153): call_user_func(Object(Closure), Array)
#7 C:\wamp\www\tpad\forge\router.php(233): Forge\Router::route_page('~^([^/]+)/([^/]...', Array)
#8 C:\wamp\www\tpad\forge\core.php(100): Forge\Router::call()
#9 C:\wamp\www\tpad\engine.php(111): Forge\Core::startup()
#10 C:\wamp\www\tpad\public\index.php(18): require_once('C:\\wamp\\www\\tpa...')
#11 {main}

[15-Oct-2014 17:06:42+0100] #428856 System->PDOException was thrown when trying get dial plans : SQLSTATE[42S02]: Base table or view not found: 1146 Table 'tpadpbx6._dialpatterngroup' doesn't exist->#0 C:\wamp\www\tpad\app\models\managermodel.php(15): AD\Pbx\ManagerAd::listDailplans()
#1 C:\wamp\www\tpad\app\controllers\pbxmanagement.php(16): ManagerModel->listDailplans()
#2 [internal function]: Pbxmanagement::extensions()
#3 C:\wamp\www\tpad\app\controllers\main.php(14): call_user_func('\\pbxmanagement:...')
#4 C:\wamp\www\tpad\app\controllers\main.php(30): Main::call(Array)
#5 C:\wamp\www\tpad\app\routes.php(5): Main::show(Array)
#6 [internal function]: Forge\Core::{closure}(Array)
#7 C:\wamp\www\tpad\forge\router.php(153): call_user_func(Object(Closure), Array)
#8 C:\wamp\www\tpad\forge\router.php(233): Forge\Router::route_page('~^([^/]+)/([^/]...', Array)
#9 C:\wamp\www\tpad\forge\core.php(100): Forge\Router::call()
#10 C:\wamp\www\tpad\engine.php(111): Forge\Core::startup()
#11 C:\wamp\www\tpad\public\index.php(18): require_once('C:\\wamp\\www\\tpa...')
#12 {main}

[15-Oct-2014 17:09:50+0100] #401417 System->PDOException was thrown when trying get dial plans : SQLSTATE[42S02]: Base table or view not found: 1146 Table 'tpadpbx6.tpadpbx6_dialpatterngroup' doesn't exist->#0 C:\wamp\www\tpad\app\models\managermodel.php(15): AD\Pbx\ManagerAd::listDailplans()
#1 C:\wamp\www\tpad\app\controllers\pbxmanagement.php(16): ManagerModel->listDailplans()
#2 [internal function]: Pbxmanagement::extensions()
#3 C:\wamp\www\tpad\app\controllers\main.php(14): call_user_func('\\pbxmanagement:...')
#4 C:\wamp\www\tpad\app\controllers\main.php(30): Main::call(Array)
#5 C:\wamp\www\tpad\app\routes.php(5): Main::show(Array)
#6 [internal function]: Forge\Core::{closure}(Array)
#7 C:\wamp\www\tpad\forge\router.php(153): call_user_func(Object(Closure), Array)
#8 C:\wamp\www\tpad\forge\router.php(233): Forge\Router::route_page('~^([^/]+)/([^/]...', Array)
#9 C:\wamp\www\tpad\forge\core.php(100): Forge\Router::call()
#10 C:\wamp\www\tpad\engine.php(111): Forge\Core::startup()
#11 C:\wamp\www\tpad\public\index.php(18): require_once('C:\\wamp\\www\\tpa...')
#12 {main}

[15-Oct-2014 17:46:03+0100] #428421 System->Missing argument 1 for AD\Pbx\ManagerAd::listCallpickup(), called in C:\wamp\www\tpad\app\models\managermodel.php on line 20 and defined->#0 C:\wamp\www\tpad\app\ad\pbx\managerad.php(246): {closure}(2, 'Missing argumen...', 'C:\\wamp\\www\\tpa...', 246, Array)
#1 C:\wamp\www\tpad\app\models\managermodel.php(20): AD\Pbx\ManagerAd::listCallpickup()
#2 C:\wamp\www\tpad\app\controllers\pbxmanagement.php(19): ManagerModel->listCallpickup()
#3 [internal function]: Pbxmanagement::extensions()
#4 C:\wamp\www\tpad\app\controllers\main.php(14): call_user_func('\\pbxmanagement:...')
#5 C:\wamp\www\tpad\app\controllers\main.php(30): Main::call(Array)
#6 C:\wamp\www\tpad\app\routes.php(5): Main::show(Array)
#7 [internal function]: Forge\Core::{closure}(Array)
#8 C:\wamp\www\tpad\forge\router.php(153): call_user_func(Object(Closure), Array)
#9 C:\wamp\www\tpad\forge\router.php(233): Forge\Router::route_page('~^([^/]+)/([^/]...', Array)
#10 C:\wamp\www\tpad\forge\core.php(100): Forge\Router::call()
#11 C:\wamp\www\tpad\engine.php(111): Forge\Core::startup()
#12 C:\wamp\www\tpad\public\index.php(18): require_once('C:\\wamp\\www\\tpa...')
#13 {main}

[15-Oct-2014 17:51:10+0100] #464286 System->Method Illuminate\View\View::__toString() must return a string value->#0 C:\wamp\www\tpad\forge\response.php(36): {closure}(4096, 'Method Illumina...', 'C:\\wamp\\www\\tpa...', 36, Array)
#1 C:\wamp\www\tpad\forge\router.php(157): Forge\Response::make(Object(Illuminate\View\View))
#2 C:\wamp\www\tpad\forge\router.php(233): Forge\Router::route_page('~^([^/]+)/([^/]...', Array)
#3 C:\wamp\www\tpad\forge\core.php(100): Forge\Router::call()
#4 C:\wamp\www\tpad\engine.php(111): Forge\Core::startup()
#5 C:\wamp\www\tpad\public\index.php(18): require_once('C:\\wamp\\www\\tpa...')
#6 {main}

