[30-Sep-2014 09:30:46+0100] #080333 System->call_user_func() expects parameter 1 to be a valid callback, class '\favicon.ico' not found->#0 [internal function]: {closure}(2, 'call_user_func(...', 'C:\\wamp\\www\\tap...', 14, Array)
#1 C:\wamp\www\tapd\app\controllers\main.php(14): call_user_func('\\favicon.ico::i...')
#2 C:\wamp\www\tapd\app\controllers\main.php(29): Main::call(Array)
#3 C:\wamp\www\tapd\app\routes.php(5): Main::show(Array)
#4 [internal function]: Forge\Core::{closure}(Array)
#5 C:\wamp\www\tapd\forge\router.php(153): call_user_func(Object(Closure), Array)
#6 C:\wamp\www\tapd\forge\router.php(233): Forge\Router::route_page('~^([^/]+)$~', Array)
#7 C:\wamp\www\tapd\forge\core.php(100): Forge\Router::call()
#8 C:\wamp\www\tapd\engine.php(111): Forge\Core::startup()
#9 C:\wamp\www\tapd\public\index.php(18): require_once('C:\\wamp\\www\\tap...')
#10 {main}

[30-Sep-2014 09:30:46+0100] #088433 System->call_user_func() expects parameter 1 to be a valid callback, class '\favicon.ico' not found->#0 [internal function]: {closure}(2, 'call_user_func(...', 'C:\\wamp\\www\\tap...', 14, Array)
#1 C:\wamp\www\tapd\app\controllers\main.php(14): call_user_func('\\favicon.ico::i...')
#2 C:\wamp\www\tapd\app\controllers\main.php(29): Main::call(Array)
#3 C:\wamp\www\tapd\app\routes.php(5): Main::show(Array)
#4 [internal function]: Forge\Core::{closure}(Array)
#5 C:\wamp\www\tapd\forge\router.php(153): call_user_func(Object(Closure), Array)
#6 C:\wamp\www\tapd\forge\router.php(233): Forge\Router::route_page('~^([^/]+)$~', Array)
#7 C:\wamp\www\tapd\forge\core.php(100): Forge\Router::call()
#8 C:\wamp\www\tapd\engine.php(111): Forge\Core::startup()
#9 C:\wamp\www\tapd\public\index.php(18): require_once('C:\\wamp\\www\\tap...')
#10 {main}

[30-Sep-2014 11:45:28+0100] #152345 System->PDOException was thrown when trying to get extensions: SQLSTATE[42S02]: Base table or view not found: 1146 Table 'tpadpbx6.tp_accountss' doesn't exist->#0 C:\wamp\www\tapd\app\models\extensionmodel.php(22): AD\Pbx\ExtensionAd::getAll(5, '', Array)
#1 C:\wamp\www\tapd\app\controllers\pbxmanagement.php(13): ExtensionModel->getAll(5, '', '1')
#2 [internal function]: Pbxmanagement::ajax_list()
#3 C:\wamp\www\tapd\app\controllers\main.php(14): call_user_func('\\pbxmanagement:...')
#4 C:\wamp\www\tapd\app\controllers\main.php(29): Main::call(Array)
#5 C:\wamp\www\tapd\app\routes.php(5): Main::show(Array)
#6 [internal function]: Forge\Core::{closure}(Array)
#7 C:\wamp\www\tapd\forge\router.php(153): call_user_func(Object(Closure), Array)
#8 C:\wamp\www\tapd\forge\router.php(233): Forge\Router::route_page('~^([^/]+)/([^/]...', Array)
#9 C:\wamp\www\tapd\forge\core.php(100): Forge\Router::call()
#10 C:\wamp\www\tapd\engine.php(111): Forge\Core::startup()
#11 C:\wamp\www\tapd\public\index.php(18): require_once('C:\\wamp\\www\\tap...')
#12 {main}

[30-Sep-2014 11:45:45+0100] #149359 System->PDOException was thrown when trying to get extensions: SQLSTATE[42S02]: Base table or view not found: 1146 Table 'tpadpbx6.tp_accountss' doesn't exist->#0 C:\wamp\www\tapd\app\models\extensionmodel.php(22): AD\Pbx\ExtensionAd::getAll(5, '', Array)
#1 C:\wamp\www\tapd\app\controllers\pbxmanagement.php(13): ExtensionModel->getAll(5, '', '1')
#2 [internal function]: Pbxmanagement::ajax_list()
#3 C:\wamp\www\tapd\app\controllers\main.php(14): call_user_func('\\pbxmanagement:...')
#4 C:\wamp\www\tapd\app\controllers\main.php(29): Main::call(Array)
#5 C:\wamp\www\tapd\app\routes.php(5): Main::show(Array)
#6 [internal function]: Forge\Core::{closure}(Array)
#7 C:\wamp\www\tapd\forge\router.php(153): call_user_func(Object(Closure), Array)
#8 C:\wamp\www\tapd\forge\router.php(233): Forge\Router::route_page('~^([^/]+)/([^/]...', Array)
#9 C:\wamp\www\tapd\forge\core.php(100): Forge\Router::call()
#10 C:\wamp\www\tapd\engine.php(111): Forge\Core::startup()
#11 C:\wamp\www\tapd\public\index.php(18): require_once('C:\\wamp\\www\\tap...')
#12 {main}

[30-Sep-2014 13:49:10+0100] #146817 System->Use of undefined constant keywords - assumed 'keywords'->#0 C:\wamp\www\tapd\app\controllers\pbxmanagement.php(15): {closure}(8, 'Use of undefine...', 'C:\\wamp\\www\\tap...', 15, Array)
#1 [internal function]: Pbxmanagement::ajax_list()
#2 C:\wamp\www\tapd\app\controllers\main.php(14): call_user_func('\\pbxmanagement:...')
#3 C:\wamp\www\tapd\app\controllers\main.php(29): Main::call(Array)
#4 C:\wamp\www\tapd\app\routes.php(5): Main::show(Array)
#5 [internal function]: Forge\Core::{closure}(Array)
#6 C:\wamp\www\tapd\forge\router.php(153): call_user_func(Object(Closure), Array)
#7 C:\wamp\www\tapd\forge\router.php(233): Forge\Router::route_page('~^([^/]+)/([^/]...', Array)
#8 C:\wamp\www\tapd\forge\core.php(100): Forge\Router::call()
#9 C:\wamp\www\tapd\engine.php(111): Forge\Core::startup()
#10 C:\wamp\www\tapd\public\index.php(18): require_once('C:\\wamp\\www\\tap...')
#11 {main}

[30-Sep-2014 13:49:26+0100] #122624 System->Use of undefined constant keywords - assumed 'keywords'->#0 C:\wamp\www\tapd\app\controllers\pbxmanagement.php(15): {closure}(8, 'Use of undefine...', 'C:\\wamp\\www\\tap...', 15, Array)
#1 [internal function]: Pbxmanagement::ajax_list()
#2 C:\wamp\www\tapd\app\controllers\main.php(14): call_user_func('\\pbxmanagement:...')
#3 C:\wamp\www\tapd\app\controllers\main.php(29): Main::call(Array)
#4 C:\wamp\www\tapd\app\routes.php(5): Main::show(Array)
#5 [internal function]: Forge\Core::{closure}(Array)
#6 C:\wamp\www\tapd\forge\router.php(153): call_user_func(Object(Closure), Array)
#7 C:\wamp\www\tapd\forge\router.php(233): Forge\Router::route_page('~^([^/]+)/([^/]...', Array)
#8 C:\wamp\www\tapd\forge\core.php(100): Forge\Router::call()
#9 C:\wamp\www\tapd\engine.php(111): Forge\Core::startup()
#10 C:\wamp\www\tapd\public\index.php(18): require_once('C:\\wamp\\www\\tap...')
#11 {main}

[30-Sep-2014 14:12:23+0100] #093475 System->call_user_func() expects parameter 1 to be a valid callback, class '\img' not found->#0 [internal function]: {closure}(2, 'call_user_func(...', 'C:\\wamp\\www\\tap...', 14, Array)
#1 C:\wamp\www\tapd\app\controllers\main.php(14): call_user_func('\\img::favicon.i...')
#2 C:\wamp\www\tapd\app\controllers\main.php(29): Main::call(Array)
#3 C:\wamp\www\tapd\app\routes.php(5): Main::show(Array)
#4 [internal function]: Forge\Core::{closure}(Array)
#5 C:\wamp\www\tapd\forge\router.php(153): call_user_func(Object(Closure), Array)
#6 C:\wamp\www\tapd\forge\router.php(233): Forge\Router::route_page('~^([^/]+)/([^/]...', Array)
#7 C:\wamp\www\tapd\forge\core.php(100): Forge\Router::call()
#8 C:\wamp\www\tapd\engine.php(111): Forge\Core::startup()
#9 C:\wamp\www\tapd\public\index.php(18): require_once('C:\\wamp\\www\\tap...')
#10 {main}

[30-Sep-2014 14:12:23+0100] #108676 System->call_user_func() expects parameter 1 to be a valid callback, class '\img' not found->#0 [internal function]: {closure}(2, 'call_user_func(...', 'C:\\wamp\\www\\tap...', 14, Array)
#1 C:\wamp\www\tapd\app\controllers\main.php(14): call_user_func('\\img::favicon.i...')
#2 C:\wamp\www\tapd\app\controllers\main.php(29): Main::call(Array)
#3 C:\wamp\www\tapd\app\routes.php(5): Main::show(Array)
#4 [internal function]: Forge\Core::{closure}(Array)
#5 C:\wamp\www\tapd\forge\router.php(153): call_user_func(Object(Closure), Array)
#6 C:\wamp\www\tapd\forge\router.php(233): Forge\Router::route_page('~^([^/]+)/([^/]...', Array)
#7 C:\wamp\www\tapd\forge\core.php(100): Forge\Router::call()
#8 C:\wamp\www\tapd\engine.php(111): Forge\Core::startup()
#9 C:\wamp\www\tapd\public\index.php(18): require_once('C:\\wamp\\www\\tap...')
#10 {main}

[30-Sep-2014 16:56:04+0100] #093568 System->call_user_func() expects parameter 1 to be a valid callback, class '\link' not found->#0 [internal function]: {closure}(2, 'call_user_func(...', 'C:\\wamp\\www\\tap...', 14, Array)
#1 C:\wamp\www\tapd\app\controllers\main.php(14): call_user_func('\\link::index')
#2 C:\wamp\www\tapd\app\controllers\main.php(29): Main::call(Array)
#3 C:\wamp\www\tapd\app\routes.php(5): Main::show(Array)
#4 [internal function]: Forge\Core::{closure}(Array)
#5 C:\wamp\www\tapd\forge\router.php(153): call_user_func(Object(Closure), Array)
#6 C:\wamp\www\tapd\forge\router.php(233): Forge\Router::route_page('~^([^/]+)$~', Array)
#7 C:\wamp\www\tapd\forge\core.php(100): Forge\Router::call()
#8 C:\wamp\www\tapd\engine.php(111): Forge\Core::startup()
#9 C:\wamp\www\tapd\public\index.php(18): require_once('C:\\wamp\\www\\tap...')
#10 {main}

