[11-Oct-2014 10:20:54+0100] #022991 System->call_user_func() expects parameter 1 to be a valid callback, class '\img' not found->#0 [internal function]: {closure}(2, 'call_user_func(...', 'C:\\wamp\\www\\tap...', 14, Array)
#1 C:\wamp\www\tapd\app\controllers\main.php(14): call_user_func('\\img::favicon.i...')
#2 C:\wamp\www\tapd\app\controllers\main.php(29): Main::call(Array)
#3 C:\wamp\www\tapd\app\routes.php(5): Main::show(Array)
#4 [internal function]: Forge\Core::{closure}(Array)
#5 C:\wamp\www\tapd\forge\router.php(153): call_user_func(Object(Closure), Array)
#6 C:\wamp\www\tapd\forge\router.php(233): Forge\Router::route_page('~^([^/]+)/([^/]...', Array)
#7 C:\wamp\www\tapd\forge\core.php(100): Forge\Router::call()
#8 C:\wamp\www\tapd\engine.php(111): Forge\Core::startup()
#9 C:\wamp\www\tapd\public\index.php(18): require_once('C:\\wamp\\www\\tap...')
#10 {main}

[11-Oct-2014 10:20:55+0100] #053199 System->call_user_func() expects parameter 1 to be a valid callback, class '\img' not found->#0 [internal function]: {closure}(2, 'call_user_func(...', 'C:\\wamp\\www\\tap...', 14, Array)
#1 C:\wamp\www\tapd\app\controllers\main.php(14): call_user_func('\\img::favicon.i...')
#2 C:\wamp\www\tapd\app\controllers\main.php(29): Main::call(Array)
#3 C:\wamp\www\tapd\app\routes.php(5): Main::show(Array)
#4 [internal function]: Forge\Core::{closure}(Array)
#5 C:\wamp\www\tapd\forge\router.php(153): call_user_func(Object(Closure), Array)
#6 C:\wamp\www\tapd\forge\router.php(233): Forge\Router::route_page('~^([^/]+)/([^/]...', Array)
#7 C:\wamp\www\tapd\forge\core.php(100): Forge\Router::call()
#8 C:\wamp\www\tapd\engine.php(111): Forge\Core::startup()
#9 C:\wamp\www\tapd\public\index.php(18): require_once('C:\\wamp\\www\\tap...')
#10 {main}

[11-Oct-2014 10:50:27+0100] #046306 System->call_user_func() expects parameter 1 to be a valid callback, class '\favicon.ico' not found->#0 [internal function]: {closure}(2, 'call_user_func(...', 'C:\\wamp\\www\\tap...', 14, Array)
#1 C:\wamp\www\tapd\app\controllers\main.php(14): call_user_func('\\favicon.ico::i...')
#2 C:\wamp\www\tapd\app\controllers\main.php(29): Main::call(Array)
#3 C:\wamp\www\tapd\app\routes.php(5): Main::show(Array)
#4 [internal function]: Forge\Core::{closure}(Array)
#5 C:\wamp\www\tapd\forge\router.php(153): call_user_func(Object(Closure), Array)
#6 C:\wamp\www\tapd\forge\router.php(233): Forge\Router::route_page('~^([^/]+)$~', Array)
#7 C:\wamp\www\tapd\forge\core.php(100): Forge\Router::call()
#8 C:\wamp\www\tapd\engine.php(111): Forge\Core::startup()
#9 C:\wamp\www\tapd\public\index.php(18): require_once('C:\\wamp\\www\\tap...')
#10 {main}

[11-Oct-2014 10:50:27+0100] #056407 System->call_user_func() expects parameter 1 to be a valid callback, class '\favicon.ico' not found->#0 [internal function]: {closure}(2, 'call_user_func(...', 'C:\\wamp\\www\\tap...', 14, Array)
#1 C:\wamp\www\tapd\app\controllers\main.php(14): call_user_func('\\favicon.ico::i...')
#2 C:\wamp\www\tapd\app\controllers\main.php(29): Main::call(Array)
#3 C:\wamp\www\tapd\app\routes.php(5): Main::show(Array)
#4 [internal function]: Forge\Core::{closure}(Array)
#5 C:\wamp\www\tapd\forge\router.php(153): call_user_func(Object(Closure), Array)
#6 C:\wamp\www\tapd\forge\router.php(233): Forge\Router::route_page('~^([^/]+)$~', Array)
#7 C:\wamp\www\tapd\forge\core.php(100): Forge\Router::call()
#8 C:\wamp\www\tapd\engine.php(111): Forge\Core::startup()
#9 C:\wamp\www\tapd\public\index.php(18): require_once('C:\\wamp\\www\\tap...')
#10 {main}

[11-Oct-2014 12:27:09+0100] #087396 System->PDOException was thrown when trying to get call group count: SQLSTATE[42S22]: Column not found: 1054 Unknown column 'callpickup_id' in 'field list'->#0 C:\wamp\www\tapd\app\ad\pbx\callgroupad.php(65): AD\Pbx\CallgroupAd::getTotalRows('tp_account', 'WHERE customer_...', Array)
#1 C:\wamp\www\tapd\app\models\callgroupmodel.php(23): AD\Pbx\CallgroupAd::getAll(5, '', Array)
#2 C:\wamp\www\tapd\app\controllers\pbxmanagement.php(49): CallgroupModel->getAll(5, '', 1, '')
#3 [internal function]: Pbxmanagement::ajax_callgroup_list()
#4 C:\wamp\www\tapd\app\controllers\main.php(14): call_user_func('\\pbxmanagement:...')
#5 C:\wamp\www\tapd\app\controllers\main.php(29): Main::call(Array)
#6 C:\wamp\www\tapd\app\routes.php(5): Main::show(Array)
#7 [internal function]: Forge\Core::{closure}(Array)
#8 C:\wamp\www\tapd\forge\router.php(153): call_user_func(Object(Closure), Array)
#9 C:\wamp\www\tapd\forge\router.php(233): Forge\Router::route_page('~^([^/]+)/([^/]...', Array)
#10 C:\wamp\www\tapd\forge\core.php(100): Forge\Router::call()
#11 C:\wamp\www\tapd\engine.php(111): Forge\Core::startup()
#12 C:\wamp\www\tapd\public\index.php(18): require_once('C:\\wamp\\www\\tap...')
#13 {main}

[11-Oct-2014 12:28:49+0100] #112069 System->PDOException was thrown when trying to get call grouup: SQLSTATE[42000]: Syntax error or access violation: 1064 You have an error in your SQL syntax; check the manual that corresponds to your MySQL server version for the right syntax to use near '->table} WHERE customer_id = ? LIMIT 0, 15' at line 1->#0 C:\wamp\www\tapd\app\models\callgroupmodel.php(23): AD\Pbx\CallgroupAd::getAll(5, '', Array)
#1 C:\wamp\www\tapd\app\controllers\pbxmanagement.php(49): CallgroupModel->getAll(5, '', 1, '')
#2 [internal function]: Pbxmanagement::ajax_callgroup_list()
#3 C:\wamp\www\tapd\app\controllers\main.php(14): call_user_func('\\pbxmanagement:...')
#4 C:\wamp\www\tapd\app\controllers\main.php(29): Main::call(Array)
#5 C:\wamp\www\tapd\app\routes.php(5): Main::show(Array)
#6 [internal function]: Forge\Core::{closure}(Array)
#7 C:\wamp\www\tapd\forge\router.php(153): call_user_func(Object(Closure), Array)
#8 C:\wamp\www\tapd\forge\router.php(233): Forge\Router::route_page('~^([^/]+)/([^/]...', Array)
#9 C:\wamp\www\tapd\forge\core.php(100): Forge\Router::call()
#10 C:\wamp\www\tapd\engine.php(111): Forge\Core::startup()
#11 C:\wamp\www\tapd\public\index.php(18): require_once('C:\\wamp\\www\\tap...')
#12 {main}

[11-Oct-2014 12:29:13+0100] #107030 System->PDOException was thrown when trying to get call grouup: SQLSTATE[42000]: Syntax error or access violation: 1064 You have an error in your SQL syntax; check the manual that corresponds to your MySQL server version for the right syntax to use near '->table} WHERE customer_id = ? LIMIT 0, 15' at line 1->#0 C:\wamp\www\tapd\app\models\callgroupmodel.php(23): AD\Pbx\CallgroupAd::getAll(5, '', Array)
#1 C:\wamp\www\tapd\app\controllers\pbxmanagement.php(49): CallgroupModel->getAll(5, '', 1, '')
#2 [internal function]: Pbxmanagement::ajax_callgroup_list()
#3 C:\wamp\www\tapd\app\controllers\main.php(14): call_user_func('\\pbxmanagement:...')
#4 C:\wamp\www\tapd\app\controllers\main.php(29): Main::call(Array)
#5 C:\wamp\www\tapd\app\routes.php(5): Main::show(Array)
#6 [internal function]: Forge\Core::{closure}(Array)
#7 C:\wamp\www\tapd\forge\router.php(153): call_user_func(Object(Closure), Array)
#8 C:\wamp\www\tapd\forge\router.php(233): Forge\Router::route_page('~^([^/]+)/([^/]...', Array)
#9 C:\wamp\www\tapd\forge\core.php(100): Forge\Router::call()
#10 C:\wamp\www\tapd\engine.php(111): Forge\Core::startup()
#11 C:\wamp\www\tapd\public\index.php(18): require_once('C:\\wamp\\www\\tap...')
#12 {main}

[11-Oct-2014 12:29:28+0100] #032827 System->PDOException was thrown when trying to get call grouup: SQLSTATE[42000]: Syntax error or access violation: 1064 You have an error in your SQL syntax; check the manual that corresponds to your MySQL server version for the right syntax to use near '->table} WHERE customer_id = ? LIMIT 0, 15' at line 1->#0 C:\wamp\www\tapd\app\models\callgroupmodel.php(23): AD\Pbx\CallgroupAd::getAll(5, '', Array)
#1 C:\wamp\www\tapd\app\controllers\pbxmanagement.php(49): CallgroupModel->getAll(5, '', 1, '')
#2 [internal function]: Pbxmanagement::ajax_callgroup_list()
#3 C:\wamp\www\tapd\app\controllers\main.php(14): call_user_func('\\pbxmanagement:...')
#4 C:\wamp\www\tapd\app\controllers\main.php(29): Main::call(Array)
#5 C:\wamp\www\tapd\app\routes.php(5): Main::show(Array)
#6 [internal function]: Forge\Core::{closure}(Array)
#7 C:\wamp\www\tapd\forge\router.php(153): call_user_func(Object(Closure), Array)
#8 C:\wamp\www\tapd\forge\router.php(233): Forge\Router::route_page('~^([^/]+)/([^/]...', Array)
#9 C:\wamp\www\tapd\forge\core.php(100): Forge\Router::call()
#10 C:\wamp\www\tapd\engine.php(111): Forge\Core::startup()
#11 C:\wamp\www\tapd\public\index.php(18): require_once('C:\\wamp\\www\\tap...')
#12 {main}

[11-Oct-2014 12:41:35+0100] #054613 System->PDOException was thrown when trying to get call group count: SQLSTATE[42S22]: Column not found: 1054 Unknown column 'callpickup_id' in 'field list'->#0 C:\wamp\www\tapd\app\ad\pbx\callgroupad.php(64): AD\Pbx\CallgroupAd::getTotalRows('tp_account', 'WHERE customer_...', Array)
#1 C:\wamp\www\tapd\app\models\callgroupmodel.php(23): AD\Pbx\CallgroupAd::getAll(5, '', Array)
#2 C:\wamp\www\tapd\app\controllers\pbxmanagement.php(49): CallgroupModel->getAll(5, '', 1, '')
#3 [internal function]: Pbxmanagement::ajax_callgroup_list()
#4 C:\wamp\www\tapd\app\controllers\main.php(14): call_user_func('\\pbxmanagement:...')
#5 C:\wamp\www\tapd\app\controllers\main.php(29): Main::call(Array)
#6 C:\wamp\www\tapd\app\routes.php(5): Main::show(Array)
#7 [internal function]: Forge\Core::{closure}(Array)
#8 C:\wamp\www\tapd\forge\router.php(153): call_user_func(Object(Closure), Array)
#9 C:\wamp\www\tapd\forge\router.php(233): Forge\Router::route_page('~^([^/]+)/([^/]...', Array)
#10 C:\wamp\www\tapd\forge\core.php(100): Forge\Router::call()
#11 C:\wamp\www\tapd\engine.php(111): Forge\Core::startup()
#12 C:\wamp\www\tapd\public\index.php(18): require_once('C:\\wamp\\www\\tap...')
#13 {main}

[11-Oct-2014 13:48:15+0100] #114095 System->Undefined variable: callpickup_id->#0 C:\wamp\www\tapd\app\ad\pbx\announcementad.php(41): {closure}(8, 'Undefined varia...', 'C:\\wamp\\www\\tap...', 41, Array)
#1 C:\wamp\www\tapd\app\models\announcementmodel.php(23): AD\Pbx\AnnouncementAd::getAll(5, '', Array)
#2 C:\wamp\www\tapd\app\controllers\pbxmanagement.php(87): AnnouncementModel->getAll(5, '', 1, '')
#3 [internal function]: Pbxmanagement::ajax_announcement_list()
#4 C:\wamp\www\tapd\app\controllers\main.php(14): call_user_func('\\pbxmanagement:...')
#5 C:\wamp\www\tapd\app\controllers\main.php(29): Main::call(Array)
#6 C:\wamp\www\tapd\app\routes.php(5): Main::show(Array)
#7 [internal function]: Forge\Core::{closure}(Array)
#8 C:\wamp\www\tapd\forge\router.php(153): call_user_func(Object(Closure), Array)
#9 C:\wamp\www\tapd\forge\router.php(233): Forge\Router::route_page('~^([^/]+)/([^/]...', Array)
#10 C:\wamp\www\tapd\forge\core.php(100): Forge\Router::call()
#11 C:\wamp\www\tapd\engine.php(111): Forge\Core::startup()
#12 C:\wamp\www\tapd\public\index.php(18): require_once('C:\\wamp\\www\\tap...')
#13 {main}

[11-Oct-2014 13:48:34+0100] #051619 System->PDOException was thrown when trying to get call grouup: SQLSTATE[42000]: Syntax error or access violation: 1064 You have an error in your SQL syntax; check the manual that corresponds to your MySQL server version for the right syntax to use near 'is not null and `name`<>'system'  AND customer_id = ? LIMIT 0, 15' at line 1->#0 C:\wamp\www\tapd\app\models\announcementmodel.php(23): AD\Pbx\AnnouncementAd::getAll(5, '', Array)
#1 C:\wamp\www\tapd\app\controllers\pbxmanagement.php(87): AnnouncementModel->getAll(5, '', 1, '')
#2 [internal function]: Pbxmanagement::ajax_announcement_list()
#3 C:\wamp\www\tapd\app\controllers\main.php(14): call_user_func('\\pbxmanagement:...')
#4 C:\wamp\www\tapd\app\controllers\main.php(29): Main::call(Array)
#5 C:\wamp\www\tapd\app\routes.php(5): Main::show(Array)
#6 [internal function]: Forge\Core::{closure}(Array)
#7 C:\wamp\www\tapd\forge\router.php(153): call_user_func(Object(Closure), Array)
#8 C:\wamp\www\tapd\forge\router.php(233): Forge\Router::route_page('~^([^/]+)/([^/]...', Array)
#9 C:\wamp\www\tapd\forge\core.php(100): Forge\Router::call()
#10 C:\wamp\www\tapd\engine.php(111): Forge\Core::startup()
#11 C:\wamp\www\tapd\public\index.php(18): require_once('C:\\wamp\\www\\tap...')
#12 {main}

[11-Oct-2014 14:53:19+0100] #084327 System->PDOException was thrown when trying to get call grouup: SQLSTATE[42S22]: Column not found: 1054 Unknown column 'extnumber' in 'where clause'->#0 C:\wamp\www\tapd\app\models\announcementmodel.php(23): AD\Pbx\AnnouncementAd::getAll(5, '', Array)
#1 C:\wamp\www\tapd\app\controllers\pbxmanagement.php(87): AnnouncementModel->getAll(5, '', '1', '8')
#2 [internal function]: Pbxmanagement::ajax_announcement_list()
#3 C:\wamp\www\tapd\app\controllers\main.php(14): call_user_func('\\pbxmanagement:...')
#4 C:\wamp\www\tapd\app\controllers\main.php(29): Main::call(Array)
#5 C:\wamp\www\tapd\app\routes.php(5): Main::show(Array)
#6 [internal function]: Forge\Core::{closure}(Array)
#7 C:\wamp\www\tapd\forge\router.php(153): call_user_func(Object(Closure), Array)
#8 C:\wamp\www\tapd\forge\router.php(233): Forge\Router::route_page('~^([^/]+)/([^/]...', Array)
#9 C:\wamp\www\tapd\forge\core.php(100): Forge\Router::call()
#10 C:\wamp\www\tapd\engine.php(111): Forge\Core::startup()
#11 C:\wamp\www\tapd\public\index.php(18): require_once('C:\\wamp\\www\\tap...')
#12 {main}

[11-Oct-2014 14:53:20+0100] #085033 System->PDOException was thrown when trying to get call grouup: SQLSTATE[42S22]: Column not found: 1054 Unknown column 'extnumber' in 'where clause'->#0 C:\wamp\www\tapd\app\models\announcementmodel.php(23): AD\Pbx\AnnouncementAd::getAll(5, '', Array)
#1 C:\wamp\www\tapd\app\controllers\pbxmanagement.php(87): AnnouncementModel->getAll(5, '', '1', '80')
#2 [internal function]: Pbxmanagement::ajax_announcement_list()
#3 C:\wamp\www\tapd\app\controllers\main.php(14): call_user_func('\\pbxmanagement:...')
#4 C:\wamp\www\tapd\app\controllers\main.php(29): Main::call(Array)
#5 C:\wamp\www\tapd\app\routes.php(5): Main::show(Array)
#6 [internal function]: Forge\Core::{closure}(Array)
#7 C:\wamp\www\tapd\forge\router.php(153): call_user_func(Object(Closure), Array)
#8 C:\wamp\www\tapd\forge\router.php(233): Forge\Router::route_page('~^([^/]+)/([^/]...', Array)
#9 C:\wamp\www\tapd\forge\core.php(100): Forge\Router::call()
#10 C:\wamp\www\tapd\engine.php(111): Forge\Core::startup()
#11 C:\wamp\www\tapd\public\index.php(18): require_once('C:\\wamp\\www\\tap...')
#12 {main}

[11-Oct-2014 14:53:20+0100] #112035 System->PDOException was thrown when trying to get call grouup: SQLSTATE[42S22]: Column not found: 1054 Unknown column 'extnumber' in 'where clause'->#0 C:\wamp\www\tapd\app\models\announcementmodel.php(23): AD\Pbx\AnnouncementAd::getAll(5, '', Array)
#1 C:\wamp\www\tapd\app\controllers\pbxmanagement.php(87): AnnouncementModel->getAll(5, '', '1', '800')
#2 [internal function]: Pbxmanagement::ajax_announcement_list()
#3 C:\wamp\www\tapd\app\controllers\main.php(14): call_user_func('\\pbxmanagement:...')
#4 C:\wamp\www\tapd\app\controllers\main.php(29): Main::call(Array)
#5 C:\wamp\www\tapd\app\routes.php(5): Main::show(Array)
#6 [internal function]: Forge\Core::{closure}(Array)
#7 C:\wamp\www\tapd\forge\router.php(153): call_user_func(Object(Closure), Array)
#8 C:\wamp\www\tapd\forge\router.php(233): Forge\Router::route_page('~^([^/]+)/([^/]...', Array)
#9 C:\wamp\www\tapd\forge\core.php(100): Forge\Router::call()
#10 C:\wamp\www\tapd\engine.php(111): Forge\Core::startup()
#11 C:\wamp\www\tapd\public\index.php(18): require_once('C:\\wamp\\www\\tap...')
#12 {main}

[11-Oct-2014 14:54:01+0100] #120511 System->call_user_func() expects parameter 1 to be a valid callback, class '\favicon.ico' not found->#0 [internal function]: {closure}(2, 'call_user_func(...', 'C:\\wamp\\www\\tap...', 14, Array)
#1 C:\wamp\www\tapd\app\controllers\main.php(14): call_user_func('\\favicon.ico::i...')
#2 C:\wamp\www\tapd\app\controllers\main.php(29): Main::call(Array)
#3 C:\wamp\www\tapd\app\routes.php(5): Main::show(Array)
#4 [internal function]: Forge\Core::{closure}(Array)
#5 C:\wamp\www\tapd\forge\router.php(153): call_user_func(Object(Closure), Array)
#6 C:\wamp\www\tapd\forge\router.php(233): Forge\Router::route_page('~^([^/]+)$~', Array)
#7 C:\wamp\www\tapd\forge\core.php(100): Forge\Router::call()
#8 C:\wamp\www\tapd\engine.php(111): Forge\Core::startup()
#9 C:\wamp\www\tapd\public\index.php(18): require_once('C:\\wamp\\www\\tap...')
#10 {main}

[11-Oct-2014 14:54:01+0100] #126211 System->call_user_func() expects parameter 1 to be a valid callback, class '\favicon.ico' not found->#0 [internal function]: {closure}(2, 'call_user_func(...', 'C:\\wamp\\www\\tap...', 14, Array)
#1 C:\wamp\www\tapd\app\controllers\main.php(14): call_user_func('\\favicon.ico::i...')
#2 C:\wamp\www\tapd\app\controllers\main.php(29): Main::call(Array)
#3 C:\wamp\www\tapd\app\routes.php(5): Main::show(Array)
#4 [internal function]: Forge\Core::{closure}(Array)
#5 C:\wamp\www\tapd\forge\router.php(153): call_user_func(Object(Closure), Array)
#6 C:\wamp\www\tapd\forge\router.php(233): Forge\Router::route_page('~^([^/]+)$~', Array)
#7 C:\wamp\www\tapd\forge\core.php(100): Forge\Router::call()
#8 C:\wamp\www\tapd\engine.php(111): Forge\Core::startup()
#9 C:\wamp\www\tapd\public\index.php(18): require_once('C:\\wamp\\www\\tap...')
#10 {main}

[11-Oct-2014 14:54:05+0100] #059134 System->PDOException was thrown when trying to get call grouup: SQLSTATE[42S22]: Column not found: 1054 Unknown column 'extnumber' in 'where clause'->#0 C:\wamp\www\tapd\app\models\announcementmodel.php(23): AD\Pbx\AnnouncementAd::getAll(5, '', Array)
#1 C:\wamp\www\tapd\app\controllers\pbxmanagement.php(87): AnnouncementModel->getAll(5, '', '1', '8')
#2 [internal function]: Pbxmanagement::ajax_announcement_list()
#3 C:\wamp\www\tapd\app\controllers\main.php(14): call_user_func('\\pbxmanagement:...')
#4 C:\wamp\www\tapd\app\controllers\main.php(29): Main::call(Array)
#5 C:\wamp\www\tapd\app\routes.php(5): Main::show(Array)
#6 [internal function]: Forge\Core::{closure}(Array)
#7 C:\wamp\www\tapd\forge\router.php(153): call_user_func(Object(Closure), Array)
#8 C:\wamp\www\tapd\forge\router.php(233): Forge\Router::route_page('~^([^/]+)/([^/]...', Array)
#9 C:\wamp\www\tapd\forge\core.php(100): Forge\Router::call()
#10 C:\wamp\www\tapd\engine.php(111): Forge\Core::startup()
#11 C:\wamp\www\tapd\public\index.php(18): require_once('C:\\wamp\\www\\tap...')
#12 {main}

[11-Oct-2014 14:54:05+0100] #102037 System->PDOException was thrown when trying to get call grouup: SQLSTATE[42S22]: Column not found: 1054 Unknown column 'extnumber' in 'where clause'->#0 C:\wamp\www\tapd\app\models\announcementmodel.php(23): AD\Pbx\AnnouncementAd::getAll(5, '', Array)
#1 C:\wamp\www\tapd\app\controllers\pbxmanagement.php(87): AnnouncementModel->getAll(5, '', '1', '80')
#2 [internal function]: Pbxmanagement::ajax_announcement_list()
#3 C:\wamp\www\tapd\app\controllers\main.php(14): call_user_func('\\pbxmanagement:...')
#4 C:\wamp\www\tapd\app\controllers\main.php(29): Main::call(Array)
#5 C:\wamp\www\tapd\app\routes.php(5): Main::show(Array)
#6 [internal function]: Forge\Core::{closure}(Array)
#7 C:\wamp\www\tapd\forge\router.php(153): call_user_func(Object(Closure), Array)
#8 C:\wamp\www\tapd\forge\router.php(233): Forge\Router::route_page('~^([^/]+)/([^/]...', Array)
#9 C:\wamp\www\tapd\forge\core.php(100): Forge\Router::call()
#10 C:\wamp\www\tapd\engine.php(111): Forge\Core::startup()
#11 C:\wamp\www\tapd\public\index.php(18): require_once('C:\\wamp\\www\\tap...')
#12 {main}

[11-Oct-2014 14:54:05+0100] #119738 System->PDOException was thrown when trying to get call grouup: SQLSTATE[42S22]: Column not found: 1054 Unknown column 'extnumber' in 'where clause'->#0 C:\wamp\www\tapd\app\models\announcementmodel.php(23): AD\Pbx\AnnouncementAd::getAll(5, '', Array)
#1 C:\wamp\www\tapd\app\controllers\pbxmanagement.php(87): AnnouncementModel->getAll(5, '', '1', '800')
#2 [internal function]: Pbxmanagement::ajax_announcement_list()
#3 C:\wamp\www\tapd\app\controllers\main.php(14): call_user_func('\\pbxmanagement:...')
#4 C:\wamp\www\tapd\app\controllers\main.php(29): Main::call(Array)
#5 C:\wamp\www\tapd\app\routes.php(5): Main::show(Array)
#6 [internal function]: Forge\Core::{closure}(Array)
#7 C:\wamp\www\tapd\forge\router.php(153): call_user_func(Object(Closure), Array)
#8 C:\wamp\www\tapd\forge\router.php(233): Forge\Router::route_page('~^([^/]+)/([^/]...', Array)
#9 C:\wamp\www\tapd\forge\core.php(100): Forge\Router::call()
#10 C:\wamp\www\tapd\engine.php(111): Forge\Core::startup()
#11 C:\wamp\www\tapd\public\index.php(18): require_once('C:\\wamp\\www\\tap...')
#12 {main}

[11-Oct-2014 14:54:07+0100] #088249 System->PDOException was thrown when trying to get call grouup: SQLSTATE[42S22]: Column not found: 1054 Unknown column 'extnumber' in 'where clause'->#0 C:\wamp\www\tapd\app\models\announcementmodel.php(23): AD\Pbx\AnnouncementAd::getAll(5, '', Array)
#1 C:\wamp\www\tapd\app\controllers\pbxmanagement.php(87): AnnouncementModel->getAll(5, '', '1', '800')
#2 [internal function]: Pbxmanagement::ajax_announcement_list()
#3 C:\wamp\www\tapd\app\controllers\main.php(14): call_user_func('\\pbxmanagement:...')
#4 C:\wamp\www\tapd\app\controllers\main.php(29): Main::call(Array)
#5 C:\wamp\www\tapd\app\routes.php(5): Main::show(Array)
#6 [internal function]: Forge\Core::{closure}(Array)
#7 C:\wamp\www\tapd\forge\router.php(153): call_user_func(Object(Closure), Array)
#8 C:\wamp\www\tapd\forge\router.php(233): Forge\Router::route_page('~^([^/]+)/([^/]...', Array)
#9 C:\wamp\www\tapd\forge\core.php(100): Forge\Router::call()
#10 C:\wamp\www\tapd\engine.php(111): Forge\Core::startup()
#11 C:\wamp\www\tapd\public\index.php(18): require_once('C:\\wamp\\www\\tap...')
#12 {main}

[11-Oct-2014 14:54:25+0100] #099771 System->PDOException was thrown when trying to get call grouup: SQLSTATE[42S22]: Column not found: 1054 Unknown column 'extnumber' in 'where clause'->#0 C:\wamp\www\tapd\app\models\announcementmodel.php(23): AD\Pbx\AnnouncementAd::getAll(5, '', Array)
#1 C:\wamp\www\tapd\app\controllers\pbxmanagement.php(87): AnnouncementModel->getAll(5, '', '1', 'asd')
#2 [internal function]: Pbxmanagement::ajax_announcement_list()
#3 C:\wamp\www\tapd\app\controllers\main.php(14): call_user_func('\\pbxmanagement:...')
#4 C:\wamp\www\tapd\app\controllers\main.php(29): Main::call(Array)
#5 C:\wamp\www\tapd\app\routes.php(5): Main::show(Array)
#6 [internal function]: Forge\Core::{closure}(Array)
#7 C:\wamp\www\tapd\forge\router.php(153): call_user_func(Object(Closure), Array)
#8 C:\wamp\www\tapd\forge\router.php(233): Forge\Router::route_page('~^([^/]+)/([^/]...', Array)
#9 C:\wamp\www\tapd\forge\core.php(100): Forge\Router::call()
#10 C:\wamp\www\tapd\engine.php(111): Forge\Core::startup()
#11 C:\wamp\www\tapd\public\index.php(18): require_once('C:\\wamp\\www\\tap...')
#12 {main}

[11-Oct-2014 14:54:25+0100] #103371 System->PDOException was thrown when trying to get call grouup: SQLSTATE[42S22]: Column not found: 1054 Unknown column 'extnumber' in 'where clause'->#0 C:\wamp\www\tapd\app\models\announcementmodel.php(23): AD\Pbx\AnnouncementAd::getAll(5, '', Array)
#1 C:\wamp\www\tapd\app\controllers\pbxmanagement.php(87): AnnouncementModel->getAll(5, '', '1', 'asd')
#2 [internal function]: Pbxmanagement::ajax_announcement_list()
#3 C:\wamp\www\tapd\app\controllers\main.php(14): call_user_func('\\pbxmanagement:...')
#4 C:\wamp\www\tapd\app\controllers\main.php(29): Main::call(Array)
#5 C:\wamp\www\tapd\app\routes.php(5): Main::show(Array)
#6 [internal function]: Forge\Core::{closure}(Array)
#7 C:\wamp\www\tapd\forge\router.php(153): call_user_func(Object(Closure), Array)
#8 C:\wamp\www\tapd\forge\router.php(233): Forge\Router::route_page('~^([^/]+)/([^/]...', Array)
#9 C:\wamp\www\tapd\forge\core.php(100): Forge\Router::call()
#10 C:\wamp\www\tapd\engine.php(111): Forge\Core::startup()
#11 C:\wamp\www\tapd\public\index.php(18): require_once('C:\\wamp\\www\\tap...')
#12 {main}

[11-Oct-2014 14:54:25+0100] #106871 System->PDOException was thrown when trying to get call grouup: SQLSTATE[42S22]: Column not found: 1054 Unknown column 'extnumber' in 'where clause'->#0 C:\wamp\www\tapd\app\models\announcementmodel.php(23): AD\Pbx\AnnouncementAd::getAll(5, '', Array)
#1 C:\wamp\www\tapd\app\controllers\pbxmanagement.php(87): AnnouncementModel->getAll(5, '', '1', 'asd')
#2 [internal function]: Pbxmanagement::ajax_announcement_list()
#3 C:\wamp\www\tapd\app\controllers\main.php(14): call_user_func('\\pbxmanagement:...')
#4 C:\wamp\www\tapd\app\controllers\main.php(29): Main::call(Array)
#5 C:\wamp\www\tapd\app\routes.php(5): Main::show(Array)
#6 [internal function]: Forge\Core::{closure}(Array)
#7 C:\wamp\www\tapd\forge\router.php(153): call_user_func(Object(Closure), Array)
#8 C:\wamp\www\tapd\forge\router.php(233): Forge\Router::route_page('~^([^/]+)/([^/]...', Array)
#9 C:\wamp\www\tapd\forge\core.php(100): Forge\Router::call()
#10 C:\wamp\www\tapd\engine.php(111): Forge\Core::startup()
#11 C:\wamp\www\tapd\public\index.php(18): require_once('C:\\wamp\\www\\tap...')
#12 {main}

[11-Oct-2014 14:54:33+0100] #118326 System->PDOException was thrown when trying to get call grouup: SQLSTATE[42S22]: Column not found: 1054 Unknown column 'extnumber' in 'where clause'->#0 C:\wamp\www\tapd\app\models\announcementmodel.php(23): AD\Pbx\AnnouncementAd::getAll(5, '', Array)
#1 C:\wamp\www\tapd\app\controllers\pbxmanagement.php(87): AnnouncementModel->getAll(5, '', '1', 'asd')
#2 [internal function]: Pbxmanagement::ajax_announcement_list()
#3 C:\wamp\www\tapd\app\controllers\main.php(14): call_user_func('\\pbxmanagement:...')
#4 C:\wamp\www\tapd\app\controllers\main.php(29): Main::call(Array)
#5 C:\wamp\www\tapd\app\routes.php(5): Main::show(Array)
#6 [internal function]: Forge\Core::{closure}(Array)
#7 C:\wamp\www\tapd\forge\router.php(153): call_user_func(Object(Closure), Array)
#8 C:\wamp\www\tapd\forge\router.php(233): Forge\Router::route_page('~^([^/]+)/([^/]...', Array)
#9 C:\wamp\www\tapd\forge\core.php(100): Forge\Router::call()
#10 C:\wamp\www\tapd\engine.php(111): Forge\Core::startup()
#11 C:\wamp\www\tapd\public\index.php(18): require_once('C:\\wamp\\www\\tap...')
#12 {main}

[11-Oct-2014 15:27:11+0100] #124283 System->Method Illuminate\View\View::__toString() must return a string value->#0 C:\wamp\www\tapd\forge\response.php(36): {closure}(4096, 'Method Illumina...', 'C:\\wamp\\www\\tap...', 36, Array)
#1 C:\wamp\www\tapd\forge\router.php(157): Forge\Response::make(Object(Illuminate\View\View))
#2 C:\wamp\www\tapd\forge\router.php(233): Forge\Router::route_page('~^([^/]+)/([^/]...', Array)
#3 C:\wamp\www\tapd\forge\core.php(100): Forge\Router::call()
#4 C:\wamp\www\tapd\engine.php(111): Forge\Core::startup()
#5 C:\wamp\www\tapd\public\index.php(18): require_once('C:\\wamp\\www\\tap...')
#6 {main}

[11-Oct-2014 15:46:30+0100] #119571 System->Method Illuminate\View\View::__toString() must return a string value->#0 C:\wamp\www\tapd\forge\response.php(36): {closure}(4096, 'Method Illumina...', 'C:\\wamp\\www\\tap...', 36, Array)
#1 C:\wamp\www\tapd\forge\router.php(157): Forge\Response::make(Object(Illuminate\View\View))
#2 C:\wamp\www\tapd\forge\router.php(233): Forge\Router::route_page('~^([^/]+)/([^/]...', Array)
#3 C:\wamp\www\tapd\forge\core.php(100): Forge\Router::call()
#4 C:\wamp\www\tapd\engine.php(111): Forge\Core::startup()
#5 C:\wamp\www\tapd\public\index.php(18): require_once('C:\\wamp\\www\\tap...')
#6 {main}

[11-Oct-2014 15:50:29+0100] #123977 System->Method Illuminate\View\View::__toString() must return a string value->#0 C:\wamp\www\tapd\forge\response.php(36): {closure}(4096, 'Method Illumina...', 'C:\\wamp\\www\\tap...', 36, Array)
#1 C:\wamp\www\tapd\forge\router.php(157): Forge\Response::make(Object(Illuminate\View\View))
#2 C:\wamp\www\tapd\forge\router.php(233): Forge\Router::route_page('~^([^/]+)/([^/]...', Array)
#3 C:\wamp\www\tapd\forge\core.php(100): Forge\Router::call()
#4 C:\wamp\www\tapd\engine.php(111): Forge\Core::startup()
#5 C:\wamp\www\tapd\public\index.php(18): require_once('C:\\wamp\\www\\tap...')
#6 {main}

[11-Oct-2014 15:53:41+0100] #075265 System->Method Illuminate\View\View::__toString() must return a string value->#0 C:\wamp\www\tapd\forge\response.php(36): {closure}(4096, 'Method Illumina...', 'C:\\wamp\\www\\tap...', 36, Array)
#1 C:\wamp\www\tapd\forge\router.php(157): Forge\Response::make(Object(Illuminate\View\View))
#2 C:\wamp\www\tapd\forge\router.php(233): Forge\Router::route_page('~^([^/]+)/([^/]...', Array)
#3 C:\wamp\www\tapd\forge\core.php(100): Forge\Router::call()
#4 C:\wamp\www\tapd\engine.php(111): Forge\Core::startup()
#5 C:\wamp\www\tapd\public\index.php(18): require_once('C:\\wamp\\www\\tap...')
#6 {main}

[11-Oct-2014 17:28:41+0100] #064366 System->call_user_func() expects parameter 1 to be a valid callback, class '\img' not found->#0 [internal function]: {closure}(2, 'call_user_func(...', 'C:\\wamp\\www\\tap...', 14, Array)
#1 C:\wamp\www\tapd\app\controllers\main.php(14): call_user_func('\\img::favicon.i...')
#2 C:\wamp\www\tapd\app\controllers\main.php(29): Main::call(Array)
#3 C:\wamp\www\tapd\app\routes.php(5): Main::show(Array)
#4 [internal function]: Forge\Core::{closure}(Array)
#5 C:\wamp\www\tapd\forge\router.php(153): call_user_func(Object(Closure), Array)
#6 C:\wamp\www\tapd\forge\router.php(233): Forge\Router::route_page('~^([^/]+)/([^/]...', Array)
#7 C:\wamp\www\tapd\forge\core.php(100): Forge\Router::call()
#8 C:\wamp\www\tapd\engine.php(111): Forge\Core::startup()
#9 C:\wamp\www\tapd\public\index.php(18): require_once('C:\\wamp\\www\\tap...')
#10 {main}

[11-Oct-2014 17:28:41+0100] #119769 System->call_user_func() expects parameter 1 to be a valid callback, class '\img' not found->#0 [internal function]: {closure}(2, 'call_user_func(...', 'C:\\wamp\\www\\tap...', 14, Array)
#1 C:\wamp\www\tapd\app\controllers\main.php(14): call_user_func('\\img::favicon.i...')
#2 C:\wamp\www\tapd\app\controllers\main.php(29): Main::call(Array)
#3 C:\wamp\www\tapd\app\routes.php(5): Main::show(Array)
#4 [internal function]: Forge\Core::{closure}(Array)
#5 C:\wamp\www\tapd\forge\router.php(153): call_user_func(Object(Closure), Array)
#6 C:\wamp\www\tapd\forge\router.php(233): Forge\Router::route_page('~^([^/]+)/([^/]...', Array)
#7 C:\wamp\www\tapd\forge\core.php(100): Forge\Router::call()
#8 C:\wamp\www\tapd\engine.php(111): Forge\Core::startup()
#9 C:\wamp\www\tapd\public\index.php(18): require_once('C:\\wamp\\www\\tap...')
#10 {main}

[11-Oct-2014 17:29:39+0100] #104658 System->Missing argument 1 for AD\Pbx\ManagerAd::deleteAsteriskExtension(), called in C:\wamp\www\tapd\app\models\callgroupmodel.php on line 41 and defined->#0 C:\wamp\www\tapd\app\ad\pbx\managerad.php(25): {closure}(2, 'Missing argumen...', 'C:\\wamp\\www\\tap...', 25, Array)
#1 C:\wamp\www\tapd\app\models\callgroupmodel.php(41): AD\Pbx\ManagerAd::deleteAsteriskExtension()
#2 C:\wamp\www\tapd\app\controllers\pbxmanagement.php(69): CallgroupModel->update(Array)
#3 [internal function]: Pbxmanagement::save_callgroup()
#4 C:\wamp\www\tapd\app\controllers\main.php(14): call_user_func('\\pbxmanagement:...')
#5 C:\wamp\www\tapd\app\controllers\main.php(29): Main::call(Array)
#6 C:\wamp\www\tapd\app\routes.php(5): Main::show(Array)
#7 [internal function]: Forge\Core::{closure}(Array)
#8 C:\wamp\www\tapd\forge\router.php(153): call_user_func(Object(Closure), Array)
#9 C:\wamp\www\tapd\forge\router.php(233): Forge\Router::route_page('~^([^/]+)/([^/]...', Array)
#10 C:\wamp\www\tapd\forge\core.php(100): Forge\Router::call()
#11 C:\wamp\www\tapd\engine.php(111): Forge\Core::startup()
#12 C:\wamp\www\tapd\public\index.php(18): require_once('C:\\wamp\\www\\tap...')
#13 {main}

[11-Oct-2014 17:29:56+0100] #112472 System->Missing argument 1 for AD\Pbx\ManagerAd::deleteAsteriskExtension(), called in C:\wamp\www\tapd\app\models\callgroupmodel.php on line 41 and defined->#0 C:\wamp\www\tapd\app\ad\pbx\managerad.php(25): {closure}(2, 'Missing argumen...', 'C:\\wamp\\www\\tap...', 25, Array)
#1 C:\wamp\www\tapd\app\models\callgroupmodel.php(41): AD\Pbx\ManagerAd::deleteAsteriskExtension()
#2 C:\wamp\www\tapd\app\controllers\pbxmanagement.php(69): CallgroupModel->update(Array)
#3 [internal function]: Pbxmanagement::save_callgroup()
#4 C:\wamp\www\tapd\app\controllers\main.php(14): call_user_func('\\pbxmanagement:...')
#5 C:\wamp\www\tapd\app\controllers\main.php(29): Main::call(Array)
#6 C:\wamp\www\tapd\app\routes.php(5): Main::show(Array)
#7 [internal function]: Forge\Core::{closure}(Array)
#8 C:\wamp\www\tapd\forge\router.php(153): call_user_func(Object(Closure), Array)
#9 C:\wamp\www\tapd\forge\router.php(233): Forge\Router::route_page('~^([^/]+)/([^/]...', Array)
#10 C:\wamp\www\tapd\forge\core.php(100): Forge\Router::call()
#11 C:\wamp\www\tapd\engine.php(111): Forge\Core::startup()
#12 C:\wamp\www\tapd\public\index.php(18): require_once('C:\\wamp\\www\\tap...')
#13 {main}

[11-Oct-2014 17:29:57+0100] #048576 System->call_user_func() expects parameter 1 to be a valid callback, class '\favicon.ico' not found->#0 [internal function]: {closure}(2, 'call_user_func(...', 'C:\\wamp\\www\\tap...', 14, Array)
#1 C:\wamp\www\tapd\app\controllers\main.php(14): call_user_func('\\favicon.ico::i...')
#2 C:\wamp\www\tapd\app\controllers\main.php(29): Main::call(Array)
#3 C:\wamp\www\tapd\app\routes.php(5): Main::show(Array)
#4 [internal function]: Forge\Core::{closure}(Array)
#5 C:\wamp\www\tapd\forge\router.php(153): call_user_func(Object(Closure), Array)
#6 C:\wamp\www\tapd\forge\router.php(233): Forge\Router::route_page('~^([^/]+)$~', Array)
#7 C:\wamp\www\tapd\forge\core.php(100): Forge\Router::call()
#8 C:\wamp\www\tapd\engine.php(111): Forge\Core::startup()
#9 C:\wamp\www\tapd\public\index.php(18): require_once('C:\\wamp\\www\\tap...')
#10 {main}

[11-Oct-2014 17:29:57+0100] #068277 System->call_user_func() expects parameter 1 to be a valid callback, class '\favicon.ico' not found->#0 [internal function]: {closure}(2, 'call_user_func(...', 'C:\\wamp\\www\\tap...', 14, Array)
#1 C:\wamp\www\tapd\app\controllers\main.php(14): call_user_func('\\favicon.ico::i...')
#2 C:\wamp\www\tapd\app\controllers\main.php(29): Main::call(Array)
#3 C:\wamp\www\tapd\app\routes.php(5): Main::show(Array)
#4 [internal function]: Forge\Core::{closure}(Array)
#5 C:\wamp\www\tapd\forge\router.php(153): call_user_func(Object(Closure), Array)
#6 C:\wamp\www\tapd\forge\router.php(233): Forge\Router::route_page('~^([^/]+)$~', Array)
#7 C:\wamp\www\tapd\forge\core.php(100): Forge\Router::call()
#8 C:\wamp\www\tapd\engine.php(111): Forge\Core::startup()
#9 C:\wamp\www\tapd\public\index.php(18): require_once('C:\\wamp\\www\\tap...')
#10 {main}

[11-Oct-2014 19:05:52+0100] #101750 System->Undefined index: customerid->#0 C:\wamp\www\tapd\app\models\callgroupmodel.php(42): {closure}(8, 'Undefined index...', 'C:\\wamp\\www\\tap...', 42, Array)
#1 C:\wamp\www\tapd\app\controllers\pbxmanagement.php(72): CallgroupModel->update(Array)
#2 [internal function]: Pbxmanagement::save_callgroup()
#3 C:\wamp\www\tapd\app\controllers\main.php(14): call_user_func('\\pbxmanagement:...')
#4 C:\wamp\www\tapd\app\controllers\main.php(29): Main::call(Array)
#5 C:\wamp\www\tapd\app\routes.php(5): Main::show(Array)
#6 [internal function]: Forge\Core::{closure}(Array)
#7 C:\wamp\www\tapd\forge\router.php(153): call_user_func(Object(Closure), Array)
#8 C:\wamp\www\tapd\forge\router.php(233): Forge\Router::route_page('~^([^/]+)/([^/]...', Array)
#9 C:\wamp\www\tapd\forge\core.php(100): Forge\Router::call()
#10 C:\wamp\www\tapd\engine.php(111): Forge\Core::startup()
#11 C:\wamp\www\tapd\public\index.php(18): require_once('C:\\wamp\\www\\tap...')
#12 {main}

[11-Oct-2014 19:06:36+0100] #120047 System->Undefined index: customerid->#0 C:\wamp\www\tapd\app\models\callgroupmodel.php(42): {closure}(8, 'Undefined index...', 'C:\\wamp\\www\\tap...', 42, Array)
#1 C:\wamp\www\tapd\app\controllers\pbxmanagement.php(72): CallgroupModel->update(Array)
#2 [internal function]: Pbxmanagement::save_callgroup()
#3 C:\wamp\www\tapd\app\controllers\main.php(14): call_user_func('\\pbxmanagement:...')
#4 C:\wamp\www\tapd\app\controllers\main.php(29): Main::call(Array)
#5 C:\wamp\www\tapd\app\routes.php(5): Main::show(Array)
#6 [internal function]: Forge\Core::{closure}(Array)
#7 C:\wamp\www\tapd\forge\router.php(153): call_user_func(Object(Closure), Array)
#8 C:\wamp\www\tapd\forge\router.php(233): Forge\Router::route_page('~^([^/]+)/([^/]...', Array)
#9 C:\wamp\www\tapd\forge\core.php(100): Forge\Router::call()
#10 C:\wamp\www\tapd\engine.php(111): Forge\Core::startup()
#11 C:\wamp\www\tapd\public\index.php(18): require_once('C:\\wamp\\www\\tap...')
#12 {main}

[11-Oct-2014 19:06:44+0100] #102299 System->Undefined index: customerid->#0 C:\wamp\www\tapd\app\models\callgroupmodel.php(42): {closure}(8, 'Undefined index...', 'C:\\wamp\\www\\tap...', 42, Array)
#1 C:\wamp\www\tapd\app\controllers\pbxmanagement.php(72): CallgroupModel->update(Array)
#2 [internal function]: Pbxmanagement::save_callgroup()
#3 C:\wamp\www\tapd\app\controllers\main.php(14): call_user_func('\\pbxmanagement:...')
#4 C:\wamp\www\tapd\app\controllers\main.php(29): Main::call(Array)
#5 C:\wamp\www\tapd\app\routes.php(5): Main::show(Array)
#6 [internal function]: Forge\Core::{closure}(Array)
#7 C:\wamp\www\tapd\forge\router.php(153): call_user_func(Object(Closure), Array)
#8 C:\wamp\www\tapd\forge\router.php(233): Forge\Router::route_page('~^([^/]+)/([^/]...', Array)
#9 C:\wamp\www\tapd\forge\core.php(100): Forge\Router::call()
#10 C:\wamp\www\tapd\engine.php(111): Forge\Core::startup()
#11 C:\wamp\www\tapd\public\index.php(18): require_once('C:\\wamp\\www\\tap...')
#12 {main}

[11-Oct-2014 19:07:11+0100] #068079 System->Call to undefined method Illuminate\Database\Query\Builder::pbxCheckNumberinfo()->#0 [internal function]: Illuminate\Database\Query\Builder->__call('pbxCheckNumberi...', Array)
#1 [internal function]: Illuminate\Database\Query\Builder->pbxCheckNumberinfo(5, '*33', '19')
#2 C:\wamp\www\tapd\vendor\illuminate\database\Illuminate\Database\Eloquent\Builder.php(919): call_user_func_array(Array, Array)
#3 [internal function]: Illuminate\Database\Eloquent\Builder->__call('pbxCheckNumberi...', Array)
#4 [internal function]: Illuminate\Database\Eloquent\Builder->pbxCheckNumberinfo(5, '*33', '19')
#5 C:\wamp\www\tapd\vendor\illuminate\database\Illuminate\Database\Eloquent\Model.php(3001): call_user_func_array(Array, Array)
#6 [internal function]: Illuminate\Database\Eloquent\Model->__call('pbxCheckNumberi...', Array)
#7 [internal function]: AD\Pbx\CallgroupAd->pbxCheckNumberinfo(5, '*33', '19')
#8 C:\wamp\www\tapd\vendor\illuminate\database\Illuminate\Database\Eloquent\Model.php(3015): call_user_func_array(Array, Array)
#9 C:\wamp\www\tapd\app\models\callgroupmodel.php(42): Illuminate\Database\Eloquent\Model::__callStatic('pbxCheckNumberi...', Array)
#10 C:\wamp\www\tapd\app\models\callgroupmodel.php(42): AD\Pbx\CallgroupAd::pbxCheckNumberinfo(5, '*33', '19')
#11 C:\wamp\www\tapd\app\controllers\pbxmanagement.php(72): CallgroupModel->update(Array)
#12 [internal function]: Pbxmanagement::save_callgroup()
#13 C:\wamp\www\tapd\app\controllers\main.php(14): call_user_func('\\pbxmanagement:...')
#14 C:\wamp\www\tapd\app\controllers\main.php(29): Main::call(Array)
#15 C:\wamp\www\tapd\app\routes.php(5): Main::show(Array)
#16 [internal function]: Forge\Core::{closure}(Array)
#17 C:\wamp\www\tapd\forge\router.php(153): call_user_func(Object(Closure), Array)
#18 C:\wamp\www\tapd\forge\router.php(233): Forge\Router::route_page('~^([^/]+)/([^/]...', Array)
#19 C:\wamp\www\tapd\forge\core.php(100): Forge\Router::call()
#20 C:\wamp\www\tapd\engine.php(111): Forge\Core::startup()
#21 C:\wamp\www\tapd\public\index.php(18): require_once('C:\\wamp\\www\\tap...')
#22 {main}

[11-Oct-2014 19:07:16+0100] #150217 System->Call to undefined method Illuminate\Database\Query\Builder::pbxCheckNumberinfo()->#0 [internal function]: Illuminate\Database\Query\Builder->__call('pbxCheckNumberi...', Array)
#1 [internal function]: Illuminate\Database\Query\Builder->pbxCheckNumberinfo(5, '*33', '19')
#2 C:\wamp\www\tapd\vendor\illuminate\database\Illuminate\Database\Eloquent\Builder.php(919): call_user_func_array(Array, Array)
#3 [internal function]: Illuminate\Database\Eloquent\Builder->__call('pbxCheckNumberi...', Array)
#4 [internal function]: Illuminate\Database\Eloquent\Builder->pbxCheckNumberinfo(5, '*33', '19')
#5 C:\wamp\www\tapd\vendor\illuminate\database\Illuminate\Database\Eloquent\Model.php(3001): call_user_func_array(Array, Array)
#6 [internal function]: Illuminate\Database\Eloquent\Model->__call('pbxCheckNumberi...', Array)
#7 [internal function]: AD\Pbx\CallgroupAd->pbxCheckNumberinfo(5, '*33', '19')
#8 C:\wamp\www\tapd\vendor\illuminate\database\Illuminate\Database\Eloquent\Model.php(3015): call_user_func_array(Array, Array)
#9 C:\wamp\www\tapd\app\models\callgroupmodel.php(42): Illuminate\Database\Eloquent\Model::__callStatic('pbxCheckNumberi...', Array)
#10 C:\wamp\www\tapd\app\models\callgroupmodel.php(42): AD\Pbx\CallgroupAd::pbxCheckNumberinfo(5, '*33', '19')
#11 C:\wamp\www\tapd\app\controllers\pbxmanagement.php(72): CallgroupModel->update(Array)
#12 [internal function]: Pbxmanagement::save_callgroup()
#13 C:\wamp\www\tapd\app\controllers\main.php(14): call_user_func('\\pbxmanagement:...')
#14 C:\wamp\www\tapd\app\controllers\main.php(29): Main::call(Array)
#15 C:\wamp\www\tapd\app\routes.php(5): Main::show(Array)
#16 [internal function]: Forge\Core::{closure}(Array)
#17 C:\wamp\www\tapd\forge\router.php(153): call_user_func(Object(Closure), Array)
#18 C:\wamp\www\tapd\forge\router.php(233): Forge\Router::route_page('~^([^/]+)/([^/]...', Array)
#19 C:\wamp\www\tapd\forge\core.php(100): Forge\Router::call()
#20 C:\wamp\www\tapd\engine.php(111): Forge\Core::startup()
#21 C:\wamp\www\tapd\public\index.php(18): require_once('C:\\wamp\\www\\tap...')
#22 {main}

