[31-Aug-2014 08:25:12+0100] #521241 System->Database [auth] not configured.->#0 C:\xampp\htdocs\tpad-panel\vendor\illuminate\database\Illuminate\Database\DatabaseManager.php(107): Illuminate\Database\DatabaseManager->getConfig('auth')
#1 C:\xampp\htdocs\tpad-panel\vendor\illuminate\database\Illuminate\Database\DatabaseManager.php(63): Illuminate\Database\DatabaseManager->makeConnection('auth')
#2 C:\xampp\htdocs\tpad-panel\vendor\illuminate\database\Illuminate\Database\Eloquent\Model.php(2810): Illuminate\Database\DatabaseManager->connection('auth')
#3 C:\xampp\htdocs\tpad-panel\vendor\illuminate\database\Illuminate\Database\Eloquent\Model.php(2776): Illuminate\Database\Eloquent\Model::resolveConnection('auth')
#4 C:\xampp\htdocs\tpad-panel\vendor\illuminate\database\Illuminate\Database\Eloquent\Model.php(1791): Illuminate\Database\Eloquent\Model->getConnection()
#5 C:\xampp\htdocs\tpad-panel\vendor\illuminate\database\Illuminate\Database\Eloquent\Model.php(1714): Illuminate\Database\Eloquent\Model->newBaseQueryBuilder()
#6 C:\xampp\htdocs\tpad-panel\vendor\illuminate\database\Illuminate\Database\Eloquent\Model.php(2999): Illuminate\Database\Eloquent\Model->newQuery()
#7 [internal function]: Illuminate\Database\Eloquent\Model->__call('where', Array)
#8 [internal function]: Ad\Auth\User->where('username', '=', '')
#9 C:\xampp\htdocs\tpad-panel\vendor\illuminate\database\Illuminate\Database\Eloquent\Model.php(3015): call_user_func_array(Array, Array)
#10 C:\xampp\htdocs\tpad-panel\app\libraries\api\auth.php(61): Illuminate\Database\Eloquent\Model::__callStatic('where', Array)
#11 C:\xampp\htdocs\tpad-panel\app\libraries\api\auth.php(61): Ad\Auth\User::where('username', '=', '')
#12 C:\xampp\htdocs\tpad-panel\forge\auth.php(58): Api\Auth::attempt(Array)
#13 C:\xampp\htdocs\tpad-panel\app\controllers\login.php(6): Forge\Auth::attempt(Array)
#14 C:\xampp\htdocs\tpad-panel\app\extraroutes.php(4): Login::index()
#15 [internal function]: Forge\Core::{closure}(Array)
#16 C:\xampp\htdocs\tpad-panel\forge\router.php(153): call_user_func(Object(Closure), Array)
#17 C:\xampp\htdocs\tpad-panel\forge\router.php(233): Forge\Router::route_page('~^login$~', Array)
#18 C:\xampp\htdocs\tpad-panel\forge\core.php(100): Forge\Router::call()
#19 C:\xampp\htdocs\tpad-panel\engine.php(111): Forge\Core::startup()
#20 C:\xampp\htdocs\tpad-panel\public\index.php(18): require_once('C:\xampp\htdocs...')
#21 {main}

[31-Aug-2014 08:25:56+0100] #522813 System->Database [auth] not configured.->#0 C:\xampp\htdocs\tpad-panel\vendor\illuminate\database\Illuminate\Database\DatabaseManager.php(107): Illuminate\Database\DatabaseManager->getConfig('auth')
#1 C:\xampp\htdocs\tpad-panel\vendor\illuminate\database\Illuminate\Database\DatabaseManager.php(63): Illuminate\Database\DatabaseManager->makeConnection('auth')
#2 C:\xampp\htdocs\tpad-panel\vendor\illuminate\database\Illuminate\Database\Eloquent\Model.php(2810): Illuminate\Database\DatabaseManager->connection('auth')
#3 C:\xampp\htdocs\tpad-panel\vendor\illuminate\database\Illuminate\Database\Eloquent\Model.php(2776): Illuminate\Database\Eloquent\Model::resolveConnection('auth')
#4 C:\xampp\htdocs\tpad-panel\vendor\illuminate\database\Illuminate\Database\Eloquent\Model.php(1791): Illuminate\Database\Eloquent\Model->getConnection()
#5 C:\xampp\htdocs\tpad-panel\vendor\illuminate\database\Illuminate\Database\Eloquent\Model.php(1714): Illuminate\Database\Eloquent\Model->newBaseQueryBuilder()
#6 C:\xampp\htdocs\tpad-panel\vendor\illuminate\database\Illuminate\Database\Eloquent\Model.php(2999): Illuminate\Database\Eloquent\Model->newQuery()
#7 [internal function]: Illuminate\Database\Eloquent\Model->__call('where', Array)
#8 [internal function]: Ad\Auth\User->where('username', '=', '')
#9 C:\xampp\htdocs\tpad-panel\vendor\illuminate\database\Illuminate\Database\Eloquent\Model.php(3015): call_user_func_array(Array, Array)
#10 C:\xampp\htdocs\tpad-panel\app\libraries\api\auth.php(61): Illuminate\Database\Eloquent\Model::__callStatic('where', Array)
#11 C:\xampp\htdocs\tpad-panel\app\libraries\api\auth.php(61): Ad\Auth\User::where('username', '=', '')
#12 C:\xampp\htdocs\tpad-panel\forge\auth.php(58): Api\Auth::attempt(Array)
#13 C:\xampp\htdocs\tpad-panel\app\controllers\login.php(6): Forge\Auth::attempt(Array)
#14 C:\xampp\htdocs\tpad-panel\app\extraroutes.php(4): Login::index()
#15 [internal function]: Forge\Core::{closure}(Array)
#16 C:\xampp\htdocs\tpad-panel\forge\router.php(153): call_user_func(Object(Closure), Array)
#17 C:\xampp\htdocs\tpad-panel\forge\router.php(233): Forge\Router::route_page('~^login$~', Array)
#18 C:\xampp\htdocs\tpad-panel\forge\core.php(100): Forge\Router::call()
#19 C:\xampp\htdocs\tpad-panel\engine.php(111): Forge\Core::startup()
#20 C:\xampp\htdocs\tpad-panel\public\index.php(18): require_once('C:\xampp\htdocs...')
#21 {main}

[31-Aug-2014 08:26:24+0100] #491873 System->Database [auth] not configured.->#0 C:\xampp\htdocs\tpad-panel\vendor\illuminate\database\Illuminate\Database\DatabaseManager.php(107): Illuminate\Database\DatabaseManager->getConfig('auth')
#1 C:\xampp\htdocs\tpad-panel\vendor\illuminate\database\Illuminate\Database\DatabaseManager.php(63): Illuminate\Database\DatabaseManager->makeConnection('auth')
#2 C:\xampp\htdocs\tpad-panel\vendor\illuminate\database\Illuminate\Database\Eloquent\Model.php(2810): Illuminate\Database\DatabaseManager->connection('auth')
#3 C:\xampp\htdocs\tpad-panel\vendor\illuminate\database\Illuminate\Database\Eloquent\Model.php(2776): Illuminate\Database\Eloquent\Model::resolveConnection('auth')
#4 C:\xampp\htdocs\tpad-panel\vendor\illuminate\database\Illuminate\Database\Eloquent\Model.php(1791): Illuminate\Database\Eloquent\Model->getConnection()
#5 C:\xampp\htdocs\tpad-panel\vendor\illuminate\database\Illuminate\Database\Eloquent\Model.php(1714): Illuminate\Database\Eloquent\Model->newBaseQueryBuilder()
#6 C:\xampp\htdocs\tpad-panel\vendor\illuminate\database\Illuminate\Database\Eloquent\Model.php(2999): Illuminate\Database\Eloquent\Model->newQuery()
#7 [internal function]: Illuminate\Database\Eloquent\Model->__call('where', Array)
#8 [internal function]: Ad\Auth\User->where('username', '=', '')
#9 C:\xampp\htdocs\tpad-panel\vendor\illuminate\database\Illuminate\Database\Eloquent\Model.php(3015): call_user_func_array(Array, Array)
#10 C:\xampp\htdocs\tpad-panel\app\libraries\api\auth.php(61): Illuminate\Database\Eloquent\Model::__callStatic('where', Array)
#11 C:\xampp\htdocs\tpad-panel\app\libraries\api\auth.php(61): Ad\Auth\User::where('username', '=', '')
#12 C:\xampp\htdocs\tpad-panel\forge\auth.php(58): Api\Auth::attempt(Array)
#13 C:\xampp\htdocs\tpad-panel\app\controllers\login.php(6): Forge\Auth::attempt(Array)
#14 C:\xampp\htdocs\tpad-panel\app\extraroutes.php(4): Login::index()
#15 [internal function]: Forge\Core::{closure}(Array)
#16 C:\xampp\htdocs\tpad-panel\forge\router.php(153): call_user_func(Object(Closure), Array)
#17 C:\xampp\htdocs\tpad-panel\forge\router.php(233): Forge\Router::route_page('~^login$~', Array)
#18 C:\xampp\htdocs\tpad-panel\forge\core.php(100): Forge\Router::call()
#19 C:\xampp\htdocs\tpad-panel\engine.php(111): Forge\Core::startup()
#20 C:\xampp\htdocs\tpad-panel\public\index.php(18): require_once('C:\xampp\htdocs...')
#21 {main}

[31-Aug-2014 08:26:25+0100] #539894 System->Database [auth] not configured.->#0 C:\xampp\htdocs\tpad-panel\vendor\illuminate\database\Illuminate\Database\DatabaseManager.php(107): Illuminate\Database\DatabaseManager->getConfig('auth')
#1 C:\xampp\htdocs\tpad-panel\vendor\illuminate\database\Illuminate\Database\DatabaseManager.php(63): Illuminate\Database\DatabaseManager->makeConnection('auth')
#2 C:\xampp\htdocs\tpad-panel\vendor\illuminate\database\Illuminate\Database\Eloquent\Model.php(2810): Illuminate\Database\DatabaseManager->connection('auth')
#3 C:\xampp\htdocs\tpad-panel\vendor\illuminate\database\Illuminate\Database\Eloquent\Model.php(2776): Illuminate\Database\Eloquent\Model::resolveConnection('auth')
#4 C:\xampp\htdocs\tpad-panel\vendor\illuminate\database\Illuminate\Database\Eloquent\Model.php(1791): Illuminate\Database\Eloquent\Model->getConnection()
#5 C:\xampp\htdocs\tpad-panel\vendor\illuminate\database\Illuminate\Database\Eloquent\Model.php(1714): Illuminate\Database\Eloquent\Model->newBaseQueryBuilder()
#6 C:\xampp\htdocs\tpad-panel\vendor\illuminate\database\Illuminate\Database\Eloquent\Model.php(2999): Illuminate\Database\Eloquent\Model->newQuery()
#7 [internal function]: Illuminate\Database\Eloquent\Model->__call('where', Array)
#8 [internal function]: Ad\Auth\User->where('username', '=', '')
#9 C:\xampp\htdocs\tpad-panel\vendor\illuminate\database\Illuminate\Database\Eloquent\Model.php(3015): call_user_func_array(Array, Array)
#10 C:\xampp\htdocs\tpad-panel\app\libraries\api\auth.php(61): Illuminate\Database\Eloquent\Model::__callStatic('where', Array)
#11 C:\xampp\htdocs\tpad-panel\app\libraries\api\auth.php(61): Ad\Auth\User::where('username', '=', '')
#12 C:\xampp\htdocs\tpad-panel\forge\auth.php(58): Api\Auth::attempt(Array)
#13 C:\xampp\htdocs\tpad-panel\app\controllers\login.php(6): Forge\Auth::attempt(Array)
#14 C:\xampp\htdocs\tpad-panel\app\extraroutes.php(4): Login::index()
#15 [internal function]: Forge\Core::{closure}(Array)
#16 C:\xampp\htdocs\tpad-panel\forge\router.php(153): call_user_func(Object(Closure), Array)
#17 C:\xampp\htdocs\tpad-panel\forge\router.php(233): Forge\Router::route_page('~^login$~', Array)
#18 C:\xampp\htdocs\tpad-panel\forge\core.php(100): Forge\Router::call()
#19 C:\xampp\htdocs\tpad-panel\engine.php(111): Forge\Core::startup()
#20 C:\xampp\htdocs\tpad-panel\public\index.php(18): require_once('C:\xampp\htdocs...')
#21 {main}

[31-Aug-2014 08:26:26+0100] #504453 System->Database [auth] not configured.->#0 C:\xampp\htdocs\tpad-panel\vendor\illuminate\database\Illuminate\Database\DatabaseManager.php(107): Illuminate\Database\DatabaseManager->getConfig('auth')
#1 C:\xampp\htdocs\tpad-panel\vendor\illuminate\database\Illuminate\Database\DatabaseManager.php(63): Illuminate\Database\DatabaseManager->makeConnection('auth')
#2 C:\xampp\htdocs\tpad-panel\vendor\illuminate\database\Illuminate\Database\Eloquent\Model.php(2810): Illuminate\Database\DatabaseManager->connection('auth')
#3 C:\xampp\htdocs\tpad-panel\vendor\illuminate\database\Illuminate\Database\Eloquent\Model.php(2776): Illuminate\Database\Eloquent\Model::resolveConnection('auth')
#4 C:\xampp\htdocs\tpad-panel\vendor\illuminate\database\Illuminate\Database\Eloquent\Model.php(1791): Illuminate\Database\Eloquent\Model->getConnection()
#5 C:\xampp\htdocs\tpad-panel\vendor\illuminate\database\Illuminate\Database\Eloquent\Model.php(1714): Illuminate\Database\Eloquent\Model->newBaseQueryBuilder()
#6 C:\xampp\htdocs\tpad-panel\vendor\illuminate\database\Illuminate\Database\Eloquent\Model.php(2999): Illuminate\Database\Eloquent\Model->newQuery()
#7 [internal function]: Illuminate\Database\Eloquent\Model->__call('where', Array)
#8 [internal function]: Ad\Auth\User->where('username', '=', '')
#9 C:\xampp\htdocs\tpad-panel\vendor\illuminate\database\Illuminate\Database\Eloquent\Model.php(3015): call_user_func_array(Array, Array)
#10 C:\xampp\htdocs\tpad-panel\app\libraries\api\auth.php(61): Illuminate\Database\Eloquent\Model::__callStatic('where', Array)
#11 C:\xampp\htdocs\tpad-panel\app\libraries\api\auth.php(61): Ad\Auth\User::where('username', '=', '')
#12 C:\xampp\htdocs\tpad-panel\forge\auth.php(58): Api\Auth::attempt(Array)
#13 C:\xampp\htdocs\tpad-panel\app\controllers\login.php(6): Forge\Auth::attempt(Array)
#14 C:\xampp\htdocs\tpad-panel\app\extraroutes.php(4): Login::index()
#15 [internal function]: Forge\Core::{closure}(Array)
#16 C:\xampp\htdocs\tpad-panel\forge\router.php(153): call_user_func(Object(Closure), Array)
#17 C:\xampp\htdocs\tpad-panel\forge\router.php(233): Forge\Router::route_page('~^login$~', Array)
#18 C:\xampp\htdocs\tpad-panel\forge\core.php(100): Forge\Router::call()
#19 C:\xampp\htdocs\tpad-panel\engine.php(111): Forge\Core::startup()
#20 C:\xampp\htdocs\tpad-panel\public\index.php(18): require_once('C:\xampp\htdocs...')
#21 {main}

[31-Aug-2014 08:27:01+0100] #473875 System->Undefined variable: user->#0 C:\xampp\htdocs\tpad-panel\app\libraries\api\auth.php(63): {closure}(8, 'Undefined varia...', 'C:\xampp\htdocs...', 63, Array)
#1 C:\xampp\htdocs\tpad-panel\forge\auth.php(58): Api\Auth::attempt(Array)
#2 C:\xampp\htdocs\tpad-panel\app\controllers\login.php(6): Forge\Auth::attempt(Array)
#3 C:\xampp\htdocs\tpad-panel\app\extraroutes.php(4): Login::index()
#4 [internal function]: Forge\Core::{closure}(Array)
#5 C:\xampp\htdocs\tpad-panel\forge\router.php(153): call_user_func(Object(Closure), Array)
#6 C:\xampp\htdocs\tpad-panel\forge\router.php(233): Forge\Router::route_page('~^login$~', Array)
#7 C:\xampp\htdocs\tpad-panel\forge\core.php(100): Forge\Router::call()
#8 C:\xampp\htdocs\tpad-panel\engine.php(111): Forge\Core::startup()
#9 C:\xampp\htdocs\tpad-panel\public\index.php(18): require_once('C:\xampp\htdocs...')
#10 {main}

[31-Aug-2014 09:12:31+0100] #540384 System->Undefined index: is->#0 C:\xampp\htdocs\tpad-panel\forge\drivers\auth\handler\database.php(75): {closure}(8, 'Undefined index...', 'C:\xampp\htdocs...', 75, Array)
#1 C:\xampp\htdocs\tpad-panel\forge\auth.php(58): Forge\Drivers\Auth\Handler\Database::attempt(Array)
#2 C:\xampp\htdocs\tpad-panel\app\controllers\login.php(7): Forge\Auth::attempt(Array)
#3 C:\xampp\htdocs\tpad-panel\app\extraroutes.php(4): Login::index()
#4 [internal function]: Forge\Core::{closure}(Array)
#5 C:\xampp\htdocs\tpad-panel\forge\router.php(153): call_user_func(Object(Closure), Array)
#6 C:\xampp\htdocs\tpad-panel\forge\router.php(233): Forge\Router::route_page('~^login$~', Array)
#7 C:\xampp\htdocs\tpad-panel\forge\core.php(100): Forge\Router::call()
#8 C:\xampp\htdocs\tpad-panel\engine.php(111): Forge\Core::startup()
#9 C:\xampp\htdocs\tpad-panel\public\index.php(18): require_once('C:\xampp\htdocs...')
#10 {main}

[31-Aug-2014 09:14:33+0100] #507407 System->Undefined index: is->#0 C:\xampp\htdocs\tpad-panel\forge\drivers\auth\handler\database.php(75): {closure}(8, 'Undefined index...', 'C:\xampp\htdocs...', 75, Array)
#1 C:\xampp\htdocs\tpad-panel\forge\auth.php(58): Forge\Drivers\Auth\Handler\Database::attempt(Array)
#2 C:\xampp\htdocs\tpad-panel\app\controllers\login.php(7): Forge\Auth::attempt(Array)
#3 C:\xampp\htdocs\tpad-panel\app\extraroutes.php(4): Login::index()
#4 [internal function]: Forge\Core::{closure}(Array)
#5 C:\xampp\htdocs\tpad-panel\forge\router.php(153): call_user_func(Object(Closure), Array)
#6 C:\xampp\htdocs\tpad-panel\forge\router.php(233): Forge\Router::route_page('~^login$~', Array)
#7 C:\xampp\htdocs\tpad-panel\forge\core.php(100): Forge\Router::call()
#8 C:\xampp\htdocs\tpad-panel\engine.php(111): Forge\Core::startup()
#9 C:\xampp\htdocs\tpad-panel\public\index.php(18): require_once('C:\xampp\htdocs...')
#10 {main}

[31-Aug-2014 09:14:43+0100] #561180 System->Undefined index: is->#0 C:\xampp\htdocs\tpad-panel\forge\drivers\auth\handler\database.php(75): {closure}(8, 'Undefined index...', 'C:\xampp\htdocs...', 75, Array)
#1 C:\xampp\htdocs\tpad-panel\forge\auth.php(58): Forge\Drivers\Auth\Handler\Database::attempt(Array)
#2 C:\xampp\htdocs\tpad-panel\app\controllers\login.php(6): Forge\Auth::attempt(Array)
#3 C:\xampp\htdocs\tpad-panel\app\extraroutes.php(4): Login::index()
#4 [internal function]: Forge\Core::{closure}(Array)
#5 C:\xampp\htdocs\tpad-panel\forge\router.php(153): call_user_func(Object(Closure), Array)
#6 C:\xampp\htdocs\tpad-panel\forge\router.php(233): Forge\Router::route_page('~^login$~', Array)
#7 C:\xampp\htdocs\tpad-panel\forge\core.php(100): Forge\Router::call()
#8 C:\xampp\htdocs\tpad-panel\engine.php(111): Forge\Core::startup()
#9 C:\xampp\htdocs\tpad-panel\public\index.php(18): require_once('C:\xampp\htdocs...')
#10 {main}

[31-Aug-2014 09:15:17+0100] #520105 System->Undefined index: is->#0 C:\xampp\htdocs\tpad-panel\forge\drivers\auth\handler\database.php(75): {closure}(8, 'Undefined index...', 'C:\xampp\htdocs...', 75, Array)
#1 C:\xampp\htdocs\tpad-panel\forge\auth.php(58): Forge\Drivers\Auth\Handler\Database::attempt(Array)
#2 C:\xampp\htdocs\tpad-panel\app\controllers\login.php(6): Forge\Auth::attempt(Array)
#3 C:\xampp\htdocs\tpad-panel\app\extraroutes.php(4): Login::index()
#4 [internal function]: Forge\Core::{closure}(Array)
#5 C:\xampp\htdocs\tpad-panel\forge\router.php(153): call_user_func(Object(Closure), Array)
#6 C:\xampp\htdocs\tpad-panel\forge\router.php(233): Forge\Router::route_page('~^login$~', Array)
#7 C:\xampp\htdocs\tpad-panel\forge\core.php(100): Forge\Router::call()
#8 C:\xampp\htdocs\tpad-panel\engine.php(111): Forge\Core::startup()
#9 C:\xampp\htdocs\tpad-panel\public\index.php(18): require_once('C:\xampp\htdocs...')
#10 {main}

[31-Aug-2014 09:15:18+0100] #534510 System->Undefined index: is->#0 C:\xampp\htdocs\tpad-panel\forge\drivers\auth\handler\database.php(75): {closure}(8, 'Undefined index...', 'C:\xampp\htdocs...', 75, Array)
#1 C:\xampp\htdocs\tpad-panel\forge\auth.php(58): Forge\Drivers\Auth\Handler\Database::attempt(Array)
#2 C:\xampp\htdocs\tpad-panel\app\controllers\login.php(6): Forge\Auth::attempt(Array)
#3 C:\xampp\htdocs\tpad-panel\app\extraroutes.php(4): Login::index()
#4 [internal function]: Forge\Core::{closure}(Array)
#5 C:\xampp\htdocs\tpad-panel\forge\router.php(153): call_user_func(Object(Closure), Array)
#6 C:\xampp\htdocs\tpad-panel\forge\router.php(233): Forge\Router::route_page('~^login$~', Array)
#7 C:\xampp\htdocs\tpad-panel\forge\core.php(100): Forge\Router::call()
#8 C:\xampp\htdocs\tpad-panel\engine.php(111): Forge\Core::startup()
#9 C:\xampp\htdocs\tpad-panel\public\index.php(18): require_once('C:\xampp\htdocs...')
#10 {main}

[31-Aug-2014 09:15:18+0100] #556526 System->Undefined index: is->#0 C:\xampp\htdocs\tpad-panel\forge\drivers\auth\handler\database.php(75): {closure}(8, 'Undefined index...', 'C:\xampp\htdocs...', 75, Array)
#1 C:\xampp\htdocs\tpad-panel\forge\auth.php(58): Forge\Drivers\Auth\Handler\Database::attempt(Array)
#2 C:\xampp\htdocs\tpad-panel\app\controllers\login.php(6): Forge\Auth::attempt(Array)
#3 C:\xampp\htdocs\tpad-panel\app\extraroutes.php(4): Login::index()
#4 [internal function]: Forge\Core::{closure}(Array)
#5 C:\xampp\htdocs\tpad-panel\forge\router.php(153): call_user_func(Object(Closure), Array)
#6 C:\xampp\htdocs\tpad-panel\forge\router.php(233): Forge\Router::route_page('~^login$~', Array)
#7 C:\xampp\htdocs\tpad-panel\forge\core.php(100): Forge\Router::call()
#8 C:\xampp\htdocs\tpad-panel\engine.php(111): Forge\Core::startup()
#9 C:\xampp\htdocs\tpad-panel\public\index.php(18): require_once('C:\xampp\htdocs...')
#10 {main}

[31-Aug-2014 09:15:19+0100] #482339 System->Undefined index: is->#0 C:\xampp\htdocs\tpad-panel\forge\drivers\auth\handler\database.php(75): {closure}(8, 'Undefined index...', 'C:\xampp\htdocs...', 75, Array)
#1 C:\xampp\htdocs\tpad-panel\forge\auth.php(58): Forge\Drivers\Auth\Handler\Database::attempt(Array)
#2 C:\xampp\htdocs\tpad-panel\app\controllers\login.php(6): Forge\Auth::attempt(Array)
#3 C:\xampp\htdocs\tpad-panel\app\extraroutes.php(4): Login::index()
#4 [internal function]: Forge\Core::{closure}(Array)
#5 C:\xampp\htdocs\tpad-panel\forge\router.php(153): call_user_func(Object(Closure), Array)
#6 C:\xampp\htdocs\tpad-panel\forge\router.php(233): Forge\Router::route_page('~^login$~', Array)
#7 C:\xampp\htdocs\tpad-panel\forge\core.php(100): Forge\Router::call()
#8 C:\xampp\htdocs\tpad-panel\engine.php(111): Forge\Core::startup()
#9 C:\xampp\htdocs\tpad-panel\public\index.php(18): require_once('C:\xampp\htdocs...')
#10 {main}

[31-Aug-2014 09:15:52+0100] #544789 System->Undefined index: is->#0 C:\xampp\htdocs\tpad-panel\forge\drivers\auth\handler\database.php(76): {closure}(8, 'Undefined index...', 'C:\xampp\htdocs...', 76, Array)
#1 C:\xampp\htdocs\tpad-panel\forge\auth.php(58): Forge\Drivers\Auth\Handler\Database::attempt(Array)
#2 C:\xampp\htdocs\tpad-panel\app\controllers\login.php(6): Forge\Auth::attempt(Array)
#3 C:\xampp\htdocs\tpad-panel\app\extraroutes.php(4): Login::index()
#4 [internal function]: Forge\Core::{closure}(Array)
#5 C:\xampp\htdocs\tpad-panel\forge\router.php(153): call_user_func(Object(Closure), Array)
#6 C:\xampp\htdocs\tpad-panel\forge\router.php(233): Forge\Router::route_page('~^login$~', Array)
#7 C:\xampp\htdocs\tpad-panel\forge\core.php(100): Forge\Router::call()
#8 C:\xampp\htdocs\tpad-panel\engine.php(111): Forge\Core::startup()
#9 C:\xampp\htdocs\tpad-panel\public\index.php(18): require_once('C:\xampp\htdocs...')
#10 {main}

[31-Aug-2014 09:16:03+0100] #541794 System->Undefined index: is->#0 C:\xampp\htdocs\tpad-panel\forge\drivers\auth\handler\database.php(76): {closure}(8, 'Undefined index...', 'C:\xampp\htdocs...', 76, Array)
#1 C:\xampp\htdocs\tpad-panel\forge\auth.php(58): Forge\Drivers\Auth\Handler\Database::attempt(Array)
#2 C:\xampp\htdocs\tpad-panel\app\controllers\login.php(6): Forge\Auth::attempt(Array)
#3 C:\xampp\htdocs\tpad-panel\app\extraroutes.php(4): Login::index()
#4 [internal function]: Forge\Core::{closure}(Array)
#5 C:\xampp\htdocs\tpad-panel\forge\router.php(153): call_user_func(Object(Closure), Array)
#6 C:\xampp\htdocs\tpad-panel\forge\router.php(233): Forge\Router::route_page('~^login$~', Array)
#7 C:\xampp\htdocs\tpad-panel\forge\core.php(100): Forge\Router::call()
#8 C:\xampp\htdocs\tpad-panel\engine.php(111): Forge\Core::startup()
#9 C:\xampp\htdocs\tpad-panel\public\index.php(18): require_once('C:\xampp\htdocs...')
#10 {main}

[31-Aug-2014 09:16:39+0100] #516782 System->Undefined index: is->#0 C:\xampp\htdocs\tpad-panel\forge\drivers\auth\handler\database.php(76): {closure}(8, 'Undefined index...', 'C:\xampp\htdocs...', 76, Array)
#1 C:\xampp\htdocs\tpad-panel\forge\auth.php(58): Forge\Drivers\Auth\Handler\Database::attempt(Array)
#2 C:\xampp\htdocs\tpad-panel\app\controllers\login.php(6): Forge\Auth::attempt(Array)
#3 C:\xampp\htdocs\tpad-panel\app\extraroutes.php(4): Login::index()
#4 [internal function]: Forge\Core::{closure}(Array)
#5 C:\xampp\htdocs\tpad-panel\forge\router.php(153): call_user_func(Object(Closure), Array)
#6 C:\xampp\htdocs\tpad-panel\forge\router.php(233): Forge\Router::route_page('~^login$~', Array)
#7 C:\xampp\htdocs\tpad-panel\forge\core.php(100): Forge\Router::call()
#8 C:\xampp\htdocs\tpad-panel\engine.php(111): Forge\Core::startup()
#9 C:\xampp\htdocs\tpad-panel\public\index.php(18): require_once('C:\xampp\htdocs...')
#10 {main}

[31-Aug-2014 09:16:50+0100] #527953 System->Undefined index: is->#0 C:\xampp\htdocs\tpad-panel\forge\drivers\auth\handler\database.php(76): {closure}(8, 'Undefined index...', 'C:\xampp\htdocs...', 76, Array)
#1 C:\xampp\htdocs\tpad-panel\forge\auth.php(58): Forge\Drivers\Auth\Handler\Database::attempt(Array)
#2 C:\xampp\htdocs\tpad-panel\app\controllers\login.php(6): Forge\Auth::attempt(Array)
#3 C:\xampp\htdocs\tpad-panel\app\extraroutes.php(4): Login::index()
#4 [internal function]: Forge\Core::{closure}(Array)
#5 C:\xampp\htdocs\tpad-panel\forge\router.php(153): call_user_func(Object(Closure), Array)
#6 C:\xampp\htdocs\tpad-panel\forge\router.php(233): Forge\Router::route_page('~^login$~', Array)
#7 C:\xampp\htdocs\tpad-panel\forge\core.php(100): Forge\Router::call()
#8 C:\xampp\htdocs\tpad-panel\engine.php(111): Forge\Core::startup()
#9 C:\xampp\htdocs\tpad-panel\public\index.php(18): require_once('C:\xampp\htdocs...')
#10 {main}

[31-Aug-2014 09:37:17+0100] #546474 System->Cannot find log file [20140829.log]->#0 C:\xampp\htdocs\tpad-panel\app\controllers\logger.php(42): Forge\Log::open('20140829.log')
#1 C:\xampp\htdocs\tpad-panel\app\controllers\logger.php(35): Logger::getLog('2014-08-29')
#2 C:\xampp\htdocs\tpad-panel\app\controllers\logger.php(16): Logger::getData()
#3 [internal function]: Logger::simple()
#4 C:\xampp\htdocs\tpad-panel\app\controllers\logger.php(8): call_user_func('self::simple')
#5 C:\xampp\htdocs\tpad-panel\app\routes.php(9): Logger::displayLogs('simple')
#6 [internal function]: Forge\Core::{closure}(Array)
#7 C:\xampp\htdocs\tpad-panel\forge\router.php(153): call_user_func(Object(Closure), Array)
#8 C:\xampp\htdocs\tpad-panel\forge\router.php(233): Forge\Router::route_page('~^logger/([^/]+...', Array)
#9 C:\xampp\htdocs\tpad-panel\forge\core.php(100): Forge\Router::call()
#10 C:\xampp\htdocs\tpad-panel\engine.php(111): Forge\Core::startup()
#11 C:\xampp\htdocs\tpad-panel\public\index.php(18): require_once('C:\xampp\htdocs...')
#12 {main}

[31-Aug-2014 09:45:09+0100] #1 ->call_user_func_array() expects parameter 1 to be a valid callback, class 'Forge\Drivers\Auth\Handler\Database' does not have a method 'logout'->#0 [internal function]: {closure}(2, 'call_user_func_...', 'C:\xampp\htdocs...', 85, Array)
#1 C:\xampp\htdocs\tpad-panel\forge\auth.php(85): call_user_func_array(Array, Array)
#2 C:\xampp\htdocs\tpad-panel\app\controllers\panel.php(24): Forge\Auth::__callStatic('logout', Array)
#3 C:\xampp\htdocs\tpad-panel\app\controllers\panel.php(24): Forge\Auth::logout()
#4 [internal function]: Panel::logout()
#5 C:\xampp\htdocs\tpad-panel\app\controllers\panel.php(8): call_user_func('self::logout')
#6 C:\xampp\htdocs\tpad-panel\app\extraroutes.php(8): Panel::show('logout')
#7 [internal function]: Forge\Core::{closure}(Array)
#8 C:\xampp\htdocs\tpad-panel\forge\router.php(153): call_user_func(Object(Closure), Array)
#9 C:\xampp\htdocs\tpad-panel\forge\router.php(233): Forge\Router::route_page('~^([^/]+)$~', Array)
#10 C:\xampp\htdocs\tpad-panel\forge\core.php(100): Forge\Router::call()
#11 C:\xampp\htdocs\tpad-panel\engine.php(111): Forge\Core::startup()
#12 C:\xampp\htdocs\tpad-panel\public\index.php(18): require_once('C:\xampp\htdocs...')
#13 {main}

[31-Aug-2014 09:47:37+0100] #532191 System->Database [auth] not configured.->#0 C:\xampp\htdocs\tpad-panel\vendor\illuminate\database\Illuminate\Database\DatabaseManager.php(107): Illuminate\Database\DatabaseManager->getConfig('auth')
#1 C:\xampp\htdocs\tpad-panel\vendor\illuminate\database\Illuminate\Database\DatabaseManager.php(63): Illuminate\Database\DatabaseManager->makeConnection('auth')
#2 C:\xampp\htdocs\tpad-panel\vendor\illuminate\database\Illuminate\Database\Eloquent\Model.php(2810): Illuminate\Database\DatabaseManager->connection('auth')
#3 C:\xampp\htdocs\tpad-panel\vendor\illuminate\database\Illuminate\Database\Eloquent\Model.php(2776): Illuminate\Database\Eloquent\Model::resolveConnection('auth')
#4 C:\xampp\htdocs\tpad-panel\vendor\illuminate\database\Illuminate\Database\Eloquent\Model.php(1791): Illuminate\Database\Eloquent\Model->getConnection()
#5 C:\xampp\htdocs\tpad-panel\vendor\illuminate\database\Illuminate\Database\Eloquent\Model.php(1714): Illuminate\Database\Eloquent\Model->newBaseQueryBuilder()
#6 C:\xampp\htdocs\tpad-panel\vendor\illuminate\database\Illuminate\Database\Eloquent\Model.php(2999): Illuminate\Database\Eloquent\Model->newQuery()
#7 [internal function]: Illuminate\Database\Eloquent\Model->__call('where', Array)
#8 [internal function]: Ad\Auth\User->where('username', '=', 'admin')
#9 C:\xampp\htdocs\tpad-panel\vendor\illuminate\database\Illuminate\Database\Eloquent\Model.php(3015): call_user_func_array(Array, Array)
#10 C:\xampp\htdocs\tpad-panel\app\libraries\api\auth.php(61): Illuminate\Database\Eloquent\Model::__callStatic('where', Array)
#11 C:\xampp\htdocs\tpad-panel\app\libraries\api\auth.php(61): Ad\Auth\User::where('username', '=', 'admin')
#12 C:\xampp\htdocs\tpad-panel\forge\auth.php(58): Api\Auth::attempt(Array)
#13 C:\xampp\htdocs\tpad-panel\app\controllers\login.php(7): Forge\Auth::attempt(Array)
#14 C:\xampp\htdocs\tpad-panel\app\controllers\panel.php(19): Login::index()
#15 C:\xampp\htdocs\tpad-panel\app\routes.php(5): Panel::index()
#16 [internal function]: Forge\Core::{closure}(NULL)
#17 C:\xampp\htdocs\tpad-panel\forge\router.php(153): call_user_func(Object(Closure), NULL)
#18 C:\xampp\htdocs\tpad-panel\forge\router.php(204): Forge\Router::route_page()
#19 C:\xampp\htdocs\tpad-panel\forge\core.php(100): Forge\Router::call()
#20 C:\xampp\htdocs\tpad-panel\engine.php(111): Forge\Core::startup()
#21 C:\xampp\htdocs\tpad-panel\public\index.php(18): require_once('C:\xampp\htdocs...')
#22 {main}

[31-Aug-2014 09:47:51+0100] #573005 System->Database [auth] not configured.->#0 C:\xampp\htdocs\tpad-panel\vendor\illuminate\database\Illuminate\Database\DatabaseManager.php(107): Illuminate\Database\DatabaseManager->getConfig('auth')
#1 C:\xampp\htdocs\tpad-panel\vendor\illuminate\database\Illuminate\Database\DatabaseManager.php(63): Illuminate\Database\DatabaseManager->makeConnection('auth')
#2 C:\xampp\htdocs\tpad-panel\vendor\illuminate\database\Illuminate\Database\Eloquent\Model.php(2810): Illuminate\Database\DatabaseManager->connection('auth')
#3 C:\xampp\htdocs\tpad-panel\vendor\illuminate\database\Illuminate\Database\Eloquent\Model.php(2776): Illuminate\Database\Eloquent\Model::resolveConnection('auth')
#4 C:\xampp\htdocs\tpad-panel\vendor\illuminate\database\Illuminate\Database\Eloquent\Model.php(1791): Illuminate\Database\Eloquent\Model->getConnection()
#5 C:\xampp\htdocs\tpad-panel\vendor\illuminate\database\Illuminate\Database\Eloquent\Model.php(1714): Illuminate\Database\Eloquent\Model->newBaseQueryBuilder()
#6 C:\xampp\htdocs\tpad-panel\vendor\illuminate\database\Illuminate\Database\Eloquent\Model.php(2999): Illuminate\Database\Eloquent\Model->newQuery()
#7 [internal function]: Illuminate\Database\Eloquent\Model->__call('where', Array)
#8 [internal function]: Ad\Auth\User->where('username', '=', 'admin')
#9 C:\xampp\htdocs\tpad-panel\vendor\illuminate\database\Illuminate\Database\Eloquent\Model.php(3015): call_user_func_array(Array, Array)
#10 C:\xampp\htdocs\tpad-panel\app\libraries\api\auth.php(61): Illuminate\Database\Eloquent\Model::__callStatic('where', Array)
#11 C:\xampp\htdocs\tpad-panel\app\libraries\api\auth.php(61): Ad\Auth\User::where('username', '=', 'admin')
#12 C:\xampp\htdocs\tpad-panel\forge\auth.php(58): Api\Auth::attempt(Array)
#13 C:\xampp\htdocs\tpad-panel\app\controllers\login.php(7): Forge\Auth::attempt(Array)
#14 C:\xampp\htdocs\tpad-panel\app\controllers\panel.php(19): Login::index()
#15 C:\xampp\htdocs\tpad-panel\app\routes.php(5): Panel::index()
#16 [internal function]: Forge\Core::{closure}(NULL)
#17 C:\xampp\htdocs\tpad-panel\forge\router.php(153): call_user_func(Object(Closure), NULL)
#18 C:\xampp\htdocs\tpad-panel\forge\router.php(204): Forge\Router::route_page()
#19 C:\xampp\htdocs\tpad-panel\forge\core.php(100): Forge\Router::call()
#20 C:\xampp\htdocs\tpad-panel\engine.php(111): Forge\Core::startup()
#21 C:\xampp\htdocs\tpad-panel\public\index.php(18): require_once('C:\xampp\htdocs...')
#22 {main}

[31-Aug-2014 10:11:50+0100] #568800 System->Undefined variable: url_path->#0 C:\xampp\htdocs\tpad-panel\forge\router.php(159): {closure}(8, 'Undefined varia...', 'C:\xampp\htdocs...', 159, Array)
#1 C:\xampp\htdocs\tpad-panel\forge\router.php(204): Forge\Router::route_page()
#2 C:\xampp\htdocs\tpad-panel\forge\core.php(100): Forge\Router::call()
#3 C:\xampp\htdocs\tpad-panel\engine.php(111): Forge\Core::startup()
#4 C:\xampp\htdocs\tpad-panel\public\index.php(18): require_once('C:\xampp\htdocs...')
#5 {main}

[31-Aug-2014 10:27:07+0100] #527854 System->method_exists() expects exactly 2 parameters, 1 given->#0 [internal function]: {closure}(2, 'method_exists()...', 'C:\xampp\htdocs...', 8, Array)
#1 C:\xampp\htdocs\tpad-panel\app\controllers\panel.php(8): method_exists('self::test')
#2 C:\xampp\htdocs\tpad-panel\app\extraroutes.php(8): Panel::show('test')
#3 [internal function]: Forge\Core::{closure}(Array)
#4 C:\xampp\htdocs\tpad-panel\forge\router.php(153): call_user_func(Object(Closure), Array)
#5 C:\xampp\htdocs\tpad-panel\forge\router.php(233): Forge\Router::route_page('~^([^/]+)$~', Array)
#6 C:\xampp\htdocs\tpad-panel\forge\core.php(100): Forge\Router::call()
#7 C:\xampp\htdocs\tpad-panel\engine.php(111): Forge\Core::startup()
#8 C:\xampp\htdocs\tpad-panel\public\index.php(18): require_once('C:\xampp\htdocs...')
#9 {main}

[31-Aug-2014 10:27:09+0100] #527790 System->method_exists() expects exactly 2 parameters, 1 given->#0 [internal function]: {closure}(2, 'method_exists()...', 'C:\xampp\htdocs...', 8, Array)
#1 C:\xampp\htdocs\tpad-panel\app\controllers\panel.php(8): method_exists('self::test')
#2 C:\xampp\htdocs\tpad-panel\app\extraroutes.php(8): Panel::show('test')
#3 [internal function]: Forge\Core::{closure}(Array)
#4 C:\xampp\htdocs\tpad-panel\forge\router.php(153): call_user_func(Object(Closure), Array)
#5 C:\xampp\htdocs\tpad-panel\forge\router.php(233): Forge\Router::route_page('~^([^/]+)$~', Array)
#6 C:\xampp\htdocs\tpad-panel\forge\core.php(100): Forge\Router::call()
#7 C:\xampp\htdocs\tpad-panel\engine.php(111): Forge\Core::startup()
#8 C:\xampp\htdocs\tpad-panel\public\index.php(18): require_once('C:\xampp\htdocs...')
#9 {main}

[31-Aug-2014 10:27:29+0100] #532486 System->method_exists() expects exactly 2 parameters, 1 given->#0 [internal function]: {closure}(2, 'method_exists()...', 'C:\xampp\htdocs...', 9, Array)
#1 C:\xampp\htdocs\tpad-panel\app\controllers\panel.php(9): method_exists('self::test')
#2 C:\xampp\htdocs\tpad-panel\app\extraroutes.php(8): Panel::show('test')
#3 [internal function]: Forge\Core::{closure}(Array)
#4 C:\xampp\htdocs\tpad-panel\forge\router.php(153): call_user_func(Object(Closure), Array)
#5 C:\xampp\htdocs\tpad-panel\forge\router.php(233): Forge\Router::route_page('~^([^/]+)$~', Array)
#6 C:\xampp\htdocs\tpad-panel\forge\core.php(100): Forge\Router::call()
#7 C:\xampp\htdocs\tpad-panel\engine.php(111): Forge\Core::startup()
#8 C:\xampp\htdocs\tpad-panel\public\index.php(18): require_once('C:\xampp\htdocs...')
#9 {main}

[31-Aug-2014 10:27:30+0100] #532435 System->method_exists() expects exactly 2 parameters, 1 given->#0 [internal function]: {closure}(2, 'method_exists()...', 'C:\xampp\htdocs...', 9, Array)
#1 C:\xampp\htdocs\tpad-panel\app\controllers\panel.php(9): method_exists('self::test')
#2 C:\xampp\htdocs\tpad-panel\app\extraroutes.php(8): Panel::show('test')
#3 [internal function]: Forge\Core::{closure}(Array)
#4 C:\xampp\htdocs\tpad-panel\forge\router.php(153): call_user_func(Object(Closure), Array)
#5 C:\xampp\htdocs\tpad-panel\forge\router.php(233): Forge\Router::route_page('~^([^/]+)$~', Array)
#6 C:\xampp\htdocs\tpad-panel\forge\core.php(100): Forge\Router::call()
#7 C:\xampp\htdocs\tpad-panel\engine.php(111): Forge\Core::startup()
#8 C:\xampp\htdocs\tpad-panel\public\index.php(18): require_once('C:\xampp\htdocs...')
#9 {main}

[31-Aug-2014 10:27:31+0100] #502652 System->method_exists() expects exactly 2 parameters, 1 given->#0 [internal function]: {closure}(2, 'method_exists()...', 'C:\xampp\htdocs...', 9, Array)
#1 C:\xampp\htdocs\tpad-panel\app\controllers\panel.php(9): method_exists('self::test')
#2 C:\xampp\htdocs\tpad-panel\app\extraroutes.php(8): Panel::show('test')
#3 [internal function]: Forge\Core::{closure}(Array)
#4 C:\xampp\htdocs\tpad-panel\forge\router.php(153): call_user_func(Object(Closure), Array)
#5 C:\xampp\htdocs\tpad-panel\forge\router.php(233): Forge\Router::route_page('~^([^/]+)$~', Array)
#6 C:\xampp\htdocs\tpad-panel\forge\core.php(100): Forge\Router::call()
#7 C:\xampp\htdocs\tpad-panel\engine.php(111): Forge\Core::startup()
#8 C:\xampp\htdocs\tpad-panel\public\index.php(18): require_once('C:\xampp\htdocs...')
#9 {main}

[31-Aug-2014 10:27:31+0100] #520478 System->method_exists() expects exactly 2 parameters, 1 given->#0 [internal function]: {closure}(2, 'method_exists()...', 'C:\xampp\htdocs...', 9, Array)
#1 C:\xampp\htdocs\tpad-panel\app\controllers\panel.php(9): method_exists('self::test')
#2 C:\xampp\htdocs\tpad-panel\app\extraroutes.php(8): Panel::show('test')
#3 [internal function]: Forge\Core::{closure}(Array)
#4 C:\xampp\htdocs\tpad-panel\forge\router.php(153): call_user_func(Object(Closure), Array)
#5 C:\xampp\htdocs\tpad-panel\forge\router.php(233): Forge\Router::route_page('~^([^/]+)$~', Array)
#6 C:\xampp\htdocs\tpad-panel\forge\core.php(100): Forge\Router::call()
#7 C:\xampp\htdocs\tpad-panel\engine.php(111): Forge\Core::startup()
#8 C:\xampp\htdocs\tpad-panel\public\index.php(18): require_once('C:\xampp\htdocs...')
#9 {main}

[31-Aug-2014 10:27:31+0100] #536914 System->method_exists() expects exactly 2 parameters, 1 given->#0 [internal function]: {closure}(2, 'method_exists()...', 'C:\xampp\htdocs...', 9, Array)
#1 C:\xampp\htdocs\tpad-panel\app\controllers\panel.php(9): method_exists('self::test')
#2 C:\xampp\htdocs\tpad-panel\app\extraroutes.php(8): Panel::show('test')
#3 [internal function]: Forge\Core::{closure}(Array)
#4 C:\xampp\htdocs\tpad-panel\forge\router.php(153): call_user_func(Object(Closure), Array)
#5 C:\xampp\htdocs\tpad-panel\forge\router.php(233): Forge\Router::route_page('~^([^/]+)$~', Array)
#6 C:\xampp\htdocs\tpad-panel\forge\core.php(100): Forge\Router::call()
#7 C:\xampp\htdocs\tpad-panel\engine.php(111): Forge\Core::startup()
#8 C:\xampp\htdocs\tpad-panel\public\index.php(18): require_once('C:\xampp\htdocs...')
#9 {main}

[31-Aug-2014 10:27:31+0100] #561693 System->method_exists() expects exactly 2 parameters, 1 given->#0 [internal function]: {closure}(2, 'method_exists()...', 'C:\xampp\htdocs...', 9, Array)
#1 C:\xampp\htdocs\tpad-panel\app\controllers\panel.php(9): method_exists('self::test')
#2 C:\xampp\htdocs\tpad-panel\app\extraroutes.php(8): Panel::show('test')
#3 [internal function]: Forge\Core::{closure}(Array)
#4 C:\xampp\htdocs\tpad-panel\forge\router.php(153): call_user_func(Object(Closure), Array)
#5 C:\xampp\htdocs\tpad-panel\forge\router.php(233): Forge\Router::route_page('~^([^/]+)$~', Array)
#6 C:\xampp\htdocs\tpad-panel\forge\core.php(100): Forge\Router::call()
#7 C:\xampp\htdocs\tpad-panel\engine.php(111): Forge\Core::startup()
#8 C:\xampp\htdocs\tpad-panel\public\index.php(18): require_once('C:\xampp\htdocs...')
#9 {main}

[31-Aug-2014 10:27:32+0100] #576550 System->method_exists() expects exactly 2 parameters, 1 given->#0 [internal function]: {closure}(2, 'method_exists()...', 'C:\xampp\htdocs...', 9, Array)
#1 C:\xampp\htdocs\tpad-panel\app\controllers\panel.php(9): method_exists('self::test')
#2 C:\xampp\htdocs\tpad-panel\app\extraroutes.php(8): Panel::show('test')
#3 [internal function]: Forge\Core::{closure}(Array)
#4 C:\xampp\htdocs\tpad-panel\forge\router.php(153): call_user_func(Object(Closure), Array)
#5 C:\xampp\htdocs\tpad-panel\forge\router.php(233): Forge\Router::route_page('~^([^/]+)$~', Array)
#6 C:\xampp\htdocs\tpad-panel\forge\core.php(100): Forge\Router::call()
#7 C:\xampp\htdocs\tpad-panel\engine.php(111): Forge\Core::startup()
#8 C:\xampp\htdocs\tpad-panel\public\index.php(18): require_once('C:\xampp\htdocs...')
#9 {main}

[31-Aug-2014 10:27:32+0100] #493559 System->method_exists() expects exactly 2 parameters, 1 given->#0 [internal function]: {closure}(2, 'method_exists()...', 'C:\xampp\htdocs...', 9, Array)
#1 C:\xampp\htdocs\tpad-panel\app\controllers\panel.php(9): method_exists('self::test')
#2 C:\xampp\htdocs\tpad-panel\app\extraroutes.php(8): Panel::show('test')
#3 [internal function]: Forge\Core::{closure}(Array)
#4 C:\xampp\htdocs\tpad-panel\forge\router.php(153): call_user_func(Object(Closure), Array)
#5 C:\xampp\htdocs\tpad-panel\forge\router.php(233): Forge\Router::route_page('~^([^/]+)$~', Array)
#6 C:\xampp\htdocs\tpad-panel\forge\core.php(100): Forge\Router::call()
#7 C:\xampp\htdocs\tpad-panel\engine.php(111): Forge\Core::startup()
#8 C:\xampp\htdocs\tpad-panel\public\index.php(18): require_once('C:\xampp\htdocs...')
#9 {main}

[31-Aug-2014 10:29:08+0100] #540165 System->method_exists() expects exactly 2 parameters, 1 given->#0 [internal function]: {closure}(2, 'method_exists()...', 'C:\xampp\htdocs...', 9, Array)
#1 C:\xampp\htdocs\tpad-panel\app\controllers\panel.php(9): method_exists('self::test')
#2 C:\xampp\htdocs\tpad-panel\app\extraroutes.php(8): Panel::show('test')
#3 [internal function]: Forge\Core::{closure}(Array)
#4 C:\xampp\htdocs\tpad-panel\forge\router.php(153): call_user_func(Object(Closure), Array)
#5 C:\xampp\htdocs\tpad-panel\forge\router.php(233): Forge\Router::route_page('~^([^/]+)$~', Array)
#6 C:\xampp\htdocs\tpad-panel\forge\core.php(100): Forge\Router::call()
#7 C:\xampp\htdocs\tpad-panel\engine.php(111): Forge\Core::startup()
#8 C:\xampp\htdocs\tpad-panel\public\index.php(18): require_once('C:\xampp\htdocs...')
#9 {main}

[31-Aug-2014 10:29:17+0100] #516900 System->method_exists() expects exactly 2 parameters, 1 given->#0 [internal function]: {closure}(2, 'method_exists()...', 'C:\xampp\htdocs...', 9, Array)
#1 C:\xampp\htdocs\tpad-panel\app\controllers\panel.php(9): method_exists('self::tset')
#2 C:\xampp\htdocs\tpad-panel\app\extraroutes.php(8): Panel::show('tset')
#3 [internal function]: Forge\Core::{closure}(Array)
#4 C:\xampp\htdocs\tpad-panel\forge\router.php(153): call_user_func(Object(Closure), Array)
#5 C:\xampp\htdocs\tpad-panel\forge\router.php(233): Forge\Router::route_page('~^([^/]+)$~', Array)
#6 C:\xampp\htdocs\tpad-panel\forge\core.php(100): Forge\Router::call()
#7 C:\xampp\htdocs\tpad-panel\engine.php(111): Forge\Core::startup()
#8 C:\xampp\htdocs\tpad-panel\public\index.php(18): require_once('C:\xampp\htdocs...')
#9 {main}

[31-Aug-2014 10:29:21+0100] #512167 System->method_exists() expects exactly 2 parameters, 1 given->#0 [internal function]: {closure}(2, 'method_exists()...', 'C:\xampp\htdocs...', 9, Array)
#1 C:\xampp\htdocs\tpad-panel\app\controllers\panel.php(9): method_exists('self::1')
#2 C:\xampp\htdocs\tpad-panel\app\extraroutes.php(8): Panel::show('1')
#3 [internal function]: Forge\Core::{closure}(Array)
#4 C:\xampp\htdocs\tpad-panel\forge\router.php(153): call_user_func(Object(Closure), Array)
#5 C:\xampp\htdocs\tpad-panel\forge\router.php(233): Forge\Router::route_page('~^([^/]+)$~', Array)
#6 C:\xampp\htdocs\tpad-panel\forge\core.php(100): Forge\Router::call()
#7 C:\xampp\htdocs\tpad-panel\engine.php(111): Forge\Core::startup()
#8 C:\xampp\htdocs\tpad-panel\public\index.php(18): require_once('C:\xampp\htdocs...')
#9 {main}

[31-Aug-2014 10:29:27+0100] #542010 System->method_exists() expects exactly 2 parameters, 1 given->#0 [internal function]: {closure}(2, 'method_exists()...', 'C:\xampp\htdocs...', 9, Array)
#1 C:\xampp\htdocs\tpad-panel\app\controllers\panel.php(9): method_exists('self::1')
#2 C:\xampp\htdocs\tpad-panel\app\extraroutes.php(8): Panel::show('1')
#3 [internal function]: Forge\Core::{closure}(Array)
#4 C:\xampp\htdocs\tpad-panel\forge\router.php(153): call_user_func(Object(Closure), Array)
#5 C:\xampp\htdocs\tpad-panel\forge\router.php(233): Forge\Router::route_page('~^([^/]+)$~', Array)
#6 C:\xampp\htdocs\tpad-panel\forge\core.php(100): Forge\Router::call()
#7 C:\xampp\htdocs\tpad-panel\engine.php(111): Forge\Core::startup()
#8 C:\xampp\htdocs\tpad-panel\public\index.php(18): require_once('C:\xampp\htdocs...')
#9 {main}

[31-Aug-2014 10:29:30+0100] #568607 System->method_exists() expects exactly 2 parameters, 1 given->#0 [internal function]: {closure}(2, 'method_exists()...', 'C:\xampp\htdocs...', 9, Array)
#1 C:\xampp\htdocs\tpad-panel\app\controllers\panel.php(9): method_exists('self::test')
#2 C:\xampp\htdocs\tpad-panel\app\extraroutes.php(8): Panel::show('test')
#3 [internal function]: Forge\Core::{closure}(Array)
#4 C:\xampp\htdocs\tpad-panel\forge\router.php(153): call_user_func(Object(Closure), Array)
#5 C:\xampp\htdocs\tpad-panel\forge\router.php(233): Forge\Router::route_page('~^([^/]+)$~', Array)
#6 C:\xampp\htdocs\tpad-panel\forge\core.php(100): Forge\Router::call()
#7 C:\xampp\htdocs\tpad-panel\engine.php(111): Forge\Core::startup()
#8 C:\xampp\htdocs\tpad-panel\public\index.php(18): require_once('C:\xampp\htdocs...')
#9 {main}

[31-Aug-2014 10:29:31+0100] #480824 System->method_exists() expects exactly 2 parameters, 1 given->#0 [internal function]: {closure}(2, 'method_exists()...', 'C:\xampp\htdocs...', 9, Array)
#1 C:\xampp\htdocs\tpad-panel\app\controllers\panel.php(9): method_exists('self::test')
#2 C:\xampp\htdocs\tpad-panel\app\extraroutes.php(8): Panel::show('test')
#3 [internal function]: Forge\Core::{closure}(Array)
#4 C:\xampp\htdocs\tpad-panel\forge\router.php(153): call_user_func(Object(Closure), Array)
#5 C:\xampp\htdocs\tpad-panel\forge\router.php(233): Forge\Router::route_page('~^([^/]+)$~', Array)
#6 C:\xampp\htdocs\tpad-panel\forge\core.php(100): Forge\Router::call()
#7 C:\xampp\htdocs\tpad-panel\engine.php(111): Forge\Core::startup()
#8 C:\xampp\htdocs\tpad-panel\public\index.php(18): require_once('C:\xampp\htdocs...')
#9 {main}

[31-Aug-2014 10:47:34+0100] #497835 System->Use of undefined constant data - assumed 'data'->#0 C:\xampp\htdocs\tpad-panel\app\controllers\login.php(15): {closure}(8, 'Use of undefine...', 'C:\xampp\htdocs...', 15, Array)
#1 C:\xampp\htdocs\tpad-panel\app\controllers\panel.php(22): Login::index()
#2 C:\xampp\htdocs\tpad-panel\app\routes.php(5): Panel::index()
#3 [internal function]: Forge\Core::{closure}(NULL)
#4 C:\xampp\htdocs\tpad-panel\forge\router.php(153): call_user_func(Object(Closure), NULL)
#5 C:\xampp\htdocs\tpad-panel\forge\router.php(204): Forge\Router::route_page()
#6 C:\xampp\htdocs\tpad-panel\forge\core.php(100): Forge\Router::call()
#7 C:\xampp\htdocs\tpad-panel\engine.php(111): Forge\Core::startup()
#8 C:\xampp\htdocs\tpad-panel\public\index.php(18): require_once('C:\xampp\htdocs...')
#9 {main}

[31-Aug-2014 12:16:02+0100] #503413 System->Use of undefined constant PASSWORD_DEFAULT - assumed 'PASSWORD_DEFAULT'->#0 C:\xampp\htdocs\tpad-panel\app\controllers\login.php(11): {closure}(8, 'Use of undefine...', 'C:\xampp\htdocs...', 11, Array)
#1 C:\xampp\htdocs\tpad-panel\app\extraroutes.php(4): Login::index()
#2 [internal function]: Forge\Core::{closure}(Array)
#3 C:\xampp\htdocs\tpad-panel\forge\router.php(153): call_user_func(Object(Closure), Array)
#4 C:\xampp\htdocs\tpad-panel\forge\router.php(233): Forge\Router::route_page('~^login$~', Array)
#5 C:\xampp\htdocs\tpad-panel\forge\core.php(100): Forge\Router::call()
#6 C:\xampp\htdocs\tpad-panel\engine.php(111): Forge\Core::startup()
#7 C:\xampp\htdocs\tpad-panel\public\index.php(18): require_once('C:\xampp\htdocs...')
#8 {main}

[31-Aug-2014 12:16:16+0100] #495433 System->Use of undefined constant PASSWORD_DEFAULT - assumed 'PASSWORD_DEFAULT'->#0 C:\xampp\htdocs\tpad-panel\app\controllers\login.php(11): {closure}(8, 'Use of undefine...', 'C:\xampp\htdocs...', 11, Array)
#1 C:\xampp\htdocs\tpad-panel\app\extraroutes.php(4): Login::index()
#2 [internal function]: Forge\Core::{closure}(Array)
#3 C:\xampp\htdocs\tpad-panel\forge\router.php(153): call_user_func(Object(Closure), Array)
#4 C:\xampp\htdocs\tpad-panel\forge\router.php(233): Forge\Router::route_page('~^login$~', Array)
#5 C:\xampp\htdocs\tpad-panel\forge\core.php(100): Forge\Router::call()
#6 C:\xampp\htdocs\tpad-panel\engine.php(111): Forge\Core::startup()
#7 C:\xampp\htdocs\tpad-panel\public\index.php(18): require_once('C:\xampp\htdocs...')
#8 {main}

[31-Aug-2014 12:16:27+0100] #543997 System->hash() expects at least 2 parameters, 1 given->#0 [internal function]: {closure}(2, 'hash() expects ...', 'C:\xampp\htdocs...', 11, Array)
#1 C:\xampp\htdocs\tpad-panel\app\controllers\login.php(11): hash('admin')
#2 C:\xampp\htdocs\tpad-panel\app\extraroutes.php(4): Login::index()
#3 [internal function]: Forge\Core::{closure}(Array)
#4 C:\xampp\htdocs\tpad-panel\forge\router.php(153): call_user_func(Object(Closure), Array)
#5 C:\xampp\htdocs\tpad-panel\forge\router.php(233): Forge\Router::route_page('~^login$~', Array)
#6 C:\xampp\htdocs\tpad-panel\forge\core.php(100): Forge\Router::call()
#7 C:\xampp\htdocs\tpad-panel\engine.php(111): Forge\Core::startup()
#8 C:\xampp\htdocs\tpad-panel\public\index.php(18): require_once('C:\xampp\htdocs...')
#9 {main}

[31-Aug-2014 12:18:38+0100] #550273 System->hash() expects at least 2 parameters, 1 given->#0 [internal function]: {closure}(2, 'hash() expects ...', 'C:\xampp\htdocs...', 11, Array)
#1 C:\xampp\htdocs\tpad-panel\app\controllers\login.php(11): hash('admin')
#2 C:\xampp\htdocs\tpad-panel\app\extraroutes.php(4): Login::index()
#3 [internal function]: Forge\Core::{closure}(Array)
#4 C:\xampp\htdocs\tpad-panel\forge\router.php(153): call_user_func(Object(Closure), Array)
#5 C:\xampp\htdocs\tpad-panel\forge\router.php(233): Forge\Router::route_page('~^login$~', Array)
#6 C:\xampp\htdocs\tpad-panel\forge\core.php(100): Forge\Router::call()
#7 C:\xampp\htdocs\tpad-panel\engine.php(111): Forge\Core::startup()
#8 C:\xampp\htdocs\tpad-panel\public\index.php(18): require_once('C:\xampp\htdocs...')
#9 {main}

[31-Aug-2014 12:32:15+0100] #510635 System->Missing argument 2 for Api\Auth::doubleSalt(), called in C:\xampp\htdocs\tpad-panel\app\libraries\api\auth.php on line 61 and defined->#0 C:\xampp\htdocs\tpad-panel\app\libraries\api\auth.php(143): {closure}(2, 'Missing argumen...', 'C:\xampp\htdocs...', 143, Array)
#1 C:\xampp\htdocs\tpad-panel\app\libraries\api\auth.php(61): Api\Auth::doubleSalt('admin')
#2 C:\xampp\htdocs\tpad-panel\forge\auth.php(58): Api\Auth::attempt(Array)
#3 C:\xampp\htdocs\tpad-panel\app\controllers\login.php(12): Forge\Auth::attempt(Array)
#4 C:\xampp\htdocs\tpad-panel\app\extraroutes.php(4): Login::index()
#5 [internal function]: Forge\Core::{closure}(Array)
#6 C:\xampp\htdocs\tpad-panel\forge\router.php(153): call_user_func(Object(Closure), Array)
#7 C:\xampp\htdocs\tpad-panel\forge\router.php(233): Forge\Router::route_page('~^login$~', Array)
#8 C:\xampp\htdocs\tpad-panel\forge\core.php(100): Forge\Router::call()
#9 C:\xampp\htdocs\tpad-panel\engine.php(111): Forge\Core::startup()
#10 C:\xampp\htdocs\tpad-panel\public\index.php(18): require_once('C:\xampp\htdocs...')
#11 {main}

