[13-Oct-2014 09:05:02+0100] #233185 System->call_user_func() expects parameter 1 to be a valid callback, class '\img' not found->#0 [internal function]: {closure}(2, 'call_user_func(...', 'C:\\wamp\\www\\tpa...', 14, Array)
#1 C:\wamp\www\tpad\app\controllers\main.php(14): call_user_func('\\img::favicon.i...')
#2 C:\wamp\www\tpad\app\controllers\main.php(30): Main::call(Array)
#3 C:\wamp\www\tpad\app\routes.php(5): Main::show(Array)
#4 [internal function]: Forge\Core::{closure}(Array)
#5 C:\wamp\www\tpad\forge\router.php(153): call_user_func(Object(Closure), Array)
#6 C:\wamp\www\tpad\forge\router.php(233): Forge\Router::route_page('~^([^/]+)/([^/]...', Array)
#7 C:\wamp\www\tpad\forge\core.php(100): Forge\Router::call()
#8 C:\wamp\www\tpad\engine.php(111): Forge\Core::startup()
#9 C:\wamp\www\tpad\public\index.php(18): require_once('C:\\wamp\\www\\tpa...')
#10 {main}

[13-Oct-2014 09:05:02+0100] #242786 System->call_user_func() expects parameter 1 to be a valid callback, class '\img' not found->#0 [internal function]: {closure}(2, 'call_user_func(...', 'C:\\wamp\\www\\tpa...', 14, Array)
#1 C:\wamp\www\tpad\app\controllers\main.php(14): call_user_func('\\img::favicon.i...')
#2 C:\wamp\www\tpad\app\controllers\main.php(30): Main::call(Array)
#3 C:\wamp\www\tpad\app\routes.php(5): Main::show(Array)
#4 [internal function]: Forge\Core::{closure}(Array)
#5 C:\wamp\www\tpad\forge\router.php(153): call_user_func(Object(Closure), Array)
#6 C:\wamp\www\tpad\forge\router.php(233): Forge\Router::route_page('~^([^/]+)/([^/]...', Array)
#7 C:\wamp\www\tpad\forge\core.php(100): Forge\Router::call()
#8 C:\wamp\www\tpad\engine.php(111): Forge\Core::startup()
#9 C:\wamp\www\tpad\public\index.php(18): require_once('C:\\wamp\\www\\tpa...')
#10 {main}

[13-Oct-2014 09:23:15+0100] #190127 System->call_user_func() expects parameter 1 to be a valid callback, class '\favicon.ico' not found->#0 [internal function]: {closure}(2, 'call_user_func(...', 'C:\\wamp\\www\\tpa...', 14, Array)
#1 C:\wamp\www\tpad\app\controllers\main.php(14): call_user_func('\\favicon.ico::i...')
#2 C:\wamp\www\tpad\app\controllers\main.php(30): Main::call(Array)
#3 C:\wamp\www\tpad\app\routes.php(5): Main::show(Array)
#4 [internal function]: Forge\Core::{closure}(Array)
#5 C:\wamp\www\tpad\forge\router.php(153): call_user_func(Object(Closure), Array)
#6 C:\wamp\www\tpad\forge\router.php(233): Forge\Router::route_page('~^([^/]+)$~', Array)
#7 C:\wamp\www\tpad\forge\core.php(100): Forge\Router::call()
#8 C:\wamp\www\tpad\engine.php(111): Forge\Core::startup()
#9 C:\wamp\www\tpad\public\index.php(18): require_once('C:\\wamp\\www\\tpa...')
#10 {main}

[13-Oct-2014 09:23:15+0100] #196728 System->call_user_func() expects parameter 1 to be a valid callback, class '\favicon.ico' not found->#0 [internal function]: {closure}(2, 'call_user_func(...', 'C:\\wamp\\www\\tpa...', 14, Array)
#1 C:\wamp\www\tpad\app\controllers\main.php(14): call_user_func('\\favicon.ico::i...')
#2 C:\wamp\www\tpad\app\controllers\main.php(30): Main::call(Array)
#3 C:\wamp\www\tpad\app\routes.php(5): Main::show(Array)
#4 [internal function]: Forge\Core::{closure}(Array)
#5 C:\wamp\www\tpad\forge\router.php(153): call_user_func(Object(Closure), Array)
#6 C:\wamp\www\tpad\forge\router.php(233): Forge\Router::route_page('~^([^/]+)$~', Array)
#7 C:\wamp\www\tpad\forge\core.php(100): Forge\Router::call()
#8 C:\wamp\www\tpad\engine.php(111): Forge\Core::startup()
#9 C:\wamp\www\tpad\public\index.php(18): require_once('C:\\wamp\\www\\tpa...')
#10 {main}

[13-Oct-2014 09:30:19+0100] #270981 System->call_user_func() expects parameter 1 to be a valid callback, class '\tpad' not found->#0 [internal function]: {closure}(2, 'call_user_func(...', 'C:\\wamp\\www\\tpa...', 14, Array)
#1 C:\wamp\www\tpad\app\controllers\main.php(14): call_user_func('\\tpad::public')
#2 C:\wamp\www\tpad\app\controllers\main.php(30): Main::call(Array)
#3 C:\wamp\www\tpad\app\routes.php(5): Main::show(Array)
#4 [internal function]: Forge\Core::{closure}(Array)
#5 C:\wamp\www\tpad\forge\router.php(153): call_user_func(Object(Closure), Array)
#6 C:\wamp\www\tpad\forge\router.php(233): Forge\Router::route_page('~^([^/]+)/([^/]...', Array)
#7 C:\wamp\www\tpad\forge\core.php(100): Forge\Router::call()
#8 C:\wamp\www\tpad\engine.php(111): Forge\Core::startup()
#9 C:\wamp\www\tpad\public\index.php(18): require_once('C:\\wamp\\www\\tpa...')
#10 {main}

[13-Oct-2014 09:31:08+0100] #234208 System->call_user_func() expects parameter 1 to be a valid callback, class '\tpad' not found->#0 [internal function]: {closure}(2, 'call_user_func(...', 'C:\\wamp\\www\\tpa...', 14, Array)
#1 C:\wamp\www\tpad\app\controllers\main.php(14): call_user_func('\\tpad::public')
#2 C:\wamp\www\tpad\app\controllers\main.php(30): Main::call(Array)
#3 C:\wamp\www\tpad\app\routes.php(5): Main::show(Array)
#4 [internal function]: Forge\Core::{closure}(Array)
#5 C:\wamp\www\tpad\forge\router.php(153): call_user_func(Object(Closure), Array)
#6 C:\wamp\www\tpad\forge\router.php(233): Forge\Router::route_page('~^([^/]+)/([^/]...', Array)
#7 C:\wamp\www\tpad\forge\core.php(100): Forge\Router::call()
#8 C:\wamp\www\tpad\engine.php(111): Forge\Core::startup()
#9 C:\wamp\www\tpad\public\index.php(18): require_once('C:\\wamp\\www\\tpa...')
#10 {main}

[13-Oct-2014 09:32:01+0100] #204363 System->call_user_func() expects parameter 1 to be a valid callback, class '\tpad' not found->#0 [internal function]: {closure}(2, 'call_user_func(...', 'C:\\wamp\\www\\tpa...', 14, Array)
#1 C:\wamp\www\tpad\app\controllers\main.php(14): call_user_func('\\tpad::public')
#2 C:\wamp\www\tpad\app\controllers\main.php(30): Main::call(Array)
#3 C:\wamp\www\tpad\app\routes.php(5): Main::show(Array)
#4 [internal function]: Forge\Core::{closure}(Array)
#5 C:\wamp\www\tpad\forge\router.php(153): call_user_func(Object(Closure), Array)
#6 C:\wamp\www\tpad\forge\router.php(233): Forge\Router::route_page('~^([^/]+)/([^/]...', Array)
#7 C:\wamp\www\tpad\forge\core.php(100): Forge\Router::call()
#8 C:\wamp\www\tpad\engine.php(111): Forge\Core::startup()
#9 C:\wamp\www\tpad\public\index.php(18): require_once('C:\\wamp\\www\\tpa...')
#10 {main}

[13-Oct-2014 09:34:00+0100] #238264 System->call_user_func() expects parameter 1 to be a valid callback, class '\img' not found->#0 [internal function]: {closure}(2, 'call_user_func(...', 'C:\\wamp\\www\\tpa...', 14, Array)
#1 C:\wamp\www\tpad\app\controllers\main.php(14): call_user_func('\\img::favicon.i...')
#2 C:\wamp\www\tpad\app\controllers\main.php(30): Main::call(Array)
#3 C:\wamp\www\tpad\app\routes.php(5): Main::show(Array)
#4 [internal function]: Forge\Core::{closure}(Array)
#5 C:\wamp\www\tpad\forge\router.php(153): call_user_func(Object(Closure), Array)
#6 C:\wamp\www\tpad\forge\router.php(233): Forge\Router::route_page('~^([^/]+)/([^/]...', Array)
#7 C:\wamp\www\tpad\forge\core.php(100): Forge\Router::call()
#8 C:\wamp\www\tpad\engine.php(111): Forge\Core::startup()
#9 C:\wamp\www\tpad\public\index.php(18): require_once('C:\\wamp\\www\\tpa...')
#10 {main}

[13-Oct-2014 10:02:59+0100] #268951 System->call_user_func() expects parameter 1 to be a valid callback, class '\img' not found->#0 [internal function]: {closure}(2, 'call_user_func(...', 'C:\\wamp\\www\\tpa...', 14, Array)
#1 C:\wamp\www\tpad\app\controllers\main.php(14): call_user_func('\\img::favicon.i...')
#2 C:\wamp\www\tpad\app\controllers\main.php(30): Main::call(Array)
#3 C:\wamp\www\tpad\app\routes.php(5): Main::show(Array)
#4 [internal function]: Forge\Core::{closure}(Array)
#5 C:\wamp\www\tpad\forge\router.php(153): call_user_func(Object(Closure), Array)
#6 C:\wamp\www\tpad\forge\router.php(233): Forge\Router::route_page('~^([^/]+)/([^/]...', Array)
#7 C:\wamp\www\tpad\forge\core.php(100): Forge\Router::call()
#8 C:\wamp\www\tpad\engine.php(111): Forge\Core::startup()
#9 C:\wamp\www\tpad\public\index.php(18): require_once('C:\\wamp\\www\\tpa...')
#10 {main}

[13-Oct-2014 11:38:34+0100] #211367 System->Undefined index: extenm->#0 C:\wamp\www\tpad\app\models\callgroupmodel.php(111): {closure}(8, 'Undefined index...', 'C:\\wamp\\www\\tpa...', 111, Array)
#1 C:\wamp\www\tpad\app\controllers\pbxmanagement.php(91): CallgroupModel->delete(Array)
#2 [internal function]: Pbxmanagement::delete_callgroup()
#3 C:\wamp\www\tpad\app\controllers\main.php(14): call_user_func('\\pbxmanagement:...')
#4 C:\wamp\www\tpad\app\controllers\main.php(30): Main::call(Array)
#5 C:\wamp\www\tpad\app\routes.php(5): Main::show(Array)
#6 [internal function]: Forge\Core::{closure}(Array)
#7 C:\wamp\www\tpad\forge\router.php(153): call_user_func(Object(Closure), Array)
#8 C:\wamp\www\tpad\forge\router.php(233): Forge\Router::route_page('~^([^/]+)/([^/]...', Array)
#9 C:\wamp\www\tpad\forge\core.php(100): Forge\Router::call()
#10 C:\wamp\www\tpad\engine.php(111): Forge\Core::startup()
#11 C:\wamp\www\tpad\public\index.php(18): require_once('C:\\wamp\\www\\tpa...')
#12 {main}

[13-Oct-2014 11:38:39+0100] #260104 System->Undefined index: extenm->#0 C:\wamp\www\tpad\app\models\callgroupmodel.php(111): {closure}(8, 'Undefined index...', 'C:\\wamp\\www\\tpa...', 111, Array)
#1 C:\wamp\www\tpad\app\controllers\pbxmanagement.php(91): CallgroupModel->delete(Array)
#2 [internal function]: Pbxmanagement::delete_callgroup()
#3 C:\wamp\www\tpad\app\controllers\main.php(14): call_user_func('\\pbxmanagement:...')
#4 C:\wamp\www\tpad\app\controllers\main.php(30): Main::call(Array)
#5 C:\wamp\www\tpad\app\routes.php(5): Main::show(Array)
#6 [internal function]: Forge\Core::{closure}(Array)
#7 C:\wamp\www\tpad\forge\router.php(153): call_user_func(Object(Closure), Array)
#8 C:\wamp\www\tpad\forge\router.php(233): Forge\Router::route_page('~^([^/]+)/([^/]...', Array)
#9 C:\wamp\www\tpad\forge\core.php(100): Forge\Router::call()
#10 C:\wamp\www\tpad\engine.php(111): Forge\Core::startup()
#11 C:\wamp\www\tpad\public\index.php(18): require_once('C:\\wamp\\www\\tpa...')
#12 {main}

[13-Oct-2014 12:00:58+0100] #273102 System->Non-static method AD\Pbx\ManagerAd::getCallpickupExtension() should not be called statically, assuming $this from incompatible context->#0 C:\wamp\www\tpad\app\models\callgroupmodel.php(115): {closure}(2048, 'Non-static meth...', 'C:\\wamp\\www\\tpa...', 115, Array)
#1 C:\wamp\www\tpad\app\controllers\pbxmanagement.php(91): CallgroupModel->delete(Array)
#2 [internal function]: Pbxmanagement::delete_callgroup()
#3 C:\wamp\www\tpad\app\controllers\main.php(14): call_user_func('\\pbxmanagement:...')
#4 C:\wamp\www\tpad\app\controllers\main.php(30): Main::call(Array)
#5 C:\wamp\www\tpad\app\routes.php(5): Main::show(Array)
#6 [internal function]: Forge\Core::{closure}(Array)
#7 C:\wamp\www\tpad\forge\router.php(153): call_user_func(Object(Closure), Array)
#8 C:\wamp\www\tpad\forge\router.php(233): Forge\Router::route_page('~^([^/]+)/([^/]...', Array)
#9 C:\wamp\www\tpad\forge\core.php(100): Forge\Router::call()
#10 C:\wamp\www\tpad\engine.php(111): Forge\Core::startup()
#11 C:\wamp\www\tpad\public\index.php(18): require_once('C:\\wamp\\www\\tpa...')
#12 {main}

[13-Oct-2014 12:01:06+0100] #203852 System->Non-static method AD\Pbx\ManagerAd::getCallpickupExtension() should not be called statically, assuming $this from incompatible context->#0 C:\wamp\www\tpad\app\models\callgroupmodel.php(115): {closure}(2048, 'Non-static meth...', 'C:\\wamp\\www\\tpa...', 115, Array)
#1 C:\wamp\www\tpad\app\controllers\pbxmanagement.php(91): CallgroupModel->delete(Array)
#2 [internal function]: Pbxmanagement::delete_callgroup()
#3 C:\wamp\www\tpad\app\controllers\main.php(14): call_user_func('\\pbxmanagement:...')
#4 C:\wamp\www\tpad\app\controllers\main.php(30): Main::call(Array)
#5 C:\wamp\www\tpad\app\routes.php(5): Main::show(Array)
#6 [internal function]: Forge\Core::{closure}(Array)
#7 C:\wamp\www\tpad\forge\router.php(153): call_user_func(Object(Closure), Array)
#8 C:\wamp\www\tpad\forge\router.php(233): Forge\Router::route_page('~^([^/]+)/([^/]...', Array)
#9 C:\wamp\www\tpad\forge\core.php(100): Forge\Router::call()
#10 C:\wamp\www\tpad\engine.php(111): Forge\Core::startup()
#11 C:\wamp\www\tpad\public\index.php(18): require_once('C:\\wamp\\www\\tpa...')
#12 {main}

[13-Oct-2014 12:07:10+0100] #281902 System->Undefined index: callpickup_id->#0 C:\wamp\www\tpad\app\models\callgroupmodel.php(96): {closure}(8, 'Undefined index...', 'C:\\wamp\\www\\tpa...', 96, Array)
#1 C:\wamp\www\tpad\app\controllers\pbxmanagement.php(91): CallgroupModel->delete(Array)
#2 [internal function]: Pbxmanagement::delete_callgroup()
#3 C:\wamp\www\tpad\app\controllers\main.php(14): call_user_func('\\pbxmanagement:...')
#4 C:\wamp\www\tpad\app\controllers\main.php(30): Main::call(Array)
#5 C:\wamp\www\tpad\app\routes.php(5): Main::show(Array)
#6 [internal function]: Forge\Core::{closure}(Array)
#7 C:\wamp\www\tpad\forge\router.php(153): call_user_func(Object(Closure), Array)
#8 C:\wamp\www\tpad\forge\router.php(233): Forge\Router::route_page('~^([^/]+)/([^/]...', Array)
#9 C:\wamp\www\tpad\forge\core.php(100): Forge\Router::call()
#10 C:\wamp\www\tpad\engine.php(111): Forge\Core::startup()
#11 C:\wamp\www\tpad\public\index.php(18): require_once('C:\\wamp\\www\\tpa...')
#12 {main}

[13-Oct-2014 12:07:20+0100] #269969 System->Undefined variable: self->#0 C:\wamp\www\tpad\app\ad\pbx\managerad.php(177): {closure}(8, 'Undefined varia...', 'C:\\wamp\\www\\tpa...', 177, Array)
#1 C:\wamp\www\tpad\app\models\callgroupmodel.php(121): AD\Pbx\ManagerAd::deleteCallpickupExten(4, 5)
#2 C:\wamp\www\tpad\app\controllers\pbxmanagement.php(91): CallgroupModel->delete(Array)
#3 [internal function]: Pbxmanagement::delete_callgroup()
#4 C:\wamp\www\tpad\app\controllers\main.php(14): call_user_func('\\pbxmanagement:...')
#5 C:\wamp\www\tpad\app\controllers\main.php(30): Main::call(Array)
#6 C:\wamp\www\tpad\app\routes.php(5): Main::show(Array)
#7 [internal function]: Forge\Core::{closure}(Array)
#8 C:\wamp\www\tpad\forge\router.php(153): call_user_func(Object(Closure), Array)
#9 C:\wamp\www\tpad\forge\router.php(233): Forge\Router::route_page('~^([^/]+)/([^/]...', Array)
#10 C:\wamp\www\tpad\forge\core.php(100): Forge\Router::call()
#11 C:\wamp\www\tpad\engine.php(111): Forge\Core::startup()
#12 C:\wamp\www\tpad\public\index.php(18): require_once('C:\\wamp\\www\\tpa...')
#13 {main}

[13-Oct-2014 12:07:27+0100] #254815 System->Undefined variable: self->#0 C:\wamp\www\tpad\app\ad\pbx\managerad.php(177): {closure}(8, 'Undefined varia...', 'C:\\wamp\\www\\tpa...', 177, Array)
#1 C:\wamp\www\tpad\app\models\callgroupmodel.php(121): AD\Pbx\ManagerAd::deleteCallpickupExten(4, 5)
#2 C:\wamp\www\tpad\app\controllers\pbxmanagement.php(91): CallgroupModel->delete(Array)
#3 [internal function]: Pbxmanagement::delete_callgroup()
#4 C:\wamp\www\tpad\app\controllers\main.php(14): call_user_func('\\pbxmanagement:...')
#5 C:\wamp\www\tpad\app\controllers\main.php(30): Main::call(Array)
#6 C:\wamp\www\tpad\app\routes.php(5): Main::show(Array)
#7 [internal function]: Forge\Core::{closure}(Array)
#8 C:\wamp\www\tpad\forge\router.php(153): call_user_func(Object(Closure), Array)
#9 C:\wamp\www\tpad\forge\router.php(233): Forge\Router::route_page('~^([^/]+)/([^/]...', Array)
#10 C:\wamp\www\tpad\forge\core.php(100): Forge\Router::call()
#11 C:\wamp\www\tpad\engine.php(111): Forge\Core::startup()
#12 C:\wamp\www\tpad\public\index.php(18): require_once('C:\\wamp\\www\\tpa...')
#13 {main}

[13-Oct-2014 12:08:46+0100] #245745 System->PDOException was thrown when trying to delete call pickup extension : SQLSTATE[42S22]: Column not found: 1054 Unknown column 'customer_id' in 'where clause'->#0 C:\wamp\www\tpad\app\models\callgroupmodel.php(121): AD\Pbx\ManagerAd::deleteCallpickupExten(4, 5)
#1 C:\wamp\www\tpad\app\controllers\pbxmanagement.php(91): CallgroupModel->delete(Array)
#2 [internal function]: Pbxmanagement::delete_callgroup()
#3 C:\wamp\www\tpad\app\controllers\main.php(14): call_user_func('\\pbxmanagement:...')
#4 C:\wamp\www\tpad\app\controllers\main.php(30): Main::call(Array)
#5 C:\wamp\www\tpad\app\routes.php(5): Main::show(Array)
#6 [internal function]: Forge\Core::{closure}(Array)
#7 C:\wamp\www\tpad\forge\router.php(153): call_user_func(Object(Closure), Array)
#8 C:\wamp\www\tpad\forge\router.php(233): Forge\Router::route_page('~^([^/]+)/([^/]...', Array)
#9 C:\wamp\www\tpad\forge\core.php(100): Forge\Router::call()
#10 C:\wamp\www\tpad\engine.php(111): Forge\Core::startup()
#11 C:\wamp\www\tpad\public\index.php(18): require_once('C:\\wamp\\www\\tpa...')
#12 {main}

[13-Oct-2014 12:08:52+0100] #278887 System->PDOException was thrown when trying to delete call pickup extension : SQLSTATE[42S22]: Column not found: 1054 Unknown column 'customer_id' in 'where clause'->#0 C:\wamp\www\tpad\app\models\callgroupmodel.php(121): AD\Pbx\ManagerAd::deleteCallpickupExten(4, 5)
#1 C:\wamp\www\tpad\app\controllers\pbxmanagement.php(91): CallgroupModel->delete(Array)
#2 [internal function]: Pbxmanagement::delete_callgroup()
#3 C:\wamp\www\tpad\app\controllers\main.php(14): call_user_func('\\pbxmanagement:...')
#4 C:\wamp\www\tpad\app\controllers\main.php(30): Main::call(Array)
#5 C:\wamp\www\tpad\app\routes.php(5): Main::show(Array)
#6 [internal function]: Forge\Core::{closure}(Array)
#7 C:\wamp\www\tpad\forge\router.php(153): call_user_func(Object(Closure), Array)
#8 C:\wamp\www\tpad\forge\router.php(233): Forge\Router::route_page('~^([^/]+)/([^/]...', Array)
#9 C:\wamp\www\tpad\forge\core.php(100): Forge\Router::call()
#10 C:\wamp\www\tpad\engine.php(111): Forge\Core::startup()
#11 C:\wamp\www\tpad\public\index.php(18): require_once('C:\\wamp\\www\\tpa...')
#12 {main}

[13-Oct-2014 12:11:13+0100] #294136 System->Undefined variable: customer_id->#0 C:\wamp\www\tpad\app\models\callgroupmodel.php(124): {closure}(8, 'Undefined varia...', 'C:\\wamp\\www\\tpa...', 124, Array)
#1 C:\wamp\www\tpad\app\controllers\pbxmanagement.php(91): CallgroupModel->delete(Array)
#2 [internal function]: Pbxmanagement::delete_callgroup()
#3 C:\wamp\www\tpad\app\controllers\main.php(14): call_user_func('\\pbxmanagement:...')
#4 C:\wamp\www\tpad\app\controllers\main.php(30): Main::call(Array)
#5 C:\wamp\www\tpad\app\routes.php(5): Main::show(Array)
#6 [internal function]: Forge\Core::{closure}(Array)
#7 C:\wamp\www\tpad\forge\router.php(153): call_user_func(Object(Closure), Array)
#8 C:\wamp\www\tpad\forge\router.php(233): Forge\Router::route_page('~^([^/]+)/([^/]...', Array)
#9 C:\wamp\www\tpad\forge\core.php(100): Forge\Router::call()
#10 C:\wamp\www\tpad\engine.php(111): Forge\Core::startup()
#11 C:\wamp\www\tpad\public\index.php(18): require_once('C:\\wamp\\www\\tpa...')
#12 {main}

[13-Oct-2014 12:11:24+0100] #217005 System->Undefined offset: 0->#0 C:\wamp\www\tpad\app\models\callgroupmodel.php(99): {closure}(8, 'Undefined offse...', 'C:\\wamp\\www\\tpa...', 99, Array)
#1 C:\wamp\www\tpad\app\controllers\pbxmanagement.php(91): CallgroupModel->delete(Array)
#2 [internal function]: Pbxmanagement::delete_callgroup()
#3 C:\wamp\www\tpad\app\controllers\main.php(14): call_user_func('\\pbxmanagement:...')
#4 C:\wamp\www\tpad\app\controllers\main.php(30): Main::call(Array)
#5 C:\wamp\www\tpad\app\routes.php(5): Main::show(Array)
#6 [internal function]: Forge\Core::{closure}(Array)
#7 C:\wamp\www\tpad\forge\router.php(153): call_user_func(Object(Closure), Array)
#8 C:\wamp\www\tpad\forge\router.php(233): Forge\Router::route_page('~^([^/]+)/([^/]...', Array)
#9 C:\wamp\www\tpad\forge\core.php(100): Forge\Router::call()
#10 C:\wamp\www\tpad\engine.php(111): Forge\Core::startup()
#11 C:\wamp\www\tpad\public\index.php(18): require_once('C:\\wamp\\www\\tpa...')
#12 {main}

[13-Oct-2014 12:14:03+0100] #270677 System->Undefined variable: customer_id->#0 C:\wamp\www\tpad\app\models\callgroupmodel.php(123): {closure}(8, 'Undefined varia...', 'C:\\wamp\\www\\tpa...', 123, Array)
#1 C:\wamp\www\tpad\app\controllers\pbxmanagement.php(91): CallgroupModel->delete(Array)
#2 [internal function]: Pbxmanagement::delete_callgroup()
#3 C:\wamp\www\tpad\app\controllers\main.php(14): call_user_func('\\pbxmanagement:...')
#4 C:\wamp\www\tpad\app\controllers\main.php(30): Main::call(Array)
#5 C:\wamp\www\tpad\app\routes.php(5): Main::show(Array)
#6 [internal function]: Forge\Core::{closure}(Array)
#7 C:\wamp\www\tpad\forge\router.php(153): call_user_func(Object(Closure), Array)
#8 C:\wamp\www\tpad\forge\router.php(233): Forge\Router::route_page('~^([^/]+)/([^/]...', Array)
#9 C:\wamp\www\tpad\forge\core.php(100): Forge\Router::call()
#10 C:\wamp\www\tpad\engine.php(111): Forge\Core::startup()
#11 C:\wamp\www\tpad\public\index.php(18): require_once('C:\\wamp\\www\\tpa...')
#12 {main}

[13-Oct-2014 12:41:32+0100] #227055 System->The use statement with non-compound name 'Exception' has no effect->#0 C:\wamp\www\tpad\forge\autoload.php(58): {closure}(2, 'The use stateme...', 'C:\\wamp\\www\\tpa...', 3, Array)
#1 C:\wamp\www\tpad\forge\autoload.php(58): Forge\Autoload::load()
#2 [internal function]: Forge\Autoload::load('CallgroupModel')
#3 C:\wamp\www\tpad\app\controllers\pbxmanagement.php(72): spl_autoload_call('CallgroupModel')
#4 [internal function]: Pbxmanagement::save_callgroup()
#5 C:\wamp\www\tpad\app\controllers\main.php(14): call_user_func('\\pbxmanagement:...')
#6 C:\wamp\www\tpad\app\controllers\main.php(30): Main::call(Array)
#7 C:\wamp\www\tpad\app\routes.php(5): Main::show(Array)
#8 [internal function]: Forge\Core::{closure}(Array)
#9 C:\wamp\www\tpad\forge\router.php(153): call_user_func(Object(Closure), Array)
#10 C:\wamp\www\tpad\forge\router.php(233): Forge\Router::route_page('~^([^/]+)/([^/]...', Array)
#11 C:\wamp\www\tpad\forge\core.php(100): Forge\Router::call()
#12 C:\wamp\www\tpad\engine.php(111): Forge\Core::startup()
#13 C:\wamp\www\tpad\public\index.php(18): require_once('C:\\wamp\\www\\tpa...')
#14 {main}

[13-Oct-2014 12:41:43+0100] #288032 System->The use statement with non-compound name 'Exception' has no effect->#0 C:\wamp\www\tpad\forge\autoload.php(58): {closure}(2, 'The use stateme...', 'C:\\wamp\\www\\tpa...', 3, Array)
#1 C:\wamp\www\tpad\forge\autoload.php(58): Forge\Autoload::load()
#2 [internal function]: Forge\Autoload::load('CallgroupModel')
#3 C:\wamp\www\tpad\app\controllers\pbxmanagement.php(72): spl_autoload_call('CallgroupModel')
#4 [internal function]: Pbxmanagement::save_callgroup()
#5 C:\wamp\www\tpad\app\controllers\main.php(14): call_user_func('\\pbxmanagement:...')
#6 C:\wamp\www\tpad\app\controllers\main.php(30): Main::call(Array)
#7 C:\wamp\www\tpad\app\routes.php(5): Main::show(Array)
#8 [internal function]: Forge\Core::{closure}(Array)
#9 C:\wamp\www\tpad\forge\router.php(153): call_user_func(Object(Closure), Array)
#10 C:\wamp\www\tpad\forge\router.php(233): Forge\Router::route_page('~^([^/]+)/([^/]...', Array)
#11 C:\wamp\www\tpad\forge\core.php(100): Forge\Router::call()
#12 C:\wamp\www\tpad\engine.php(111): Forge\Core::startup()
#13 C:\wamp\www\tpad\public\index.php(18): require_once('C:\\wamp\\www\\tpa...')
#14 {main}

[13-Oct-2014 12:41:43+0100] #293733 System->The use statement with non-compound name 'Exception' has no effect->#0 C:\wamp\www\tpad\forge\autoload.php(58): {closure}(2, 'The use stateme...', 'C:\\wamp\\www\\tpa...', 3, Array)
#1 C:\wamp\www\tpad\forge\autoload.php(58): Forge\Autoload::load()
#2 [internal function]: Forge\Autoload::load('CallgroupModel')
#3 C:\wamp\www\tpad\app\controllers\pbxmanagement.php(48): spl_autoload_call('CallgroupModel')
#4 [internal function]: Pbxmanagement::callgroup_list()
#5 C:\wamp\www\tpad\app\controllers\main.php(14): call_user_func('\\pbxmanagement:...')
#6 C:\wamp\www\tpad\app\controllers\main.php(30): Main::call(Array)
#7 C:\wamp\www\tpad\app\routes.php(5): Main::show(Array)
#8 [internal function]: Forge\Core::{closure}(Array)
#9 C:\wamp\www\tpad\forge\router.php(153): call_user_func(Object(Closure), Array)
#10 C:\wamp\www\tpad\forge\router.php(233): Forge\Router::route_page('~^([^/]+)/([^/]...', Array)
#11 C:\wamp\www\tpad\forge\core.php(100): Forge\Router::call()
#12 C:\wamp\www\tpad\engine.php(111): Forge\Core::startup()
#13 C:\wamp\www\tpad\public\index.php(18): require_once('C:\\wamp\\www\\tpa...')
#14 {main}

[13-Oct-2014 12:41:52+0100] #204788 System->The use statement with non-compound name 'Exception' has no effect->#0 C:\wamp\www\tpad\forge\autoload.php(58): {closure}(2, 'The use stateme...', 'C:\\wamp\\www\\tpa...', 3, Array)
#1 C:\wamp\www\tpad\forge\autoload.php(58): Forge\Autoload::load()
#2 [internal function]: Forge\Autoload::load('CallgroupModel')
#3 C:\wamp\www\tpad\app\controllers\pbxmanagement.php(72): spl_autoload_call('CallgroupModel')
#4 [internal function]: Pbxmanagement::save_callgroup()
#5 C:\wamp\www\tpad\app\controllers\main.php(14): call_user_func('\\pbxmanagement:...')
#6 C:\wamp\www\tpad\app\controllers\main.php(30): Main::call(Array)
#7 C:\wamp\www\tpad\app\routes.php(5): Main::show(Array)
#8 [internal function]: Forge\Core::{closure}(Array)
#9 C:\wamp\www\tpad\forge\router.php(153): call_user_func(Object(Closure), Array)
#10 C:\wamp\www\tpad\forge\router.php(233): Forge\Router::route_page('~^([^/]+)/([^/]...', Array)
#11 C:\wamp\www\tpad\forge\core.php(100): Forge\Router::call()
#12 C:\wamp\www\tpad\engine.php(111): Forge\Core::startup()
#13 C:\wamp\www\tpad\public\index.php(18): require_once('C:\\wamp\\www\\tpa...')
#14 {main}

[13-Oct-2014 12:49:50+0100] #216301 System->Argument 2 passed to Exception\Validation::__construct() must be an instance of Forge\Validator, none given, called in C:\wamp\www\tpad\app\models\callgroupmodel.php on line 96 and defined->#0 C:\wamp\www\tpad\app\libraries\exception\validation.php(14): {closure}(4096, 'Argument 2 pass...', 'C:\\wamp\\www\\tpa...', 14, Array)
#1 C:\wamp\www\tpad\app\models\callgroupmodel.php(96): Exception\Validation->__construct(Array)
#2 C:\wamp\www\tpad\app\controllers\pbxmanagement.php(82): CallgroupModel->create(Array)
#3 [internal function]: Pbxmanagement::save_callgroup()
#4 C:\wamp\www\tpad\app\controllers\main.php(14): call_user_func('\\pbxmanagement:...')
#5 C:\wamp\www\tpad\app\controllers\main.php(30): Main::call(Array)
#6 C:\wamp\www\tpad\app\routes.php(5): Main::show(Array)
#7 [internal function]: Forge\Core::{closure}(Array)
#8 C:\wamp\www\tpad\forge\router.php(153): call_user_func(Object(Closure), Array)
#9 C:\wamp\www\tpad\forge\router.php(233): Forge\Router::route_page('~^([^/]+)/([^/]...', Array)
#10 C:\wamp\www\tpad\forge\core.php(100): Forge\Router::call()
#11 C:\wamp\www\tpad\engine.php(111): Forge\Core::startup()
#12 C:\wamp\www\tpad\public\index.php(18): require_once('C:\\wamp\\www\\tpa...')
#13 {main}

[13-Oct-2014 12:49:57+0100] #284552 System->Argument 2 passed to Exception\Validation::__construct() must be an instance of Forge\Validator, none given, called in C:\wamp\www\tpad\app\models\callgroupmodel.php on line 96 and defined->#0 C:\wamp\www\tpad\app\libraries\exception\validation.php(14): {closure}(4096, 'Argument 2 pass...', 'C:\\wamp\\www\\tpa...', 14, Array)
#1 C:\wamp\www\tpad\app\models\callgroupmodel.php(96): Exception\Validation->__construct(Array)
#2 C:\wamp\www\tpad\app\controllers\pbxmanagement.php(82): CallgroupModel->create(Array)
#3 [internal function]: Pbxmanagement::save_callgroup()
#4 C:\wamp\www\tpad\app\controllers\main.php(14): call_user_func('\\pbxmanagement:...')
#5 C:\wamp\www\tpad\app\controllers\main.php(30): Main::call(Array)
#6 C:\wamp\www\tpad\app\routes.php(5): Main::show(Array)
#7 [internal function]: Forge\Core::{closure}(Array)
#8 C:\wamp\www\tpad\forge\router.php(153): call_user_func(Object(Closure), Array)
#9 C:\wamp\www\tpad\forge\router.php(233): Forge\Router::route_page('~^([^/]+)/([^/]...', Array)
#10 C:\wamp\www\tpad\forge\core.php(100): Forge\Router::call()
#11 C:\wamp\www\tpad\engine.php(111): Forge\Core::startup()
#12 C:\wamp\www\tpad\public\index.php(18): require_once('C:\\wamp\\www\\tpa...')
#13 {main}

[13-Oct-2014 12:50:56+0100] #255946 System->Array to string conversion->#0 C:\wamp\www\tpad\app\libraries\exception\validation.php(22): {closure}(8, 'Array to string...', 'C:\\wamp\\www\\tpa...', 22, Array)
#1 C:\wamp\www\tpad\app\models\callgroupmodel.php(96): Exception\Validation->__construct(Array, Object(Forge\Validator))
#2 C:\wamp\www\tpad\app\controllers\pbxmanagement.php(82): CallgroupModel->create(Array)
#3 [internal function]: Pbxmanagement::save_callgroup()
#4 C:\wamp\www\tpad\app\controllers\main.php(14): call_user_func('\\pbxmanagement:...')
#5 C:\wamp\www\tpad\app\controllers\main.php(30): Main::call(Array)
#6 C:\wamp\www\tpad\app\routes.php(5): Main::show(Array)
#7 [internal function]: Forge\Core::{closure}(Array)
#8 C:\wamp\www\tpad\forge\router.php(153): call_user_func(Object(Closure), Array)
#9 C:\wamp\www\tpad\forge\router.php(233): Forge\Router::route_page('~^([^/]+)/([^/]...', Array)
#10 C:\wamp\www\tpad\forge\core.php(100): Forge\Router::call()
#11 C:\wamp\www\tpad\engine.php(111): Forge\Core::startup()
#12 C:\wamp\www\tpad\public\index.php(18): require_once('C:\\wamp\\www\\tpa...')
#13 {main}

[13-Oct-2014 12:51:02+0100] #226885 System->Array to string conversion->#0 C:\wamp\www\tpad\app\libraries\exception\validation.php(22): {closure}(8, 'Array to string...', 'C:\\wamp\\www\\tpa...', 22, Array)
#1 C:\wamp\www\tpad\app\models\callgroupmodel.php(96): Exception\Validation->__construct(Array, Object(Forge\Validator))
#2 C:\wamp\www\tpad\app\controllers\pbxmanagement.php(82): CallgroupModel->create(Array)
#3 [internal function]: Pbxmanagement::save_callgroup()
#4 C:\wamp\www\tpad\app\controllers\main.php(14): call_user_func('\\pbxmanagement:...')
#5 C:\wamp\www\tpad\app\controllers\main.php(30): Main::call(Array)
#6 C:\wamp\www\tpad\app\routes.php(5): Main::show(Array)
#7 [internal function]: Forge\Core::{closure}(Array)
#8 C:\wamp\www\tpad\forge\router.php(153): call_user_func(Object(Closure), Array)
#9 C:\wamp\www\tpad\forge\router.php(233): Forge\Router::route_page('~^([^/]+)/([^/]...', Array)
#10 C:\wamp\www\tpad\forge\core.php(100): Forge\Router::call()
#11 C:\wamp\www\tpad\engine.php(111): Forge\Core::startup()
#12 C:\wamp\www\tpad\public\index.php(18): require_once('C:\\wamp\\www\\tpa...')
#13 {main}

[13-Oct-2014 12:52:57+0100] #283361 System->Array to string conversion->#0 C:\wamp\www\tpad\app\libraries\exception\validation.php(22): {closure}(8, 'Array to string...', 'C:\\wamp\\www\\tpa...', 22, Array)
#1 C:\wamp\www\tpad\app\models\callgroupmodel.php(96): Exception\Validation->__construct(Array, Object(Forge\Validator))
#2 C:\wamp\www\tpad\app\controllers\pbxmanagement.php(82): CallgroupModel->create(Array)
#3 [internal function]: Pbxmanagement::save_callgroup()
#4 C:\wamp\www\tpad\app\controllers\main.php(14): call_user_func('\\pbxmanagement:...')
#5 C:\wamp\www\tpad\app\controllers\main.php(30): Main::call(Array)
#6 C:\wamp\www\tpad\app\routes.php(5): Main::show(Array)
#7 [internal function]: Forge\Core::{closure}(Array)
#8 C:\wamp\www\tpad\forge\router.php(153): call_user_func(Object(Closure), Array)
#9 C:\wamp\www\tpad\forge\router.php(233): Forge\Router::route_page('~^([^/]+)/([^/]...', Array)
#10 C:\wamp\www\tpad\forge\core.php(100): Forge\Router::call()
#11 C:\wamp\www\tpad\engine.php(111): Forge\Core::startup()
#12 C:\wamp\www\tpad\public\index.php(18): require_once('C:\\wamp\\www\\tpa...')
#13 {main}

[13-Oct-2014 12:54:05+0100] #285818 System->Failed validation (The code attribute is a required field)->#0 C:\wamp\www\tpad\app\controllers\pbxmanagement.php(82): CallgroupModel->create(Array)
#1 [internal function]: Pbxmanagement::save_callgroup()
#2 C:\wamp\www\tpad\app\controllers\main.php(14): call_user_func('\\pbxmanagement:...')
#3 C:\wamp\www\tpad\app\controllers\main.php(30): Main::call(Array)
#4 C:\wamp\www\tpad\app\routes.php(5): Main::show(Array)
#5 [internal function]: Forge\Core::{closure}(Array)
#6 C:\wamp\www\tpad\forge\router.php(153): call_user_func(Object(Closure), Array)
#7 C:\wamp\www\tpad\forge\router.php(233): Forge\Router::route_page('~^([^/]+)/([^/]...', Array)
#8 C:\wamp\www\tpad\forge\core.php(100): Forge\Router::call()
#9 C:\wamp\www\tpad\engine.php(111): Forge\Core::startup()
#10 C:\wamp\www\tpad\public\index.php(18): require_once('C:\\wamp\\www\\tpa...')
#11 {main}

[13-Oct-2014 12:54:11+0100] #235155 System->Failed validation (The code attribute is a required field)->#0 C:\wamp\www\tpad\app\controllers\pbxmanagement.php(82): CallgroupModel->create(Array)
#1 [internal function]: Pbxmanagement::save_callgroup()
#2 C:\wamp\www\tpad\app\controllers\main.php(14): call_user_func('\\pbxmanagement:...')
#3 C:\wamp\www\tpad\app\controllers\main.php(30): Main::call(Array)
#4 C:\wamp\www\tpad\app\routes.php(5): Main::show(Array)
#5 [internal function]: Forge\Core::{closure}(Array)
#6 C:\wamp\www\tpad\forge\router.php(153): call_user_func(Object(Closure), Array)
#7 C:\wamp\www\tpad\forge\router.php(233): Forge\Router::route_page('~^([^/]+)/([^/]...', Array)
#8 C:\wamp\www\tpad\forge\core.php(100): Forge\Router::call()
#9 C:\wamp\www\tpad\engine.php(111): Forge\Core::startup()
#10 C:\wamp\www\tpad\public\index.php(18): require_once('C:\\wamp\\www\\tpa...')
#11 {main}

[13-Oct-2014 13:01:46+0100] #299417 System->Undefined property: CallgroupModel::$validation->#0 C:\wamp\www\tpad\app\models\callgroupmodel.php(96): {closure}(8, 'Undefined prope...', 'C:\\wamp\\www\\tpa...', 96, Array)
#1 C:\wamp\www\tpad\app\controllers\pbxmanagement.php(82): CallgroupModel->create(Array)
#2 [internal function]: Pbxmanagement::save_callgroup()
#3 C:\wamp\www\tpad\app\controllers\main.php(14): call_user_func('\\pbxmanagement:...')
#4 C:\wamp\www\tpad\app\controllers\main.php(30): Main::call(Array)
#5 C:\wamp\www\tpad\app\routes.php(5): Main::show(Array)
#6 [internal function]: Forge\Core::{closure}(Array)
#7 C:\wamp\www\tpad\forge\router.php(153): call_user_func(Object(Closure), Array)
#8 C:\wamp\www\tpad\forge\router.php(233): Forge\Router::route_page('~^([^/]+)/([^/]...', Array)
#9 C:\wamp\www\tpad\forge\core.php(100): Forge\Router::call()
#10 C:\wamp\www\tpad\engine.php(111): Forge\Core::startup()
#11 C:\wamp\www\tpad\public\index.php(18): require_once('C:\\wamp\\www\\tpa...')
#12 {main}

[13-Oct-2014 13:01:56+0100] #278383 System->Undefined property: CallgroupModel::$validation->#0 C:\wamp\www\tpad\app\models\callgroupmodel.php(96): {closure}(8, 'Undefined prope...', 'C:\\wamp\\www\\tpa...', 96, Array)
#1 C:\wamp\www\tpad\app\controllers\pbxmanagement.php(82): CallgroupModel->create(Array)
#2 [internal function]: Pbxmanagement::save_callgroup()
#3 C:\wamp\www\tpad\app\controllers\main.php(14): call_user_func('\\pbxmanagement:...')
#4 C:\wamp\www\tpad\app\controllers\main.php(30): Main::call(Array)
#5 C:\wamp\www\tpad\app\routes.php(5): Main::show(Array)
#6 [internal function]: Forge\Core::{closure}(Array)
#7 C:\wamp\www\tpad\forge\router.php(153): call_user_func(Object(Closure), Array)
#8 C:\wamp\www\tpad\forge\router.php(233): Forge\Router::route_page('~^([^/]+)/([^/]...', Array)
#9 C:\wamp\www\tpad\forge\core.php(100): Forge\Router::call()
#10 C:\wamp\www\tpad\engine.php(111): Forge\Core::startup()
#11 C:\wamp\www\tpad\public\index.php(18): require_once('C:\\wamp\\www\\tpa...')
#12 {main}

[13-Oct-2014 13:02:15+0100] #280910 System->Undefined variable: validation->#0 C:\wamp\www\tpad\app\models\callgroupmodel.php(96): {closure}(8, 'Undefined varia...', 'C:\\wamp\\www\\tpa...', 96, Array)
#1 C:\wamp\www\tpad\app\controllers\pbxmanagement.php(82): CallgroupModel->create(Array)
#2 [internal function]: Pbxmanagement::save_callgroup()
#3 C:\wamp\www\tpad\app\controllers\main.php(14): call_user_func('\\pbxmanagement:...')
#4 C:\wamp\www\tpad\app\controllers\main.php(30): Main::call(Array)
#5 C:\wamp\www\tpad\app\routes.php(5): Main::show(Array)
#6 [internal function]: Forge\Core::{closure}(Array)
#7 C:\wamp\www\tpad\forge\router.php(153): call_user_func(Object(Closure), Array)
#8 C:\wamp\www\tpad\forge\router.php(233): Forge\Router::route_page('~^([^/]+)/([^/]...', Array)
#9 C:\wamp\www\tpad\forge\core.php(100): Forge\Router::call()
#10 C:\wamp\www\tpad\engine.php(111): Forge\Core::startup()
#11 C:\wamp\www\tpad\public\index.php(18): require_once('C:\\wamp\\www\\tpa...')
#12 {main}

[13-Oct-2014 13:02:21+0100] #234248 System->Undefined variable: validation->#0 C:\wamp\www\tpad\app\models\callgroupmodel.php(96): {closure}(8, 'Undefined varia...', 'C:\\wamp\\www\\tpa...', 96, Array)
#1 C:\wamp\www\tpad\app\controllers\pbxmanagement.php(82): CallgroupModel->create(Array)
#2 [internal function]: Pbxmanagement::save_callgroup()
#3 C:\wamp\www\tpad\app\controllers\main.php(14): call_user_func('\\pbxmanagement:...')
#4 C:\wamp\www\tpad\app\controllers\main.php(30): Main::call(Array)
#5 C:\wamp\www\tpad\app\routes.php(5): Main::show(Array)
#6 [internal function]: Forge\Core::{closure}(Array)
#7 C:\wamp\www\tpad\forge\router.php(153): call_user_func(Object(Closure), Array)
#8 C:\wamp\www\tpad\forge\router.php(233): Forge\Router::route_page('~^([^/]+)/([^/]...', Array)
#9 C:\wamp\www\tpad\forge\core.php(100): Forge\Router::call()
#10 C:\wamp\www\tpad\engine.php(111): Forge\Core::startup()
#11 C:\wamp\www\tpad\public\index.php(18): require_once('C:\\wamp\\www\\tpa...')
#12 {main}

[13-Oct-2014 13:10:59+0100] #264431 System->Undefined variable: logging->#0 C:\wamp\www\tpad\app\init.php(65): {closure}(8, 'Undefined varia...', 'C:\\wamp\\www\\tpa...', 65, Array)
#1 C:\wamp\www\tpad\forge\core.php(85): require_once('C:\\wamp\\www\\tpa...')
#2 C:\wamp\www\tpad\engine.php(111): Forge\Core::startup()
#3 C:\wamp\www\tpad\public\index.php(18): require_once('C:\\wamp\\www\\tpa...')
#4 {main}

[13-Oct-2014 13:15:34+0100] #278479 System-><strong>code:</strong> The code attribute is a required field<br/><strong>description:</strong> The description attribute is a required field<br/><strong>name:</strong> The name attribute is a required field<br/>->#0 C:\wamp\www\tpad\app\controllers\pbxmanagement.php(82): CallgroupModel->create(Array)
#1 [internal function]: Pbxmanagement::save_callgroup()
#2 C:\wamp\www\tpad\app\controllers\main.php(14): call_user_func('\\pbxmanagement:...')
#3 C:\wamp\www\tpad\app\controllers\main.php(30): Main::call(Array)
#4 C:\wamp\www\tpad\app\routes.php(5): Main::show(Array)
#5 [internal function]: Forge\Core::{closure}(Array)
#6 C:\wamp\www\tpad\forge\router.php(153): call_user_func(Object(Closure), Array)
#7 C:\wamp\www\tpad\forge\router.php(233): Forge\Router::route_page('~^([^/]+)/([^/]...', Array)
#8 C:\wamp\www\tpad\forge\core.php(100): Forge\Router::call()
#9 C:\wamp\www\tpad\engine.php(111): Forge\Core::startup()
#10 C:\wamp\www\tpad\public\index.php(18): require_once('C:\\wamp\\www\\tpa...')
#11 {main}

[13-Oct-2014 13:15:50+0100] #265986 System-><strong>code:</strong> The code attribute is a required field<br/><strong>description:</strong> The description attribute is a required field<br/><strong>name:</strong> The name attribute is a required field<br/>->#0 C:\wamp\www\tpad\app\controllers\pbxmanagement.php(82): CallgroupModel->create(Array)
#1 [internal function]: Pbxmanagement::save_callgroup()
#2 C:\wamp\www\tpad\app\controllers\main.php(14): call_user_func('\\pbxmanagement:...')
#3 C:\wamp\www\tpad\app\controllers\main.php(30): Main::call(Array)
#4 C:\wamp\www\tpad\app\routes.php(5): Main::show(Array)
#5 [internal function]: Forge\Core::{closure}(Array)
#6 C:\wamp\www\tpad\forge\router.php(153): call_user_func(Object(Closure), Array)
#7 C:\wamp\www\tpad\forge\router.php(233): Forge\Router::route_page('~^([^/]+)/([^/]...', Array)
#8 C:\wamp\www\tpad\forge\core.php(100): Forge\Router::call()
#9 C:\wamp\www\tpad\engine.php(111): Forge\Core::startup()
#10 C:\wamp\www\tpad\public\index.php(18): require_once('C:\\wamp\\www\\tpa...')
#11 {main}

[13-Oct-2014 13:19:43+0100] #269352 System-><strong>code:</strong> The code attribute is a required field<br/><strong>description:</strong> The description attribute is a required field<br/><strong>name:</strong> The name attribute is a required field<br/>->#0 C:\wamp\www\tpad\app\controllers\pbxmanagement.php(82): CallgroupModel->create(Array)
#1 [internal function]: Pbxmanagement::save_callgroup()
#2 C:\wamp\www\tpad\app\controllers\main.php(14): call_user_func('\\pbxmanagement:...')
#3 C:\wamp\www\tpad\app\controllers\main.php(30): Main::call(Array)
#4 C:\wamp\www\tpad\app\routes.php(5): Main::show(Array)
#5 [internal function]: Forge\Core::{closure}(Array)
#6 C:\wamp\www\tpad\forge\router.php(153): call_user_func(Object(Closure), Array)
#7 C:\wamp\www\tpad\forge\router.php(233): Forge\Router::route_page('~^([^/]+)/([^/]...', Array)
#8 C:\wamp\www\tpad\forge\core.php(100): Forge\Router::call()
#9 C:\wamp\www\tpad\engine.php(111): Forge\Core::startup()
#10 C:\wamp\www\tpad\public\index.php(18): require_once('C:\\wamp\\www\\tpa...')
#11 {main}

[13-Oct-2014 13:21:36+0100] #296913 System->code:The code attribute is a required field<br/>description:The description attribute is a required field<br/>name:The name attribute is a required field<br/>->#0 C:\wamp\www\tpad\app\controllers\pbxmanagement.php(82): CallgroupModel->create(Array)
#1 [internal function]: Pbxmanagement::save_callgroup()
#2 C:\wamp\www\tpad\app\controllers\main.php(14): call_user_func('\\pbxmanagement:...')
#3 C:\wamp\www\tpad\app\controllers\main.php(30): Main::call(Array)
#4 C:\wamp\www\tpad\app\routes.php(5): Main::show(Array)
#5 [internal function]: Forge\Core::{closure}(Array)
#6 C:\wamp\www\tpad\forge\router.php(153): call_user_func(Object(Closure), Array)
#7 C:\wamp\www\tpad\forge\router.php(233): Forge\Router::route_page('~^([^/]+)/([^/]...', Array)
#8 C:\wamp\www\tpad\forge\core.php(100): Forge\Router::call()
#9 C:\wamp\www\tpad\engine.php(111): Forge\Core::startup()
#10 C:\wamp\www\tpad\public\index.php(18): require_once('C:\\wamp\\www\\tpa...')
#11 {main}

[13-Oct-2014 13:24:02+0100] #237690 System->code: The code attribute is a required field
description: The description attribute is a required field
name: The name attribute is a required field
->#0 C:\wamp\www\tpad\app\controllers\pbxmanagement.php(82): CallgroupModel->create(Array)
#1 [internal function]: Pbxmanagement::save_callgroup()
#2 C:\wamp\www\tpad\app\controllers\main.php(14): call_user_func('\\pbxmanagement:...')
#3 C:\wamp\www\tpad\app\controllers\main.php(30): Main::call(Array)
#4 C:\wamp\www\tpad\app\routes.php(5): Main::show(Array)
#5 [internal function]: Forge\Core::{closure}(Array)
#6 C:\wamp\www\tpad\forge\router.php(153): call_user_func(Object(Closure), Array)
#7 C:\wamp\www\tpad\forge\router.php(233): Forge\Router::route_page('~^([^/]+)/([^/]...', Array)
#8 C:\wamp\www\tpad\forge\core.php(100): Forge\Router::call()
#9 C:\wamp\www\tpad\engine.php(111): Forge\Core::startup()
#10 C:\wamp\www\tpad\public\index.php(18): require_once('C:\\wamp\\www\\tpa...')
#11 {main}

[13-Oct-2014 13:30:08+0100] #217849 System->code: The code attribute is a required field
description: The description attribute is a required field
name: The name attribute is a required field
->#0 C:\wamp\www\tpad\app\controllers\pbxmanagement.php(82): CallgroupModel->create(Array)
#1 [internal function]: Pbxmanagement::save_callgroup()
#2 C:\wamp\www\tpad\app\controllers\main.php(14): call_user_func('\\pbxmanagement:...')
#3 C:\wamp\www\tpad\app\controllers\main.php(30): Main::call(Array)
#4 C:\wamp\www\tpad\app\routes.php(5): Main::show(Array)
#5 [internal function]: Forge\Core::{closure}(Array)
#6 C:\wamp\www\tpad\forge\router.php(153): call_user_func(Object(Closure), Array)
#7 C:\wamp\www\tpad\forge\router.php(233): Forge\Router::route_page('~^([^/]+)/([^/]...', Array)
#8 C:\wamp\www\tpad\forge\core.php(100): Forge\Router::call()
#9 C:\wamp\www\tpad\engine.php(111): Forge\Core::startup()
#10 C:\wamp\www\tpad\public\index.php(18): require_once('C:\\wamp\\www\\tpa...')
#11 {main}

[13-Oct-2014 13:30:11+0100] #292873 System->code: The code attribute is a required field
description: The description attribute is a required field
name: The name attribute is a required field
->#0 C:\wamp\www\tpad\app\controllers\pbxmanagement.php(82): CallgroupModel->create(Array)
#1 [internal function]: Pbxmanagement::save_callgroup()
#2 C:\wamp\www\tpad\app\controllers\main.php(14): call_user_func('\\pbxmanagement:...')
#3 C:\wamp\www\tpad\app\controllers\main.php(30): Main::call(Array)
#4 C:\wamp\www\tpad\app\routes.php(5): Main::show(Array)
#5 [internal function]: Forge\Core::{closure}(Array)
#6 C:\wamp\www\tpad\forge\router.php(153): call_user_func(Object(Closure), Array)
#7 C:\wamp\www\tpad\forge\router.php(233): Forge\Router::route_page('~^([^/]+)/([^/]...', Array)
#8 C:\wamp\www\tpad\forge\core.php(100): Forge\Router::call()
#9 C:\wamp\www\tpad\engine.php(111): Forge\Core::startup()
#10 C:\wamp\www\tpad\public\index.php(18): require_once('C:\\wamp\\www\\tpa...')
#11 {main}

[13-Oct-2014 13:58:50+0100] #237621 System->call_user_func() expects parameter 1 to be a valid callback, class '\img' not found->#0 [internal function]: {closure}(2, 'call_user_func(...', 'C:\\wamp\\www\\tpa...', 14, Array)
#1 C:\wamp\www\tpad\app\controllers\main.php(14): call_user_func('\\img::favicon.i...')
#2 C:\wamp\www\tpad\app\controllers\main.php(30): Main::call(Array)
#3 C:\wamp\www\tpad\app\routes.php(5): Main::show(Array)
#4 [internal function]: Forge\Core::{closure}(Array)
#5 C:\wamp\www\tpad\forge\router.php(153): call_user_func(Object(Closure), Array)
#6 C:\wamp\www\tpad\forge\router.php(233): Forge\Router::route_page('~^([^/]+)/([^/]...', Array)
#7 C:\wamp\www\tpad\forge\core.php(100): Forge\Router::call()
#8 C:\wamp\www\tpad\engine.php(111): Forge\Core::startup()
#9 C:\wamp\www\tpad\public\index.php(18): require_once('C:\\wamp\\www\\tpa...')
#10 {main}

[13-Oct-2014 13:59:58+0100] #226277 System->call_user_func() expects parameter 1 to be a valid callback, class '\img' not found->#0 [internal function]: {closure}(2, 'call_user_func(...', 'C:\\wamp\\www\\tpa...', 14, Array)
#1 C:\wamp\www\tpad\app\controllers\main.php(14): call_user_func('\\img::favicon.i...')
#2 C:\wamp\www\tpad\app\controllers\main.php(30): Main::call(Array)
#3 C:\wamp\www\tpad\app\routes.php(5): Main::show(Array)
#4 [internal function]: Forge\Core::{closure}(Array)
#5 C:\wamp\www\tpad\forge\router.php(153): call_user_func(Object(Closure), Array)
#6 C:\wamp\www\tpad\forge\router.php(233): Forge\Router::route_page('~^([^/]+)/([^/]...', Array)
#7 C:\wamp\www\tpad\forge\core.php(100): Forge\Router::call()
#8 C:\wamp\www\tpad\engine.php(111): Forge\Core::startup()
#9 C:\wamp\www\tpad\public\index.php(18): require_once('C:\\wamp\\www\\tpa...')
#10 {main}

[13-Oct-2014 14:00:53+0100] #261449 System->call_user_func() expects parameter 1 to be a valid callback, class '\img' not found->#0 [internal function]: {closure}(2, 'call_user_func(...', 'C:\\wamp\\www\\tpa...', 14, Array)
#1 C:\wamp\www\tpad\app\controllers\main.php(14): call_user_func('\\img::favicon.i...')
#2 C:\wamp\www\tpad\app\controllers\main.php(30): Main::call(Array)
#3 C:\wamp\www\tpad\app\routes.php(5): Main::show(Array)
#4 [internal function]: Forge\Core::{closure}(Array)
#5 C:\wamp\www\tpad\forge\router.php(153): call_user_func(Object(Closure), Array)
#6 C:\wamp\www\tpad\forge\router.php(233): Forge\Router::route_page('~^([^/]+)/([^/]...', Array)
#7 C:\wamp\www\tpad\forge\core.php(100): Forge\Router::call()
#8 C:\wamp\www\tpad\engine.php(111): Forge\Core::startup()
#9 C:\wamp\www\tpad\public\index.php(18): require_once('C:\\wamp\\www\\tpa...')
#10 {main}

[13-Oct-2014 14:00:54+0100] #210153 System->call_user_func() expects parameter 1 to be a valid callback, class '\img' not found->#0 [internal function]: {closure}(2, 'call_user_func(...', 'C:\\wamp\\www\\tpa...', 14, Array)
#1 C:\wamp\www\tpad\app\controllers\main.php(14): call_user_func('\\img::favicon.i...')
#2 C:\wamp\www\tpad\app\controllers\main.php(30): Main::call(Array)
#3 C:\wamp\www\tpad\app\routes.php(5): Main::show(Array)
#4 [internal function]: Forge\Core::{closure}(Array)
#5 C:\wamp\www\tpad\forge\router.php(153): call_user_func(Object(Closure), Array)
#6 C:\wamp\www\tpad\forge\router.php(233): Forge\Router::route_page('~^([^/]+)/([^/]...', Array)
#7 C:\wamp\www\tpad\forge\core.php(100): Forge\Router::call()
#8 C:\wamp\www\tpad\engine.php(111): Forge\Core::startup()
#9 C:\wamp\www\tpad\public\index.php(18): require_once('C:\\wamp\\www\\tpa...')
#10 {main}

